{"C:\\Users\\arian\\OneDrive\\Documentos\\UCB\\5TO SEMESTRE\\TALLER DE DISEÑO DE SOFTWARE 1\\PROYECTOS-TALLER\\Frontend\\src\\modules\\habitaciones\\HabitacionService.js": {"path":"C:\\Users\\arian\\OneDrive\\Documentos\\UCB\\5TO SEMESTRE\\TALLER DE DISEÑO DE SOFTWARE 1\\PROYECTOS-TALLER\\Frontend\\src\\modules\\habitaciones\\HabitacionService.js","statementMap":{"0":{"start":{"line":3,"column":33},"end":{"line":11,"column":1}},"1":{"start":{"line":5,"column":8},"end":{"line":5,"column":44}},"2":{"start":{"line":9,"column":8},"end":{"line":9,"column":50}}},"fnMap":{"0":{"name":"(anonymous_0)","decl":{"start":{"line":4,"column":25},"end":{"line":4,"column":26}},"loc":{"start":{"line":4,"column":37},"end":{"line":6,"column":5}},"line":4},"1":{"name":"(anonymous_1)","decl":{"start":{"line":8,"column":18},"end":{"line":8,"column":19}},"loc":{"start":{"line":8,"column":30},"end":{"line":10,"column":5}},"line":8}},"branchMap":{},"s":{"0":0,"1":0,"2":0},"f":{"0":0,"1":0},"b":{}}
,"C:\\Users\\arian\\OneDrive\\Documentos\\UCB\\5TO SEMESTRE\\TALLER DE DISEÑO DE SOFTWARE 1\\PROYECTOS-TALLER\\Frontend\\src\\modules\\habitaciones\\habitaciones.js": {"path":"C:\\Users\\arian\\OneDrive\\Documentos\\UCB\\5TO SEMESTRE\\TALLER DE DISEÑO DE SOFTWARE 1\\PROYECTOS-TALLER\\Frontend\\src\\modules\\habitaciones\\habitaciones.js","statementMap":{"0":{"start":{"line":3,"column":27},"end":{"line":3,"column":29}},"1":{"start":{"line":4,"column":20},"end":{"line":4,"column":22}},"2":{"start":{"line":7,"column":22},"end":{"line":7,"column":65}},"3":{"start":{"line":8,"column":24},"end":{"line":8,"column":60}},"4":{"start":{"line":9,"column":30},"end":{"line":9,"column":75}},"5":{"start":{"line":10,"column":23},"end":{"line":10,"column":61}},"6":{"start":{"line":12,"column":25},"end":{"line":12,"column":65}},"7":{"start":{"line":13,"column":23},"end":{"line":13,"column":61}},"8":{"start":{"line":15,"column":26},"end":{"line":15,"column":76}},"9":{"start":{"line":16,"column":28},"end":{"line":16,"column":71}},"10":{"start":{"line":18,"column":24},"end":{"line":18,"column":83}},"11":{"start":{"line":19,"column":25},"end":{"line":19,"column":78}},"12":{"start":{"line":20,"column":29},"end":{"line":20,"column":81}},"13":{"start":{"line":22,"column":27},"end":{"line":34,"column":5}},"14":{"start":{"line":23,"column":8},"end":{"line":33,"column":9}},"15":{"start":{"line":24,"column":12},"end":{"line":24,"column":67}},"16":{"start":{"line":25,"column":12},"end":{"line":25,"column":72}},"17":{"start":{"line":26,"column":12},"end":{"line":26,"column":74}},"18":{"start":{"line":27,"column":12},"end":{"line":27,"column":70}},"19":{"start":{"line":29,"column":12},"end":{"line":29,"column":69}},"20":{"start":{"line":30,"column":12},"end":{"line":30,"column":70}},"21":{"start":{"line":31,"column":12},"end":{"line":31,"column":67}},"22":{"start":{"line":32,"column":12},"end":{"line":32,"column":77}},"23":{"start":{"line":36,"column":4},"end":{"line":36,"column":68}},"24":{"start":{"line":36,"column":46},"end":{"line":36,"column":66}},"25":{"start":{"line":37,"column":4},"end":{"line":37,"column":71}},"26":{"start":{"line":37,"column":48},"end":{"line":37,"column":69}},"27":{"start":{"line":39,"column":32},"end":{"line":42,"column":5}},"28":{"start":{"line":40,"column":25},"end":{"line":40,"column":62}},"29":{"start":{"line":41,"column":8},"end":{"line":41,"column":57}},"30":{"start":{"line":41,"column":22},"end":{"line":41,"column":57}},"31":{"start":{"line":44,"column":33},"end":{"line":56,"column":5}},"32":{"start":{"line":45,"column":8},"end":{"line":45,"column":38}},"33":{"start":{"line":46,"column":8},"end":{"line":46,"column":37}},"34":{"start":{"line":46,"column":30},"end":{"line":46,"column":37}},"35":{"start":{"line":48,"column":32},"end":{"line":48,"column":128}},"36":{"start":{"line":48,"column":119},"end":{"line":48,"column":127}},"37":{"start":{"line":50,"column":8},"end":{"line":55,"column":11}},"38":{"start":{"line":51,"column":12},"end":{"line":51,"column":27}},"39":{"start":{"line":51,"column":20},"end":{"line":51,"column":27}},"40":{"start":{"line":52,"column":29},"end":{"line":52,"column":61}},"41":{"start":{"line":53,"column":12},"end":{"line":53,"column":71}},"42":{"start":{"line":54,"column":12},"end":{"line":54,"column":47}},"43":{"start":{"line":58,"column":35},"end":{"line":89,"column":5}},"44":{"start":{"line":59,"column":8},"end":{"line":59,"column":39}},"45":{"start":{"line":61,"column":8},"end":{"line":64,"column":9}},"46":{"start":{"line":62,"column":12},"end":{"line":62,"column":92}},"47":{"start":{"line":63,"column":12},"end":{"line":63,"column":19}},"48":{"start":{"line":66,"column":8},"end":{"line":88,"column":11}},"49":{"start":{"line":67,"column":28},"end":{"line":67,"column":55}},"50":{"start":{"line":68,"column":28},"end":{"line":68,"column":102}},"51":{"start":{"line":68,"column":52},"end":{"line":68,"column":95}},"52":{"start":{"line":70,"column":33},"end":{"line":70,"column":94}},"53":{"start":{"line":71,"column":12},"end":{"line":71,"column":86}},"54":{"start":{"line":72,"column":12},"end":{"line":72,"column":80}},"55":{"start":{"line":73,"column":12},"end":{"line":73,"column":93}},"56":{"start":{"line":74,"column":12},"end":{"line":74,"column":91}},"57":{"start":{"line":75,"column":12},"end":{"line":75,"column":95}},"58":{"start":{"line":77,"column":32},"end":{"line":77,"column":74}},"59":{"start":{"line":78,"column":12},"end":{"line":82,"column":13}},"60":{"start":{"line":79,"column":37},"end":{"line":79,"column":54}},"61":{"start":{"line":80,"column":16},"end":{"line":80,"column":55}},"62":{"start":{"line":81,"column":16},"end":{"line":81,"column":102}},"63":{"start":{"line":84,"column":35},"end":{"line":84,"column":81}},"64":{"start":{"line":85,"column":12},"end":{"line":85,"column":89}},"65":{"start":{"line":85,"column":32},"end":{"line":85,"column":89}},"66":{"start":{"line":87,"column":12},"end":{"line":87,"column":47}},"67":{"start":{"line":91,"column":28},"end":{"line":112,"column":5}},"68":{"start":{"line":92,"column":8},"end":{"line":92,"column":41}},"69":{"start":{"line":94,"column":8},"end":{"line":111,"column":11}},"70":{"start":{"line":95,"column":28},"end":{"line":95,"column":56}},"71":{"start":{"line":97,"column":35},"end":{"line":97,"column":113}},"72":{"start":{"line":97,"column":68},"end":{"line":97,"column":112}},"73":{"start":{"line":98,"column":32},"end":{"line":98,"column":106}},"74":{"start":{"line":98,"column":59},"end":{"line":98,"column":98}},"75":{"start":{"line":99,"column":30},"end":{"line":99,"column":51}},"76":{"start":{"line":101,"column":12},"end":{"line":101,"column":76}},"77":{"start":{"line":102,"column":12},"end":{"line":102,"column":79}},"78":{"start":{"line":103,"column":12},"end":{"line":103,"column":82}},"79":{"start":{"line":104,"column":12},"end":{"line":104,"column":86}},"80":{"start":{"line":105,"column":12},"end":{"line":105,"column":134}},"81":{"start":{"line":107,"column":35},"end":{"line":107,"column":82}},"82":{"start":{"line":108,"column":12},"end":{"line":108,"column":86}},"83":{"start":{"line":108,"column":32},"end":{"line":108,"column":86}},"84":{"start":{"line":110,"column":12},"end":{"line":110,"column":49}},"85":{"start":{"line":114,"column":32},"end":{"line":118,"column":5}},"86":{"start":{"line":115,"column":8},"end":{"line":115,"column":89}},"87":{"start":{"line":116,"column":8},"end":{"line":116,"column":148}},"88":{"start":{"line":116,"column":100},"end":{"line":116,"column":139}},"89":{"start":{"line":117,"column":8},"end":{"line":117,"column":142}},"90":{"start":{"line":117,"column":97},"end":{"line":117,"column":133}},"91":{"start":{"line":120,"column":26},"end":{"line":128,"column":5}},"92":{"start":{"line":121,"column":8},"end":{"line":121,"column":80}},"93":{"start":{"line":122,"column":8},"end":{"line":127,"column":11}},"94":{"start":{"line":123,"column":27},"end":{"line":123,"column":59}},"95":{"start":{"line":124,"column":12},"end":{"line":124,"column":49}},"96":{"start":{"line":125,"column":12},"end":{"line":125,"column":45}},"97":{"start":{"line":126,"column":12},"end":{"line":126,"column":43}},"98":{"start":{"line":130,"column":27},"end":{"line":144,"column":5}},"99":{"start":{"line":131,"column":29},"end":{"line":131,"column":47}},"100":{"start":{"line":132,"column":27},"end":{"line":132,"column":43}},"101":{"start":{"line":134,"column":24},"end":{"line":134,"column":44}},"102":{"start":{"line":136,"column":8},"end":{"line":138,"column":9}},"103":{"start":{"line":137,"column":12},"end":{"line":137,"column":73}},"104":{"start":{"line":137,"column":46},"end":{"line":137,"column":71}},"105":{"start":{"line":139,"column":8},"end":{"line":141,"column":9}},"106":{"start":{"line":140,"column":12},"end":{"line":140,"column":81}},"107":{"start":{"line":140,"column":46},"end":{"line":140,"column":79}},"108":{"start":{"line":143,"column":8},"end":{"line":143,"column":42}},"109":{"start":{"line":146,"column":4},"end":{"line":146,"column":60}},"110":{"start":{"line":147,"column":4},"end":{"line":147,"column":58}},"111":{"start":{"line":149,"column":24},"end":{"line":170,"column":5}},"112":{"start":{"line":150,"column":8},"end":{"line":169,"column":9}},"113":{"start":{"line":151,"column":12},"end":{"line":151,"column":70}},"114":{"start":{"line":153,"column":42},"end":{"line":156,"column":14}},"115":{"start":{"line":158,"column":12},"end":{"line":158,"column":44}},"116":{"start":{"line":159,"column":12},"end":{"line":159,"column":38}},"117":{"start":{"line":161,"column":12},"end":{"line":161,"column":34}},"118":{"start":{"line":162,"column":12},"end":{"line":162,"column":28}},"119":{"start":{"line":163,"column":12},"end":{"line":163,"column":57}},"120":{"start":{"line":164,"column":12},"end":{"line":164,"column":30}},"121":{"start":{"line":167,"column":12},"end":{"line":167,"column":66}},"122":{"start":{"line":168,"column":12},"end":{"line":168,"column":88}},"123":{"start":{"line":172,"column":4},"end":{"line":172,"column":24}}},"fnMap":{"0":{"name":"initHabitaciones","decl":{"start":{"line":6,"column":22},"end":{"line":6,"column":38}},"loc":{"start":{"line":6,"column":41},"end":{"line":173,"column":1}},"line":6},"1":{"name":"(anonymous_1)","decl":{"start":{"line":22,"column":27},"end":{"line":22,"column":28}},"loc":{"start":{"line":22,"column":52},"end":{"line":34,"column":5}},"line":22},"2":{"name":"(anonymous_2)","decl":{"start":{"line":36,"column":40},"end":{"line":36,"column":41}},"loc":{"start":{"line":36,"column":46},"end":{"line":36,"column":66}},"line":36},"3":{"name":"(anonymous_3)","decl":{"start":{"line":37,"column":42},"end":{"line":37,"column":43}},"loc":{"start":{"line":37,"column":48},"end":{"line":37,"column":69}},"line":37},"4":{"name":"(anonymous_4)","decl":{"start":{"line":39,"column":32},"end":{"line":39,"column":33}},"loc":{"start":{"line":39,"column":68},"end":{"line":42,"column":5}},"line":39},"5":{"name":"(anonymous_5)","decl":{"start":{"line":44,"column":33},"end":{"line":44,"column":34}},"loc":{"start":{"line":44,"column":68},"end":{"line":56,"column":5}},"line":44},"6":{"name":"(anonymous_6)","decl":{"start":{"line":48,"column":114},"end":{"line":48,"column":115}},"loc":{"start":{"line":48,"column":119},"end":{"line":48,"column":127}},"line":48},"7":{"name":"(anonymous_7)","decl":{"start":{"line":50,"column":32},"end":{"line":50,"column":33}},"loc":{"start":{"line":50,"column":38},"end":{"line":55,"column":9}},"line":50},"8":{"name":"(anonymous_8)","decl":{"start":{"line":58,"column":35},"end":{"line":58,"column":36}},"loc":{"start":{"line":58,"column":54},"end":{"line":89,"column":5}},"line":58},"9":{"name":"(anonymous_9)","decl":{"start":{"line":66,"column":30},"end":{"line":66,"column":31}},"loc":{"start":{"line":66,"column":37},"end":{"line":88,"column":9}},"line":66},"10":{"name":"(anonymous_10)","decl":{"start":{"line":68,"column":47},"end":{"line":68,"column":48}},"loc":{"start":{"line":68,"column":52},"end":{"line":68,"column":95}},"line":68},"11":{"name":"(anonymous_11)","decl":{"start":{"line":91,"column":28},"end":{"line":91,"column":29}},"loc":{"start":{"line":91,"column":34},"end":{"line":112,"column":5}},"line":91},"12":{"name":"(anonymous_12)","decl":{"start":{"line":94,"column":30},"end":{"line":94,"column":31}},"loc":{"start":{"line":94,"column":38},"end":{"line":111,"column":9}},"line":94},"13":{"name":"(anonymous_13)","decl":{"start":{"line":97,"column":63},"end":{"line":97,"column":64}},"loc":{"start":{"line":97,"column":68},"end":{"line":97,"column":112}},"line":97},"14":{"name":"(anonymous_14)","decl":{"start":{"line":98,"column":54},"end":{"line":98,"column":55}},"loc":{"start":{"line":98,"column":59},"end":{"line":98,"column":98}},"line":98},"15":{"name":"(anonymous_15)","decl":{"start":{"line":114,"column":32},"end":{"line":114,"column":33}},"loc":{"start":{"line":114,"column":38},"end":{"line":118,"column":5}},"line":114},"16":{"name":"(anonymous_16)","decl":{"start":{"line":116,"column":95},"end":{"line":116,"column":96}},"loc":{"start":{"line":116,"column":100},"end":{"line":116,"column":139}},"line":116},"17":{"name":"(anonymous_17)","decl":{"start":{"line":117,"column":92},"end":{"line":117,"column":93}},"loc":{"start":{"line":117,"column":97},"end":{"line":117,"column":133}},"line":117},"18":{"name":"(anonymous_18)","decl":{"start":{"line":120,"column":26},"end":{"line":120,"column":27}},"loc":{"start":{"line":120,"column":32},"end":{"line":128,"column":5}},"line":120},"19":{"name":"(anonymous_19)","decl":{"start":{"line":122,"column":30},"end":{"line":122,"column":31}},"loc":{"start":{"line":122,"column":38},"end":{"line":127,"column":9}},"line":122},"20":{"name":"(anonymous_20)","decl":{"start":{"line":130,"column":27},"end":{"line":130,"column":28}},"loc":{"start":{"line":130,"column":33},"end":{"line":144,"column":5}},"line":130},"21":{"name":"(anonymous_21)","decl":{"start":{"line":137,"column":41},"end":{"line":137,"column":42}},"loc":{"start":{"line":137,"column":46},"end":{"line":137,"column":71}},"line":137},"22":{"name":"(anonymous_22)","decl":{"start":{"line":140,"column":41},"end":{"line":140,"column":42}},"loc":{"start":{"line":140,"column":46},"end":{"line":140,"column":79}},"line":140},"23":{"name":"(anonymous_23)","decl":{"start":{"line":149,"column":24},"end":{"line":149,"column":25}},"loc":{"start":{"line":149,"column":36},"end":{"line":170,"column":5}},"line":149}},"branchMap":{"0":{"loc":{"start":{"line":23,"column":8},"end":{"line":33,"column":9}},"type":"if","locations":[{"start":{"line":23,"column":8},"end":{"line":33,"column":9}},{"start":{"line":28,"column":15},"end":{"line":33,"column":9}}],"line":23},"1":{"loc":{"start":{"line":41,"column":8},"end":{"line":41,"column":57}},"type":"if","locations":[{"start":{"line":41,"column":8},"end":{"line":41,"column":57}},{"start":{},"end":{}}],"line":41},"2":{"loc":{"start":{"line":41,"column":45},"end":{"line":41,"column":56}},"type":"binary-expr","locations":[{"start":{"line":41,"column":45},"end":{"line":41,"column":50}},{"start":{"line":41,"column":54},"end":{"line":41,"column":56}}],"line":41},"3":{"loc":{"start":{"line":46,"column":8},"end":{"line":46,"column":37}},"type":"if","locations":[{"start":{"line":46,"column":8},"end":{"line":46,"column":37}},{"start":{},"end":{}}],"line":46},"4":{"loc":{"start":{"line":48,"column":32},"end":{"line":48,"column":128}},"type":"cond-expr","locations":[{"start":{"line":48,"column":65},"end":{"line":48,"column":80}},{"start":{"line":48,"column":83},"end":{"line":48,"column":128}}],"line":48},"5":{"loc":{"start":{"line":51,"column":12},"end":{"line":51,"column":27}},"type":"if","locations":[{"start":{"line":51,"column":12},"end":{"line":51,"column":27}},{"start":{},"end":{}}],"line":51},"6":{"loc":{"start":{"line":61,"column":8},"end":{"line":64,"column":9}},"type":"if","locations":[{"start":{"line":61,"column":8},"end":{"line":64,"column":9}},{"start":{},"end":{}}],"line":61},"7":{"loc":{"start":{"line":68,"column":28},"end":{"line":68,"column":102}},"type":"binary-expr","locations":[{"start":{"line":68,"column":28},"end":{"line":68,"column":96}},{"start":{"line":68,"column":100},"end":{"line":68,"column":102}}],"line":68},"8":{"loc":{"start":{"line":73,"column":60},"end":{"line":73,"column":91}},"type":"binary-expr","locations":[{"start":{"line":73,"column":60},"end":{"line":73,"column":74}},{"start":{"line":73,"column":78},"end":{"line":73,"column":91}}],"line":73},"9":{"loc":{"start":{"line":74,"column":65},"end":{"line":74,"column":89}},"type":"binary-expr","locations":[{"start":{"line":74,"column":65},"end":{"line":74,"column":82}},{"start":{"line":74,"column":86},"end":{"line":74,"column":89}}],"line":74},"10":{"loc":{"start":{"line":75,"column":66},"end":{"line":75,"column":91}},"type":"binary-expr","locations":[{"start":{"line":75,"column":66},"end":{"line":75,"column":84}},{"start":{"line":75,"column":88},"end":{"line":75,"column":91}}],"line":75},"11":{"loc":{"start":{"line":78,"column":12},"end":{"line":82,"column":13}},"type":"if","locations":[{"start":{"line":78,"column":12},"end":{"line":82,"column":13}},{"start":{},"end":{}}],"line":78},"12":{"loc":{"start":{"line":85,"column":12},"end":{"line":85,"column":89}},"type":"if","locations":[{"start":{"line":85,"column":12},"end":{"line":85,"column":89}},{"start":{},"end":{}}],"line":85},"13":{"loc":{"start":{"line":108,"column":12},"end":{"line":108,"column":86}},"type":"if","locations":[{"start":{"line":108,"column":12},"end":{"line":108,"column":86}},{"start":{},"end":{}}],"line":108},"14":{"loc":{"start":{"line":136,"column":8},"end":{"line":138,"column":9}},"type":"if","locations":[{"start":{"line":136,"column":8},"end":{"line":138,"column":9}},{"start":{},"end":{}}],"line":136},"15":{"loc":{"start":{"line":139,"column":8},"end":{"line":141,"column":9}},"type":"if","locations":[{"start":{"line":139,"column":8},"end":{"line":141,"column":9}},{"start":{},"end":{}}],"line":139}},"s":{"0":0,"1":0,"2":0,"3":0,"4":0,"5":0,"6":0,"7":0,"8":0,"9":0,"10":0,"11":0,"12":0,"13":0,"14":0,"15":0,"16":0,"17":0,"18":0,"19":0,"20":0,"21":0,"22":0,"23":0,"24":0,"25":0,"26":0,"27":0,"28":0,"29":0,"30":0,"31":0,"32":0,"33":0,"34":0,"35":0,"36":0,"37":0,"38":0,"39":0,"40":0,"41":0,"42":0,"43":0,"44":0,"45":0,"46":0,"47":0,"48":0,"49":0,"50":0,"51":0,"52":0,"53":0,"54":0,"55":0,"56":0,"57":0,"58":0,"59":0,"60":0,"61":0,"62":0,"63":0,"64":0,"65":0,"66":0,"67":0,"68":0,"69":0,"70":0,"71":0,"72":0,"73":0,"74":0,"75":0,"76":0,"77":0,"78":0,"79":0,"80":0,"81":0,"82":0,"83":0,"84":0,"85":0,"86":0,"87":0,"88":0,"89":0,"90":0,"91":0,"92":0,"93":0,"94":0,"95":0,"96":0,"97":0,"98":0,"99":0,"100":0,"101":0,"102":0,"103":0,"104":0,"105":0,"106":0,"107":0,"108":0,"109":0,"110":0,"111":0,"112":0,"113":0,"114":0,"115":0,"116":0,"117":0,"118":0,"119":0,"120":0,"121":0,"122":0,"123":0},"f":{"0":0,"1":0,"2":0,"3":0,"4":0,"5":0,"6":0,"7":0,"8":0,"9":0,"10":0,"11":0,"12":0,"13":0,"14":0,"15":0,"16":0,"17":0,"18":0,"19":0,"20":0,"21":0,"22":0,"23":0},"b":{"0":[0,0],"1":[0,0],"2":[0,0],"3":[0,0],"4":[0,0],"5":[0,0],"6":[0,0],"7":[0,0],"8":[0,0],"9":[0,0],"10":[0,0],"11":[0,0],"12":[0,0],"13":[0,0],"14":[0,0],"15":[0,0]}}
,"C:\\Users\\arian\\OneDrive\\Documentos\\UCB\\5TO SEMESTRE\\TALLER DE DISEÑO DE SOFTWARE 1\\PROYECTOS-TALLER\\Frontend\\src\\modules\\huespedes\\HuespedService.js": {"path":"C:\\Users\\arian\\OneDrive\\Documentos\\UCB\\5TO SEMESTRE\\TALLER DE DISEÑO DE SOFTWARE 1\\PROYECTOS-TALLER\\Frontend\\src\\modules\\huespedes\\HuespedService.js","statementMap":{"0":{"start":{"line":3,"column":30},"end":{"line":15,"column":1}},"1":{"start":{"line":5,"column":8},"end":{"line":5,"column":41}},"2":{"start":{"line":9,"column":8},"end":{"line":9,"column":55}},"3":{"start":{"line":13,"column":8},"end":{"line":13,"column":60}}},"fnMap":{"0":{"name":"(anonymous_0)","decl":{"start":{"line":4,"column":18},"end":{"line":4,"column":19}},"loc":{"start":{"line":4,"column":30},"end":{"line":6,"column":5}},"line":4},"1":{"name":"(anonymous_1)","decl":{"start":{"line":8,"column":15},"end":{"line":8,"column":16}},"loc":{"start":{"line":8,"column":38},"end":{"line":10,"column":5}},"line":8},"2":{"name":"(anonymous_2)","decl":{"start":{"line":12,"column":16},"end":{"line":12,"column":17}},"loc":{"start":{"line":12,"column":43},"end":{"line":14,"column":5}},"line":12}},"branchMap":{},"s":{"0":0,"1":0,"2":0,"3":0},"f":{"0":0,"1":0,"2":0},"b":{}}
,"C:\\Users\\arian\\OneDrive\\Documentos\\UCB\\5TO SEMESTRE\\TALLER DE DISEÑO DE SOFTWARE 1\\PROYECTOS-TALLER\\Frontend\\src\\modules\\huespedes\\huespedes.js": {"path":"C:\\Users\\arian\\OneDrive\\Documentos\\UCB\\5TO SEMESTRE\\TALLER DE DISEÑO DE SOFTWARE 1\\PROYECTOS-TALLER\\Frontend\\src\\modules\\huespedes\\huespedes.js","statementMap":{"0":{"start":{"line":3,"column":24},"end":{"line":3,"column":26}},"1":{"start":{"line":4,"column":25},"end":{"line":4,"column":29}},"2":{"start":{"line":7,"column":17},"end":{"line":7,"column":65}},"3":{"start":{"line":8,"column":18},"end":{"line":8,"column":67}},"4":{"start":{"line":9,"column":25},"end":{"line":9,"column":81}},"5":{"start":{"line":10,"column":23},"end":{"line":10,"column":68}},"6":{"start":{"line":11,"column":26},"end":{"line":11,"column":67}},"7":{"start":{"line":13,"column":18},"end":{"line":13,"column":67}},"8":{"start":{"line":14,"column":24},"end":{"line":14,"column":63}},"9":{"start":{"line":15,"column":27},"end":{"line":15,"column":65}},"10":{"start":{"line":16,"column":26},"end":{"line":16,"column":68}},"11":{"start":{"line":17,"column":27},"end":{"line":17,"column":70}},"12":{"start":{"line":18,"column":28},"end":{"line":18,"column":73}},"13":{"start":{"line":19,"column":25},"end":{"line":19,"column":65}},"14":{"start":{"line":21,"column":28},"end":{"line":42,"column":5}},"15":{"start":{"line":22,"column":8},"end":{"line":22,"column":31}},"16":{"start":{"line":24,"column":8},"end":{"line":41,"column":11}},"17":{"start":{"line":25,"column":32},"end":{"line":25,"column":60}},"18":{"start":{"line":27,"column":12},"end":{"line":27,"column":109}},"19":{"start":{"line":28,"column":12},"end":{"line":28,"column":99}},"20":{"start":{"line":29,"column":12},"end":{"line":29,"column":93}},"21":{"start":{"line":30,"column":12},"end":{"line":30,"column":93}},"22":{"start":{"line":31,"column":12},"end":{"line":31,"column":106}},"23":{"start":{"line":32,"column":12},"end":{"line":32,"column":109}},"24":{"start":{"line":33,"column":12},"end":{"line":33,"column":103}},"25":{"start":{"line":34,"column":12},"end":{"line":34,"column":121}},"26":{"start":{"line":35,"column":30},"end":{"line":35,"column":76}},"27":{"start":{"line":36,"column":12},"end":{"line":38,"column":15}},"28":{"start":{"line":37,"column":16},"end":{"line":37,"column":43}},"29":{"start":{"line":40,"column":12},"end":{"line":40,"column":43}},"30":{"start":{"line":44,"column":32},"end":{"line":53,"column":5}},"31":{"start":{"line":45,"column":8},"end":{"line":52,"column":9}},"32":{"start":{"line":46,"column":12},"end":{"line":46,"column":46}},"33":{"start":{"line":47,"column":12},"end":{"line":47,"column":68}},"34":{"start":{"line":48,"column":12},"end":{"line":48,"column":47}},"35":{"start":{"line":50,"column":12},"end":{"line":50,"column":43}},"36":{"start":{"line":51,"column":12},"end":{"line":51,"column":61}},"37":{"start":{"line":55,"column":31},"end":{"line":63,"column":5}},"38":{"start":{"line":56,"column":8},"end":{"line":56,"column":34}},"39":{"start":{"line":57,"column":8},"end":{"line":57,"column":60}},"40":{"start":{"line":58,"column":8},"end":{"line":58,"column":49}},"41":{"start":{"line":59,"column":8},"end":{"line":59,"column":21}},"42":{"start":{"line":60,"column":8},"end":{"line":60,"column":36}},"43":{"start":{"line":61,"column":8},"end":{"line":61,"column":43}},"44":{"start":{"line":62,"column":8},"end":{"line":62,"column":50}},"45":{"start":{"line":65,"column":30},"end":{"line":82,"column":5}},"46":{"start":{"line":66,"column":8},"end":{"line":66,"column":47}},"47":{"start":{"line":67,"column":8},"end":{"line":67,"column":51}},"48":{"start":{"line":68,"column":8},"end":{"line":68,"column":56}},"49":{"start":{"line":69,"column":8},"end":{"line":69,"column":36}},"50":{"start":{"line":71,"column":8},"end":{"line":71,"column":65}},"51":{"start":{"line":72,"column":8},"end":{"line":72,"column":69}},"52":{"start":{"line":73,"column":8},"end":{"line":73,"column":79}},"53":{"start":{"line":74,"column":8},"end":{"line":74,"column":89}},"54":{"start":{"line":75,"column":8},"end":{"line":75,"column":75}},"55":{"start":{"line":76,"column":8},"end":{"line":76,"column":71}},"56":{"start":{"line":77,"column":8},"end":{"line":77,"column":83}},"57":{"start":{"line":78,"column":8},"end":{"line":78,"column":77}},"58":{"start":{"line":80,"column":8},"end":{"line":80,"column":43}},"59":{"start":{"line":81,"column":8},"end":{"line":81,"column":50}},"60":{"start":{"line":84,"column":24},"end":{"line":88,"column":5}},"61":{"start":{"line":85,"column":8},"end":{"line":85,"column":46}},"62":{"start":{"line":86,"column":8},"end":{"line":86,"column":53}},"63":{"start":{"line":87,"column":8},"end":{"line":87,"column":34}},"64":{"start":{"line":90,"column":27},"end":{"line":94,"column":5}},"65":{"start":{"line":91,"column":8},"end":{"line":91,"column":39}},"66":{"start":{"line":92,"column":8},"end":{"line":92,"column":72}},"67":{"start":{"line":93,"column":8},"end":{"line":93,"column":60}},"68":{"start":{"line":93,"column":30},"end":{"line":93,"column":60}},"69":{"start":{"line":96,"column":29},"end":{"line":112,"column":5}},"70":{"start":{"line":97,"column":24},"end":{"line":97,"column":64}},"71":{"start":{"line":99,"column":8},"end":{"line":102,"column":9}},"72":{"start":{"line":100,"column":12},"end":{"line":100,"column":47}},"73":{"start":{"line":101,"column":12},"end":{"line":101,"column":19}},"74":{"start":{"line":104,"column":26},"end":{"line":109,"column":9}},"75":{"start":{"line":105,"column":12},"end":{"line":108,"column":66}},"76":{"start":{"line":111,"column":8},"end":{"line":111,"column":35}},"77":{"start":{"line":114,"column":4},"end":{"line":114,"column":64}},"78":{"start":{"line":115,"column":4},"end":{"line":115,"column":58}},"79":{"start":{"line":116,"column":4},"end":{"line":116,"column":59}},"80":{"start":{"line":117,"column":4},"end":{"line":117,"column":56}},"81":{"start":{"line":118,"column":4},"end":{"line":118,"column":62}},"82":{"start":{"line":120,"column":4},"end":{"line":146,"column":7}},"83":{"start":{"line":121,"column":8},"end":{"line":121,"column":27}},"84":{"start":{"line":123,"column":29},"end":{"line":132,"column":9}},"85":{"start":{"line":134,"column":8},"end":{"line":145,"column":9}},"86":{"start":{"line":135,"column":12},"end":{"line":141,"column":13}},"87":{"start":{"line":136,"column":16},"end":{"line":136,"column":82}},"88":{"start":{"line":137,"column":16},"end":{"line":137,"column":74}},"89":{"start":{"line":139,"column":16},"end":{"line":139,"column":61}},"90":{"start":{"line":140,"column":16},"end":{"line":140,"column":73}},"91":{"start":{"line":142,"column":12},"end":{"line":142,"column":40}},"92":{"start":{"line":144,"column":12},"end":{"line":144,"column":79}},"93":{"start":{"line":148,"column":4},"end":{"line":148,"column":32}}},"fnMap":{"0":{"name":"initHuespedes","decl":{"start":{"line":6,"column":22},"end":{"line":6,"column":35}},"loc":{"start":{"line":6,"column":38},"end":{"line":149,"column":1}},"line":6},"1":{"name":"(anonymous_1)","decl":{"start":{"line":21,"column":28},"end":{"line":21,"column":29}},"loc":{"start":{"line":21,"column":48},"end":{"line":42,"column":5}},"line":21},"2":{"name":"(anonymous_2)","decl":{"start":{"line":24,"column":31},"end":{"line":24,"column":32}},"loc":{"start":{"line":24,"column":42},"end":{"line":41,"column":9}},"line":24},"3":{"name":"(anonymous_3)","decl":{"start":{"line":36,"column":48},"end":{"line":36,"column":49}},"loc":{"start":{"line":36,"column":54},"end":{"line":38,"column":13}},"line":36},"4":{"name":"(anonymous_4)","decl":{"start":{"line":44,"column":32},"end":{"line":44,"column":33}},"loc":{"start":{"line":44,"column":44},"end":{"line":53,"column":5}},"line":44},"5":{"name":"(anonymous_5)","decl":{"start":{"line":55,"column":31},"end":{"line":55,"column":32}},"loc":{"start":{"line":55,"column":37},"end":{"line":63,"column":5}},"line":55},"6":{"name":"(anonymous_6)","decl":{"start":{"line":65,"column":30},"end":{"line":65,"column":31}},"loc":{"start":{"line":65,"column":43},"end":{"line":82,"column":5}},"line":65},"7":{"name":"(anonymous_7)","decl":{"start":{"line":84,"column":24},"end":{"line":84,"column":25}},"loc":{"start":{"line":84,"column":30},"end":{"line":88,"column":5}},"line":84},"8":{"name":"(anonymous_8)","decl":{"start":{"line":90,"column":27},"end":{"line":90,"column":28}},"loc":{"start":{"line":90,"column":44},"end":{"line":94,"column":5}},"line":90},"9":{"name":"(anonymous_9)","decl":{"start":{"line":96,"column":29},"end":{"line":96,"column":30}},"loc":{"start":{"line":96,"column":35},"end":{"line":112,"column":5}},"line":96},"10":{"name":"(anonymous_10)","decl":{"start":{"line":104,"column":51},"end":{"line":104,"column":52}},"loc":{"start":{"line":105,"column":12},"end":{"line":108,"column":66}},"line":105},"11":{"name":"(anonymous_11)","decl":{"start":{"line":120,"column":36},"end":{"line":120,"column":37}},"loc":{"start":{"line":120,"column":49},"end":{"line":146,"column":5}},"line":120}},"branchMap":{"0":{"loc":{"start":{"line":28,"column":68},"end":{"line":28,"column":98}},"type":"binary-expr","locations":[{"start":{"line":28,"column":68},"end":{"line":28,"column":82}},{"start":{"line":28,"column":86},"end":{"line":28,"column":98}}],"line":28},"1":{"loc":{"start":{"line":31,"column":71},"end":{"line":31,"column":105}},"type":"binary-expr","locations":[{"start":{"line":31,"column":71},"end":{"line":31,"column":87}},{"start":{"line":31,"column":91},"end":{"line":31,"column":105}}],"line":31},"2":{"loc":{"start":{"line":32,"column":72},"end":{"line":32,"column":108}},"type":"binary-expr","locations":[{"start":{"line":32,"column":72},"end":{"line":32,"column":89}},{"start":{"line":32,"column":93},"end":{"line":32,"column":108}}],"line":32},"3":{"loc":{"start":{"line":33,"column":75},"end":{"line":33,"column":102}},"type":"binary-expr","locations":[{"start":{"line":33,"column":75},"end":{"line":33,"column":95}},{"start":{"line":33,"column":99},"end":{"line":33,"column":102}}],"line":33},"4":{"loc":{"start":{"line":75,"column":52},"end":{"line":75,"column":74}},"type":"binary-expr","locations":[{"start":{"line":75,"column":52},"end":{"line":75,"column":68}},{"start":{"line":75,"column":72},"end":{"line":75,"column":74}}],"line":75},"5":{"loc":{"start":{"line":76,"column":50},"end":{"line":76,"column":70}},"type":"binary-expr","locations":[{"start":{"line":76,"column":50},"end":{"line":76,"column":64}},{"start":{"line":76,"column":68},"end":{"line":76,"column":70}}],"line":76},"6":{"loc":{"start":{"line":77,"column":56},"end":{"line":77,"column":82}},"type":"binary-expr","locations":[{"start":{"line":77,"column":56},"end":{"line":77,"column":76}},{"start":{"line":77,"column":80},"end":{"line":77,"column":82}}],"line":77},"7":{"loc":{"start":{"line":78,"column":53},"end":{"line":78,"column":76}},"type":"binary-expr","locations":[{"start":{"line":78,"column":53},"end":{"line":78,"column":70}},{"start":{"line":78,"column":74},"end":{"line":78,"column":76}}],"line":78},"8":{"loc":{"start":{"line":93,"column":8},"end":{"line":93,"column":60}},"type":"if","locations":[{"start":{"line":93,"column":8},"end":{"line":93,"column":60}},{"start":{},"end":{}}],"line":93},"9":{"loc":{"start":{"line":99,"column":8},"end":{"line":102,"column":9}},"type":"if","locations":[{"start":{"line":99,"column":8},"end":{"line":102,"column":9}},{"start":{},"end":{}}],"line":99},"10":{"loc":{"start":{"line":105,"column":12},"end":{"line":108,"column":66}},"type":"binary-expr","locations":[{"start":{"line":105,"column":12},"end":{"line":105,"column":52}},{"start":{"line":106,"column":12},"end":{"line":106,"column":54}},{"start":{"line":107,"column":12},"end":{"line":107,"column":50}},{"start":{"line":108,"column":13},"end":{"line":108,"column":21}},{"start":{"line":108,"column":25},"end":{"line":108,"column":65}}],"line":105},"11":{"loc":{"start":{"line":135,"column":12},"end":{"line":141,"column":13}},"type":"if","locations":[{"start":{"line":135,"column":12},"end":{"line":141,"column":13}},{"start":{"line":138,"column":19},"end":{"line":141,"column":13}}],"line":135},"12":{"loc":{"start":{"line":144,"column":27},"end":{"line":144,"column":68}},"type":"binary-expr","locations":[{"start":{"line":144,"column":27},"end":{"line":144,"column":40}},{"start":{"line":144,"column":44},"end":{"line":144,"column":68}}],"line":144}},"s":{"0":0,"1":0,"2":0,"3":0,"4":0,"5":0,"6":0,"7":0,"8":0,"9":0,"10":0,"11":0,"12":0,"13":0,"14":0,"15":0,"16":0,"17":0,"18":0,"19":0,"20":0,"21":0,"22":0,"23":0,"24":0,"25":0,"26":0,"27":0,"28":0,"29":0,"30":0,"31":0,"32":0,"33":0,"34":0,"35":0,"36":0,"37":0,"38":0,"39":0,"40":0,"41":0,"42":0,"43":0,"44":0,"45":0,"46":0,"47":0,"48":0,"49":0,"50":0,"51":0,"52":0,"53":0,"54":0,"55":0,"56":0,"57":0,"58":0,"59":0,"60":0,"61":0,"62":0,"63":0,"64":0,"65":0,"66":0,"67":0,"68":0,"69":0,"70":0,"71":0,"72":0,"73":0,"74":0,"75":0,"76":0,"77":0,"78":0,"79":0,"80":0,"81":0,"82":0,"83":0,"84":0,"85":0,"86":0,"87":0,"88":0,"89":0,"90":0,"91":0,"92":0,"93":0},"f":{"0":0,"1":0,"2":0,"3":0,"4":0,"5":0,"6":0,"7":0,"8":0,"9":0,"10":0,"11":0},"b":{"0":[0,0],"1":[0,0],"2":[0,0],"3":[0,0],"4":[0,0],"5":[0,0],"6":[0,0],"7":[0,0],"8":[0,0],"9":[0,0],"10":[0,0,0,0,0],"11":[0,0],"12":[0,0]}}
,"C:\\Users\\arian\\OneDrive\\Documentos\\UCB\\5TO SEMESTRE\\TALLER DE DISEÑO DE SOFTWARE 1\\PROYECTOS-TALLER\\Frontend\\src\\modules\\reservas\\ReservaService.js": {"path":"C:\\Users\\arian\\OneDrive\\Documentos\\UCB\\5TO SEMESTRE\\TALLER DE DISEÑO DE SOFTWARE 1\\PROYECTOS-TALLER\\Frontend\\src\\modules\\reservas\\ReservaService.js","statementMap":{"0":{"start":{"line":3,"column":30},"end":{"line":15,"column":1}},"1":{"start":{"line":4,"column":30},"end":{"line":4,"column":55}},"2":{"start":{"line":6,"column":35},"end":{"line":6,"column":68}},"3":{"start":{"line":7,"column":55},"end":{"line":7,"column":129}},"4":{"start":{"line":8,"column":37},"end":{"line":8,"column":77}},"5":{"start":{"line":9,"column":35},"end":{"line":9,"column":75}},"6":{"start":{"line":11,"column":34},"end":{"line":11,"column":59}},"7":{"start":{"line":12,"column":37},"end":{"line":12,"column":65}},"8":{"start":{"line":13,"column":40},"end":{"line":13,"column":74}},"9":{"start":{"line":14,"column":44},"end":{"line":14,"column":99}},"10":{"start":{"line":14,"column":94},"end":{"line":14,"column":98}}},"fnMap":{"0":{"name":"(anonymous_0)","decl":{"start":{"line":4,"column":18},"end":{"line":4,"column":19}},"loc":{"start":{"line":4,"column":30},"end":{"line":4,"column":55}},"line":4},"1":{"name":"(anonymous_1)","decl":{"start":{"line":6,"column":18},"end":{"line":6,"column":19}},"loc":{"start":{"line":6,"column":35},"end":{"line":6,"column":68}},"line":6},"2":{"name":"(anonymous_2)","decl":{"start":{"line":7,"column":22},"end":{"line":7,"column":23}},"loc":{"start":{"line":7,"column":55},"end":{"line":7,"column":129}},"line":7},"3":{"name":"(anonymous_3)","decl":{"start":{"line":8,"column":23},"end":{"line":8,"column":24}},"loc":{"start":{"line":8,"column":37},"end":{"line":8,"column":77}},"line":8},"4":{"name":"(anonymous_4)","decl":{"start":{"line":9,"column":21},"end":{"line":9,"column":22}},"loc":{"start":{"line":9,"column":35},"end":{"line":9,"column":75}},"line":9},"5":{"name":"(anonymous_5)","decl":{"start":{"line":11,"column":22},"end":{"line":11,"column":23}},"loc":{"start":{"line":11,"column":34},"end":{"line":11,"column":59}},"line":11},"6":{"name":"(anonymous_6)","decl":{"start":{"line":12,"column":25},"end":{"line":12,"column":26}},"loc":{"start":{"line":12,"column":37},"end":{"line":12,"column":65}},"line":12},"7":{"name":"(anonymous_7)","decl":{"start":{"line":13,"column":28},"end":{"line":13,"column":29}},"loc":{"start":{"line":13,"column":40},"end":{"line":13,"column":74}},"line":13},"8":{"name":"(anonymous_8)","decl":{"start":{"line":14,"column":32},"end":{"line":14,"column":33}},"loc":{"start":{"line":14,"column":44},"end":{"line":14,"column":99}},"line":14},"9":{"name":"(anonymous_9)","decl":{"start":{"line":14,"column":88},"end":{"line":14,"column":89}},"loc":{"start":{"line":14,"column":94},"end":{"line":14,"column":98}},"line":14}},"branchMap":{"0":{"loc":{"start":{"line":7,"column":33},"end":{"line":7,"column":50}},"type":"default-arg","locations":[{"start":{"line":7,"column":48},"end":{"line":7,"column":50}}],"line":7}},"s":{"0":1,"1":0,"2":4,"3":0,"4":0,"5":0,"6":0,"7":0,"8":0,"9":0,"10":0},"f":{"0":0,"1":4,"2":0,"3":0,"4":0,"5":0,"6":0,"7":0,"8":0,"9":0},"b":{"0":[0]},"_coverageSchema":"1a1c01bbd47fc00a2c39e90264f33305004495a9","hash":"e54e6ad9d8e5d974be626debff02761de2738201"}
,"C:\\Users\\arian\\OneDrive\\Documentos\\UCB\\5TO SEMESTRE\\TALLER DE DISEÑO DE SOFTWARE 1\\PROYECTOS-TALLER\\Frontend\\src\\modules\\reservas\\reservas.js": {"path":"C:\\Users\\arian\\OneDrive\\Documentos\\UCB\\5TO SEMESTRE\\TALLER DE DISEÑO DE SOFTWARE 1\\PROYECTOS-TALLER\\Frontend\\src\\modules\\reservas\\reservas.js","statementMap":{"0":{"start":{"line":5,"column":19},"end":{"line":5,"column":21}},"1":{"start":{"line":6,"column":20},"end":{"line":6,"column":22}},"2":{"start":{"line":7,"column":23},"end":{"line":7,"column":25}},"3":{"start":{"line":8,"column":26},"end":{"line":8,"column":28}},"4":{"start":{"line":9,"column":30},"end":{"line":9,"column":34}},"5":{"start":{"line":10,"column":36},"end":{"line":10,"column":38}},"6":{"start":{"line":12,"column":18},"end":{"line":12,"column":66}},"7":{"start":{"line":13,"column":4},"end":{"line":13,"column":23}},"8":{"start":{"line":13,"column":16},"end":{"line":13,"column":23}},"9":{"start":{"line":15,"column":23},"end":{"line":15,"column":61}},"10":{"start":{"line":16,"column":25},"end":{"line":16,"column":63}},"11":{"start":{"line":17,"column":24},"end":{"line":17,"column":61}},"12":{"start":{"line":18,"column":22},"end":{"line":18,"column":63}},"13":{"start":{"line":19,"column":26},"end":{"line":19,"column":65}},"14":{"start":{"line":21,"column":16},"end":{"line":26,"column":5}},"15":{"start":{"line":22,"column":8},"end":{"line":22,"column":28}},"16":{"start":{"line":22,"column":18},"end":{"line":22,"column":28}},"17":{"start":{"line":23,"column":20},"end":{"line":23,"column":49}},"18":{"start":{"line":24,"column":8},"end":{"line":24,"column":30}},"19":{"start":{"line":25,"column":8},"end":{"line":25,"column":29}},"20":{"start":{"line":28,"column":23},"end":{"line":34,"column":5}},"21":{"start":{"line":29,"column":22},"end":{"line":29,"column":49}},"22":{"start":{"line":30,"column":8},"end":{"line":33,"column":9}},"23":{"start":{"line":31,"column":12},"end":{"line":31,"column":47}},"24":{"start":{"line":32,"column":12},"end":{"line":32,"column":54}},"25":{"start":{"line":36,"column":26},"end":{"line":40,"column":5}},"26":{"start":{"line":37,"column":8},"end":{"line":37,"column":92}},"27":{"start":{"line":37,"column":57},"end":{"line":37,"column":90}},"28":{"start":{"line":38,"column":8},"end":{"line":38,"column":53}},"29":{"start":{"line":39,"column":8},"end":{"line":39,"column":35}},"30":{"start":{"line":42,"column":4},"end":{"line":44,"column":7}},"31":{"start":{"line":43,"column":8},"end":{"line":43,"column":53}},"32":{"start":{"line":46,"column":28},"end":{"line":68,"column":5}},"33":{"start":{"line":47,"column":8},"end":{"line":67,"column":9}},"34":{"start":{"line":48,"column":12},"end":{"line":48,"column":80}},"35":{"start":{"line":50,"column":59},"end":{"line":55,"column":14}},"36":{"start":{"line":51,"column":58},"end":{"line":51,"column":60}},"37":{"start":{"line":52,"column":62},"end":{"line":52,"column":64}},"38":{"start":{"line":53,"column":65},"end":{"line":53,"column":67}},"39":{"start":{"line":54,"column":68},"end":{"line":54,"column":70}},"40":{"start":{"line":57,"column":12},"end":{"line":57,"column":99}},"41":{"start":{"line":57,"column":46},"end":{"line":57,"column":97}},"42":{"start":{"line":58,"column":12},"end":{"line":58,"column":32}},"43":{"start":{"line":59,"column":12},"end":{"line":59,"column":35}},"44":{"start":{"line":60,"column":12},"end":{"line":60,"column":40}},"45":{"start":{"line":62,"column":12},"end":{"line":62,"column":34}},"46":{"start":{"line":63,"column":12},"end":{"line":63,"column":36}},"47":{"start":{"line":64,"column":12},"end":{"line":64,"column":30}},"48":{"start":{"line":66,"column":12},"end":{"line":66,"column":88}},"49":{"start":{"line":70,"column":32},"end":{"line":82,"column":5}},"50":{"start":{"line":71,"column":29},"end":{"line":71,"column":69}},"51":{"start":{"line":72,"column":8},"end":{"line":72,"column":34}},"52":{"start":{"line":72,"column":27},"end":{"line":72,"column":34}},"53":{"start":{"line":74,"column":8},"end":{"line":77,"column":18}},"54":{"start":{"line":75,"column":24},"end":{"line":75,"column":61}},"55":{"start":{"line":76,"column":12},"end":{"line":76,"column":61}},"56":{"start":{"line":79,"column":8},"end":{"line":79,"column":149}},"57":{"start":{"line":79,"column":87},"end":{"line":79,"column":140}},"58":{"start":{"line":80,"column":8},"end":{"line":80,"column":145}},"59":{"start":{"line":80,"column":84},"end":{"line":80,"column":136}},"60":{"start":{"line":81,"column":8},"end":{"line":81,"column":149}},"61":{"start":{"line":81,"column":87},"end":{"line":81,"column":140}},"62":{"start":{"line":84,"column":28},"end":{"line":109,"column":5}},"63":{"start":{"line":85,"column":25},"end":{"line":85,"column":93}},"64":{"start":{"line":86,"column":26},"end":{"line":86,"column":113}},"65":{"start":{"line":88,"column":24},"end":{"line":106,"column":10}},"66":{"start":{"line":89,"column":29},"end":{"line":89,"column":68}},"67":{"start":{"line":91,"column":12},"end":{"line":95,"column":13}},"68":{"start":{"line":92,"column":16},"end":{"line":92,"column":86}},"69":{"start":{"line":92,"column":73},"end":{"line":92,"column":86}},"70":{"start":{"line":93,"column":19},"end":{"line":95,"column":13}},"71":{"start":{"line":94,"column":16},"end":{"line":94,"column":57}},"72":{"start":{"line":94,"column":44},"end":{"line":94,"column":57}},"73":{"start":{"line":97,"column":12},"end":{"line":104,"column":13}},"74":{"start":{"line":98,"column":32},"end":{"line":98,"column":89}},"75":{"start":{"line":98,"column":52},"end":{"line":98,"column":88}},"76":{"start":{"line":99,"column":28},"end":{"line":99,"column":87}},"77":{"start":{"line":99,"column":51},"end":{"line":99,"column":86}},"78":{"start":{"line":100,"column":35},"end":{"line":100,"column":103}},"79":{"start":{"line":101,"column":31},"end":{"line":101,"column":86}},"80":{"start":{"line":103,"column":16},"end":{"line":103,"column":95}},"81":{"start":{"line":103,"column":82},"end":{"line":103,"column":95}},"82":{"start":{"line":105,"column":12},"end":{"line":105,"column":24}},"83":{"start":{"line":108,"column":8},"end":{"line":108,"column":35}},"84":{"start":{"line":111,"column":28},"end":{"line":252,"column":5}},"85":{"start":{"line":112,"column":8},"end":{"line":112,"column":29}},"86":{"start":{"line":113,"column":26},"end":{"line":113,"column":64}},"87":{"start":{"line":114,"column":8},"end":{"line":114,"column":60}},"88":{"start":{"line":114,"column":23},"end":{"line":114,"column":60}},"89":{"start":{"line":116,"column":8},"end":{"line":119,"column":9}},"90":{"start":{"line":117,"column":12},"end":{"line":117,"column":110}},"91":{"start":{"line":118,"column":12},"end":{"line":118,"column":19}},"92":{"start":{"line":121,"column":8},"end":{"line":251,"column":11}},"93":{"start":{"line":122,"column":23},"end":{"line":122,"column":51}},"94":{"start":{"line":124,"column":12},"end":{"line":124,"column":42}},"95":{"start":{"line":125,"column":12},"end":{"line":128,"column":15}},"96":{"start":{"line":126,"column":16},"end":{"line":126,"column":55}},"97":{"start":{"line":126,"column":48},"end":{"line":126,"column":55}},"98":{"start":{"line":127,"column":16},"end":{"line":127,"column":41}},"99":{"start":{"line":130,"column":28},"end":{"line":130,"column":85}},"100":{"start":{"line":130,"column":48},"end":{"line":130,"column":84}},"101":{"start":{"line":131,"column":24},"end":{"line":131,"column":83}},"102":{"start":{"line":131,"column":47},"end":{"line":131,"column":82}},"103":{"start":{"line":132,"column":25},"end":{"line":132,"column":96}},"104":{"start":{"line":132,"column":51},"end":{"line":132,"column":95}},"105":{"start":{"line":134,"column":30},"end":{"line":134,"column":95}},"106":{"start":{"line":136,"column":27},"end":{"line":136,"column":102}},"107":{"start":{"line":137,"column":31},"end":{"line":137,"column":65}},"108":{"start":{"line":139,"column":29},"end":{"line":139,"column":76}},"109":{"start":{"line":140,"column":28},"end":{"line":140,"column":74}},"110":{"start":{"line":142,"column":30},"end":{"line":142,"column":57}},"111":{"start":{"line":143,"column":32},"end":{"line":143,"column":75}},"112":{"start":{"line":145,"column":41},"end":{"line":149,"column":13}},"113":{"start":{"line":146,"column":16},"end":{"line":146,"column":44}},"114":{"start":{"line":146,"column":34},"end":{"line":146,"column":44}},"115":{"start":{"line":147,"column":33},"end":{"line":147,"column":92}},"116":{"start":{"line":148,"column":16},"end":{"line":148,"column":59}},"117":{"start":{"line":151,"column":32},"end":{"line":153,"column":20}},"118":{"start":{"line":155,"column":25},"end":{"line":155,"column":116}},"119":{"start":{"line":156,"column":26},"end":{"line":156,"column":78}},"120":{"start":{"line":158,"column":35},"end":{"line":158,"column":37}},"121":{"start":{"line":159,"column":12},"end":{"line":186,"column":13}},"122":{"start":{"line":161,"column":42},"end":{"line":161,"column":44}},"123":{"start":{"line":163,"column":16},"end":{"line":170,"column":17}},"124":{"start":{"line":164,"column":20},"end":{"line":167,"column":23}},"125":{"start":{"line":165,"column":34},"end":{"line":165,"column":77}},"126":{"start":{"line":165,"column":56},"end":{"line":165,"column":76}},"127":{"start":{"line":166,"column":24},"end":{"line":166,"column":79}},"128":{"start":{"line":168,"column":23},"end":{"line":170,"column":17}},"129":{"start":{"line":169,"column":20},"end":{"line":169,"column":125}},"130":{"start":{"line":169,"column":68},"end":{"line":169,"column":123}},"131":{"start":{"line":172,"column":16},"end":{"line":185,"column":17}},"132":{"start":{"line":173,"column":20},"end":{"line":178,"column":22}},"133":{"start":{"line":176,"column":64},"end":{"line":176,"column":82}},"134":{"start":{"line":180,"column":20},"end":{"line":184,"column":22}},"135":{"start":{"line":188,"column":28},"end":{"line":188,"column":232}},"136":{"start":{"line":189,"column":29},"end":{"line":189,"column":259}},"137":{"start":{"line":190,"column":29},"end":{"line":190,"column":281}},"138":{"start":{"line":192,"column":12},"end":{"line":225,"column":14}},"139":{"start":{"line":227,"column":26},"end":{"line":227,"column":58}},"140":{"start":{"line":229,"column":12},"end":{"line":248,"column":13}},"141":{"start":{"line":230,"column":35},"end":{"line":230,"column":67}},"142":{"start":{"line":231,"column":16},"end":{"line":231,"column":53}},"143":{"start":{"line":232,"column":16},"end":{"line":232,"column":53}},"144":{"start":{"line":233,"column":16},"end":{"line":233,"column":64}},"145":{"start":{"line":233,"column":43},"end":{"line":233,"column":63}},"146":{"start":{"line":235,"column":36},"end":{"line":235,"column":68}},"147":{"start":{"line":236,"column":16},"end":{"line":236,"column":53}},"148":{"start":{"line":237,"column":16},"end":{"line":237,"column":53}},"149":{"start":{"line":238,"column":16},"end":{"line":238,"column":66}},"150":{"start":{"line":238,"column":44},"end":{"line":238,"column":65}},"151":{"start":{"line":240,"column":16},"end":{"line":240,"column":46}},"152":{"start":{"line":241,"column":16},"end":{"line":241,"column":47}},"153":{"start":{"line":242,"column":19},"end":{"line":248,"column":13}},"154":{"start":{"line":243,"column":36},"end":{"line":243,"column":68}},"155":{"start":{"line":244,"column":16},"end":{"line":244,"column":54}},"156":{"start":{"line":245,"column":16},"end":{"line":245,"column":55}},"157":{"start":{"line":246,"column":16},"end":{"line":246,"column":66}},"158":{"start":{"line":246,"column":44},"end":{"line":246,"column":65}},"159":{"start":{"line":247,"column":16},"end":{"line":247,"column":47}},"160":{"start":{"line":250,"column":12},"end":{"line":250,"column":34}},"161":{"start":{"line":254,"column":4},"end":{"line":254,"column":88}},"162":{"start":{"line":255,"column":4},"end":{"line":255,"column":94}},"163":{"start":{"line":257,"column":21},"end":{"line":257,"column":65}},"164":{"start":{"line":258,"column":4},"end":{"line":267,"column":5}},"165":{"start":{"line":259,"column":8},"end":{"line":266,"column":11}},"166":{"start":{"line":260,"column":12},"end":{"line":260,"column":60}},"167":{"start":{"line":261,"column":12},"end":{"line":261,"column":38}},"168":{"start":{"line":262,"column":12},"end":{"line":262,"column":78}},"169":{"start":{"line":263,"column":12},"end":{"line":263,"column":83}},"170":{"start":{"line":264,"column":12},"end":{"line":264,"column":40}},"171":{"start":{"line":265,"column":12},"end":{"line":265,"column":40}},"172":{"start":{"line":269,"column":34},"end":{"line":279,"column":5}},"173":{"start":{"line":270,"column":23},"end":{"line":270,"column":61}},"174":{"start":{"line":271,"column":8},"end":{"line":271,"column":27}},"175":{"start":{"line":271,"column":20},"end":{"line":271,"column":27}},"176":{"start":{"line":272,"column":8},"end":{"line":272,"column":85}},"177":{"start":{"line":273,"column":8},"end":{"line":278,"column":11}},"178":{"start":{"line":274,"column":24},"end":{"line":274,"column":56}},"179":{"start":{"line":275,"column":12},"end":{"line":275,"column":104}},"180":{"start":{"line":276,"column":12},"end":{"line":276,"column":36}},"181":{"start":{"line":277,"column":12},"end":{"line":277,"column":36}},"182":{"start":{"line":281,"column":34},"end":{"line":315,"column":5}},"183":{"start":{"line":282,"column":25},"end":{"line":282,"column":53}},"184":{"start":{"line":283,"column":24},"end":{"line":283,"column":51}},"185":{"start":{"line":285,"column":8},"end":{"line":285,"column":74}},"186":{"start":{"line":286,"column":8},"end":{"line":286,"column":79}},"187":{"start":{"line":288,"column":8},"end":{"line":288,"column":62}},"188":{"start":{"line":288,"column":55},"end":{"line":288,"column":62}},"189":{"start":{"line":290,"column":8},"end":{"line":295,"column":9}},"190":{"start":{"line":291,"column":12},"end":{"line":291,"column":94}},"191":{"start":{"line":292,"column":12},"end":{"line":292,"column":74}},"192":{"start":{"line":293,"column":12},"end":{"line":293,"column":38}},"193":{"start":{"line":294,"column":12},"end":{"line":294,"column":19}},"194":{"start":{"line":297,"column":8},"end":{"line":297,"column":36}},"195":{"start":{"line":298,"column":8},"end":{"line":298,"column":35}},"196":{"start":{"line":299,"column":8},"end":{"line":299,"column":81}},"197":{"start":{"line":301,"column":32},"end":{"line":301,"column":83}},"198":{"start":{"line":301,"column":57},"end":{"line":301,"column":82}},"199":{"start":{"line":303,"column":8},"end":{"line":314,"column":11}},"200":{"start":{"line":304,"column":25},"end":{"line":304,"column":93}},"201":{"start":{"line":304,"column":51},"end":{"line":304,"column":92}},"202":{"start":{"line":305,"column":12},"end":{"line":313,"column":13}},"203":{"start":{"line":306,"column":28},"end":{"line":306,"column":60}},"204":{"start":{"line":307,"column":16},"end":{"line":307,"column":132}},"205":{"start":{"line":308,"column":16},"end":{"line":308,"column":43}},"206":{"start":{"line":309,"column":16},"end":{"line":309,"column":55}},"207":{"start":{"line":310,"column":16},"end":{"line":310,"column":53}},"208":{"start":{"line":311,"column":16},"end":{"line":311,"column":53}},"209":{"start":{"line":312,"column":16},"end":{"line":312,"column":43}},"210":{"start":{"line":317,"column":4},"end":{"line":317,"column":68}},"211":{"start":{"line":318,"column":4},"end":{"line":318,"column":67}},"212":{"start":{"line":320,"column":4},"end":{"line":350,"column":7}},"213":{"start":{"line":321,"column":22},"end":{"line":321,"column":36}},"214":{"start":{"line":322,"column":27},"end":{"line":322,"column":69}},"215":{"start":{"line":323,"column":32},"end":{"line":323,"column":79}},"216":{"start":{"line":325,"column":8},"end":{"line":329,"column":9}},"217":{"start":{"line":326,"column":12},"end":{"line":326,"column":46}},"218":{"start":{"line":327,"column":12},"end":{"line":327,"column":51}},"219":{"start":{"line":328,"column":12},"end":{"line":328,"column":19}},"220":{"start":{"line":331,"column":26},"end":{"line":331,"column":68}},"221":{"start":{"line":332,"column":28},"end":{"line":332,"column":64}},"222":{"start":{"line":333,"column":26},"end":{"line":333,"column":53}},"223":{"start":{"line":334,"column":27},"end":{"line":334,"column":55}},"224":{"start":{"line":336,"column":25},"end":{"line":336,"column":53}},"225":{"start":{"line":337,"column":24},"end":{"line":337,"column":51}},"226":{"start":{"line":338,"column":28},"end":{"line":338,"column":83}},"227":{"start":{"line":339,"column":22},"end":{"line":339,"column":47}},"228":{"start":{"line":341,"column":8},"end":{"line":341,"column":73}},"229":{"start":{"line":342,"column":8},"end":{"line":342,"column":82}},"230":{"start":{"line":343,"column":8},"end":{"line":343,"column":74}},"231":{"start":{"line":344,"column":8},"end":{"line":344,"column":86}},"232":{"start":{"line":346,"column":8},"end":{"line":346,"column":71}},"233":{"start":{"line":348,"column":8},"end":{"line":348,"column":42}},"234":{"start":{"line":349,"column":8},"end":{"line":349,"column":48}},"235":{"start":{"line":352,"column":4},"end":{"line":381,"column":7}},"236":{"start":{"line":353,"column":8},"end":{"line":353,"column":27}},"237":{"start":{"line":354,"column":26},"end":{"line":354,"column":68}},"238":{"start":{"line":355,"column":26},"end":{"line":355,"column":63}},"239":{"start":{"line":356,"column":31},"end":{"line":356,"column":60}},"240":{"start":{"line":358,"column":8},"end":{"line":362,"column":9}},"241":{"start":{"line":359,"column":12},"end":{"line":359,"column":113}},"242":{"start":{"line":360,"column":12},"end":{"line":360,"column":74}},"243":{"start":{"line":361,"column":12},"end":{"line":361,"column":19}},"244":{"start":{"line":364,"column":29},"end":{"line":371,"column":9}},"245":{"start":{"line":373,"column":8},"end":{"line":380,"column":9}},"246":{"start":{"line":374,"column":12},"end":{"line":374,"column":60}},"247":{"start":{"line":375,"column":12},"end":{"line":375,"column":28}},"248":{"start":{"line":376,"column":12},"end":{"line":376,"column":36}},"249":{"start":{"line":378,"column":12},"end":{"line":378,"column":85}},"250":{"start":{"line":379,"column":12},"end":{"line":379,"column":74}},"251":{"start":{"line":383,"column":28},"end":{"line":449,"column":5}},"252":{"start":{"line":384,"column":8},"end":{"line":384,"column":38}},"253":{"start":{"line":385,"column":24},"end":{"line":385,"column":85}},"254":{"start":{"line":385,"column":44},"end":{"line":385,"column":84}},"255":{"start":{"line":386,"column":20},"end":{"line":386,"column":83}},"256":{"start":{"line":386,"column":43},"end":{"line":386,"column":82}},"257":{"start":{"line":388,"column":8},"end":{"line":388,"column":119}},"258":{"start":{"line":389,"column":8},"end":{"line":389,"column":102}},"259":{"start":{"line":390,"column":8},"end":{"line":390,"column":103}},"260":{"start":{"line":391,"column":8},"end":{"line":391,"column":119}},"261":{"start":{"line":393,"column":32},"end":{"line":393,"column":82}},"262":{"start":{"line":395,"column":32},"end":{"line":395,"column":60}},"263":{"start":{"line":397,"column":8},"end":{"line":397,"column":39}},"264":{"start":{"line":399,"column":8},"end":{"line":446,"column":9}},"265":{"start":{"line":400,"column":12},"end":{"line":400,"column":52}},"266":{"start":{"line":401,"column":26},"end":{"line":401,"column":78}},"267":{"start":{"line":402,"column":33},"end":{"line":402,"column":72}},"268":{"start":{"line":403,"column":12},"end":{"line":403,"column":33}},"269":{"start":{"line":405,"column":39},"end":{"line":407,"column":13}},"270":{"start":{"line":406,"column":16},"end":{"line":406,"column":130}},"271":{"start":{"line":408,"column":12},"end":{"line":408,"column":33}},"272":{"start":{"line":410,"column":12},"end":{"line":443,"column":15}},"273":{"start":{"line":410,"column":34},"end":{"line":410,"column":74}},"274":{"start":{"line":411,"column":32},"end":{"line":411,"column":61}},"275":{"start":{"line":412,"column":16},"end":{"line":412,"column":53}},"276":{"start":{"line":414,"column":35},"end":{"line":414,"column":65}},"277":{"start":{"line":415,"column":16},"end":{"line":415,"column":62}},"278":{"start":{"line":416,"column":16},"end":{"line":416,"column":69}},"279":{"start":{"line":418,"column":32},"end":{"line":418,"column":62}},"280":{"start":{"line":419,"column":16},"end":{"line":419,"column":58}},"281":{"start":{"line":420,"column":16},"end":{"line":420,"column":84}},"282":{"start":{"line":422,"column":16},"end":{"line":422,"column":48}},"283":{"start":{"line":423,"column":16},"end":{"line":423,"column":45}},"284":{"start":{"line":425,"column":16},"end":{"line":440,"column":19}},"285":{"start":{"line":426,"column":34},"end":{"line":426,"column":80}},"286":{"start":{"line":428,"column":20},"end":{"line":438,"column":21}},"287":{"start":{"line":429,"column":24},"end":{"line":429,"column":67}},"288":{"start":{"line":430,"column":24},"end":{"line":430,"column":77}},"289":{"start":{"line":432,"column":24},"end":{"line":437,"column":25}},"290":{"start":{"line":433,"column":28},"end":{"line":433,"column":72}},"291":{"start":{"line":434,"column":28},"end":{"line":434,"column":78}},"292":{"start":{"line":436,"column":28},"end":{"line":436,"column":120}},"293":{"start":{"line":439,"column":20},"end":{"line":439,"column":41}},"294":{"start":{"line":442,"column":16},"end":{"line":442,"column":43}},"295":{"start":{"line":445,"column":12},"end":{"line":445,"column":51}},"296":{"start":{"line":448,"column":8},"end":{"line":448,"column":36}},"297":{"start":{"line":451,"column":4},"end":{"line":460,"column":7}},"298":{"start":{"line":452,"column":8},"end":{"line":459,"column":9}},"299":{"start":{"line":453,"column":12},"end":{"line":453,"column":108}},"300":{"start":{"line":454,"column":12},"end":{"line":454,"column":28}},"301":{"start":{"line":455,"column":12},"end":{"line":455,"column":36}},"302":{"start":{"line":457,"column":12},"end":{"line":457,"column":95}},"303":{"start":{"line":458,"column":12},"end":{"line":458,"column":102}},"304":{"start":{"line":462,"column":29},"end":{"line":474,"column":5}},"305":{"start":{"line":463,"column":8},"end":{"line":463,"column":38}},"306":{"start":{"line":464,"column":24},"end":{"line":464,"column":85}},"307":{"start":{"line":464,"column":44},"end":{"line":464,"column":84}},"308":{"start":{"line":465,"column":20},"end":{"line":465,"column":83}},"309":{"start":{"line":465,"column":43},"end":{"line":465,"column":82}},"310":{"start":{"line":467,"column":29},"end":{"line":467,"column":104}},"311":{"start":{"line":468,"column":8},"end":{"line":468,"column":130}},"312":{"start":{"line":469,"column":8},"end":{"line":469,"column":83}},"313":{"start":{"line":471,"column":8},"end":{"line":471,"column":65}},"314":{"start":{"line":473,"column":8},"end":{"line":473,"column":37}},"315":{"start":{"line":476,"column":4},"end":{"line":485,"column":7}},"316":{"start":{"line":477,"column":8},"end":{"line":484,"column":9}},"317":{"start":{"line":478,"column":12},"end":{"line":478,"column":82}},"318":{"start":{"line":479,"column":12},"end":{"line":479,"column":28}},"319":{"start":{"line":480,"column":12},"end":{"line":480,"column":36}},"320":{"start":{"line":482,"column":12},"end":{"line":482,"column":100}},"321":{"start":{"line":483,"column":12},"end":{"line":483,"column":103}},"322":{"start":{"line":487,"column":29},"end":{"line":523,"column":5}},"323":{"start":{"line":488,"column":8},"end":{"line":488,"column":38}},"324":{"start":{"line":489,"column":24},"end":{"line":489,"column":85}},"325":{"start":{"line":489,"column":44},"end":{"line":489,"column":84}},"326":{"start":{"line":490,"column":20},"end":{"line":490,"column":83}},"327":{"start":{"line":490,"column":43},"end":{"line":490,"column":82}},"328":{"start":{"line":491,"column":21},"end":{"line":491,"column":92}},"329":{"start":{"line":491,"column":47},"end":{"line":491,"column":91}},"330":{"start":{"line":493,"column":29},"end":{"line":493,"column":104}},"331":{"start":{"line":494,"column":8},"end":{"line":494,"column":119}},"332":{"start":{"line":495,"column":8},"end":{"line":495,"column":80}},"333":{"start":{"line":496,"column":8},"end":{"line":496,"column":111}},"334":{"start":{"line":498,"column":28},"end":{"line":498,"column":127}},"335":{"start":{"line":499,"column":28},"end":{"line":499,"column":94}},"336":{"start":{"line":500,"column":8},"end":{"line":500,"column":88}},"337":{"start":{"line":502,"column":33},"end":{"line":502,"column":113}},"338":{"start":{"line":503,"column":27},"end":{"line":503,"column":65}},"339":{"start":{"line":505,"column":26},"end":{"line":505,"column":75}},"340":{"start":{"line":506,"column":25},"end":{"line":506,"column":80}},"341":{"start":{"line":508,"column":8},"end":{"line":516,"column":9}},"342":{"start":{"line":509,"column":33},"end":{"line":509,"column":75}},"343":{"start":{"line":510,"column":12},"end":{"line":510,"column":98}},"344":{"start":{"line":511,"column":12},"end":{"line":511,"column":47}},"345":{"start":{"line":512,"column":15},"end":{"line":516,"column":9}},"346":{"start":{"line":513,"column":12},"end":{"line":513,"column":47}},"347":{"start":{"line":515,"column":12},"end":{"line":515,"column":46}},"348":{"start":{"line":518,"column":8},"end":{"line":518,"column":57}},"349":{"start":{"line":519,"column":8},"end":{"line":519,"column":54}},"350":{"start":{"line":520,"column":8},"end":{"line":520,"column":65}},"351":{"start":{"line":522,"column":8},"end":{"line":522,"column":37}},"352":{"start":{"line":525,"column":32},"end":{"line":597,"column":5}},"353":{"start":{"line":526,"column":24},"end":{"line":526,"column":85}},"354":{"start":{"line":526,"column":44},"end":{"line":526,"column":84}},"355":{"start":{"line":527,"column":20},"end":{"line":527,"column":83}},"356":{"start":{"line":527,"column":43},"end":{"line":527,"column":82}},"357":{"start":{"line":528,"column":21},"end":{"line":528,"column":92}},"358":{"start":{"line":528,"column":47},"end":{"line":528,"column":91}},"359":{"start":{"line":530,"column":28},"end":{"line":530,"column":84}},"360":{"start":{"line":531,"column":22},"end":{"line":531,"column":65}},"361":{"start":{"line":532,"column":8},"end":{"line":532,"column":43}},"362":{"start":{"line":533,"column":8},"end":{"line":533,"column":70}},"363":{"start":{"line":535,"column":8},"end":{"line":535,"column":127}},"364":{"start":{"line":536,"column":8},"end":{"line":536,"column":133}},"365":{"start":{"line":538,"column":26},"end":{"line":538,"column":69}},"366":{"start":{"line":539,"column":8},"end":{"line":547,"column":9}},"367":{"start":{"line":540,"column":28},"end":{"line":543,"column":14}},"368":{"start":{"line":541,"column":26},"end":{"line":541,"column":69}},"369":{"start":{"line":541,"column":48},"end":{"line":541,"column":68}},"370":{"start":{"line":542,"column":16},"end":{"line":542,"column":101}},"371":{"start":{"line":544,"column":12},"end":{"line":544,"column":55}},"372":{"start":{"line":546,"column":12},"end":{"line":546,"column":127}},"373":{"start":{"line":549,"column":28},"end":{"line":549,"column":107}},"374":{"start":{"line":549,"column":35},"end":{"line":549,"column":107}},"375":{"start":{"line":550,"column":32},"end":{"line":550,"column":83}},"376":{"start":{"line":550,"column":39},"end":{"line":550,"column":83}},"377":{"start":{"line":552,"column":8},"end":{"line":552,"column":97}},"378":{"start":{"line":553,"column":8},"end":{"line":553,"column":99}},"379":{"start":{"line":554,"column":8},"end":{"line":554,"column":97}},"380":{"start":{"line":555,"column":8},"end":{"line":555,"column":99}},"381":{"start":{"line":556,"column":8},"end":{"line":556,"column":101}},"382":{"start":{"line":558,"column":8},"end":{"line":558,"column":108}},"383":{"start":{"line":559,"column":8},"end":{"line":559,"column":100}},"384":{"start":{"line":561,"column":8},"end":{"line":566,"column":9}},"385":{"start":{"line":562,"column":37},"end":{"line":562,"column":75}},"386":{"start":{"line":563,"column":12},"end":{"line":563,"column":116}},"387":{"start":{"line":565,"column":12},"end":{"line":565,"column":102}},"388":{"start":{"line":568,"column":8},"end":{"line":568,"column":109}},"389":{"start":{"line":569,"column":8},"end":{"line":569,"column":108}},"390":{"start":{"line":571,"column":28},"end":{"line":571,"column":127}},"391":{"start":{"line":572,"column":23},"end":{"line":572,"column":56}},"392":{"start":{"line":573,"column":25},"end":{"line":573,"column":90}},"393":{"start":{"line":575,"column":8},"end":{"line":575,"column":67}},"394":{"start":{"line":576,"column":8},"end":{"line":576,"column":88}},"395":{"start":{"line":578,"column":25},"end":{"line":578,"column":60}},"396":{"start":{"line":579,"column":8},"end":{"line":586,"column":9}},"397":{"start":{"line":580,"column":12},"end":{"line":580,"column":44}},"398":{"start":{"line":581,"column":12},"end":{"line":581,"column":93}},"399":{"start":{"line":582,"column":12},"end":{"line":582,"column":112}},"400":{"start":{"line":584,"column":12},"end":{"line":584,"column":44}},"401":{"start":{"line":585,"column":12},"end":{"line":585,"column":95}},"402":{"start":{"line":588,"column":23},"end":{"line":588,"column":67}},"403":{"start":{"line":589,"column":8},"end":{"line":594,"column":9}},"404":{"start":{"line":590,"column":12},"end":{"line":590,"column":43}},"405":{"start":{"line":591,"column":12},"end":{"line":591,"column":83}},"406":{"start":{"line":593,"column":12},"end":{"line":593,"column":42}},"407":{"start":{"line":596,"column":8},"end":{"line":596,"column":36}},"408":{"start":{"line":599,"column":4},"end":{"line":607,"column":7}},"409":{"start":{"line":600,"column":8},"end":{"line":606,"column":9}},"410":{"start":{"line":601,"column":12},"end":{"line":601,"column":80}},"411":{"start":{"line":602,"column":12},"end":{"line":602,"column":28}},"412":{"start":{"line":603,"column":12},"end":{"line":603,"column":36}},"413":{"start":{"line":605,"column":12},"end":{"line":605,"column":87}},"414":{"start":{"line":609,"column":4},"end":{"line":609,"column":28}}},"fnMap":{"0":{"name":"initReservas","decl":{"start":{"line":4,"column":22},"end":{"line":4,"column":34}},"loc":{"start":{"line":4,"column":37},"end":{"line":610,"column":1}},"line":4},"1":{"name":"(anonymous_1)","decl":{"start":{"line":21,"column":16},"end":{"line":21,"column":17}},"loc":{"start":{"line":21,"column":25},"end":{"line":26,"column":5}},"line":21},"2":{"name":"(anonymous_2)","decl":{"start":{"line":28,"column":23},"end":{"line":28,"column":24}},"loc":{"start":{"line":28,"column":31},"end":{"line":34,"column":5}},"line":28},"3":{"name":"(anonymous_3)","decl":{"start":{"line":36,"column":26},"end":{"line":36,"column":27}},"loc":{"start":{"line":36,"column":32},"end":{"line":40,"column":5}},"line":36},"4":{"name":"(anonymous_4)","decl":{"start":{"line":37,"column":52},"end":{"line":37,"column":53}},"loc":{"start":{"line":37,"column":57},"end":{"line":37,"column":90}},"line":37},"5":{"name":"(anonymous_5)","decl":{"start":{"line":42,"column":54},"end":{"line":42,"column":55}},"loc":{"start":{"line":42,"column":61},"end":{"line":44,"column":5}},"line":42},"6":{"name":"(anonymous_6)","decl":{"start":{"line":46,"column":28},"end":{"line":46,"column":29}},"loc":{"start":{"line":46,"column":40},"end":{"line":68,"column":5}},"line":46},"7":{"name":"(anonymous_7)","decl":{"start":{"line":51,"column":52},"end":{"line":51,"column":53}},"loc":{"start":{"line":51,"column":58},"end":{"line":51,"column":60}},"line":51},"8":{"name":"(anonymous_8)","decl":{"start":{"line":52,"column":56},"end":{"line":52,"column":57}},"loc":{"start":{"line":52,"column":62},"end":{"line":52,"column":64}},"line":52},"9":{"name":"(anonymous_9)","decl":{"start":{"line":53,"column":59},"end":{"line":53,"column":60}},"loc":{"start":{"line":53,"column":65},"end":{"line":53,"column":67}},"line":53},"10":{"name":"(anonymous_10)","decl":{"start":{"line":54,"column":62},"end":{"line":54,"column":63}},"loc":{"start":{"line":54,"column":68},"end":{"line":54,"column":70}},"line":54},"11":{"name":"(anonymous_11)","decl":{"start":{"line":57,"column":36},"end":{"line":57,"column":37}},"loc":{"start":{"line":57,"column":46},"end":{"line":57,"column":97}},"line":57},"12":{"name":"(anonymous_12)","decl":{"start":{"line":70,"column":32},"end":{"line":70,"column":33}},"loc":{"start":{"line":70,"column":38},"end":{"line":82,"column":5}},"line":70},"13":{"name":"(anonymous_13)","decl":{"start":{"line":74,"column":51},"end":{"line":74,"column":52}},"loc":{"start":{"line":74,"column":56},"end":{"line":77,"column":9}},"line":74},"14":{"name":"(anonymous_14)","decl":{"start":{"line":79,"column":82},"end":{"line":79,"column":83}},"loc":{"start":{"line":79,"column":87},"end":{"line":79,"column":140}},"line":79},"15":{"name":"(anonymous_15)","decl":{"start":{"line":80,"column":79},"end":{"line":80,"column":80}},"loc":{"start":{"line":80,"column":84},"end":{"line":80,"column":136}},"line":80},"16":{"name":"(anonymous_16)","decl":{"start":{"line":81,"column":82},"end":{"line":81,"column":83}},"loc":{"start":{"line":81,"column":87},"end":{"line":81,"column":140}},"line":81},"17":{"name":"(anonymous_17)","decl":{"start":{"line":84,"column":28},"end":{"line":84,"column":29}},"loc":{"start":{"line":84,"column":34},"end":{"line":109,"column":5}},"line":84},"18":{"name":"(anonymous_18)","decl":{"start":{"line":88,"column":40},"end":{"line":88,"column":41}},"loc":{"start":{"line":88,"column":47},"end":{"line":106,"column":9}},"line":88},"19":{"name":"(anonymous_19)","decl":{"start":{"line":98,"column":47},"end":{"line":98,"column":48}},"loc":{"start":{"line":98,"column":52},"end":{"line":98,"column":88}},"line":98},"20":{"name":"(anonymous_20)","decl":{"start":{"line":99,"column":46},"end":{"line":99,"column":47}},"loc":{"start":{"line":99,"column":51},"end":{"line":99,"column":86}},"line":99},"21":{"name":"(anonymous_21)","decl":{"start":{"line":111,"column":28},"end":{"line":111,"column":29}},"loc":{"start":{"line":111,"column":39},"end":{"line":252,"column":5}},"line":111},"22":{"name":"(anonymous_22)","decl":{"start":{"line":121,"column":22},"end":{"line":121,"column":23}},"loc":{"start":{"line":121,"column":29},"end":{"line":251,"column":9}},"line":121},"23":{"name":"(anonymous_23)","decl":{"start":{"line":125,"column":41},"end":{"line":125,"column":42}},"loc":{"start":{"line":125,"column":48},"end":{"line":128,"column":13}},"line":125},"24":{"name":"(anonymous_24)","decl":{"start":{"line":130,"column":43},"end":{"line":130,"column":44}},"loc":{"start":{"line":130,"column":48},"end":{"line":130,"column":84}},"line":130},"25":{"name":"(anonymous_25)","decl":{"start":{"line":131,"column":42},"end":{"line":131,"column":43}},"loc":{"start":{"line":131,"column":47},"end":{"line":131,"column":82}},"line":131},"26":{"name":"(anonymous_26)","decl":{"start":{"line":132,"column":46},"end":{"line":132,"column":47}},"loc":{"start":{"line":132,"column":51},"end":{"line":132,"column":95}},"line":132},"27":{"name":"(anonymous_27)","decl":{"start":{"line":145,"column":41},"end":{"line":145,"column":42}},"loc":{"start":{"line":145,"column":58},"end":{"line":149,"column":13}},"line":145},"28":{"name":"(anonymous_28)","decl":{"start":{"line":164,"column":66},"end":{"line":164,"column":67}},"loc":{"start":{"line":164,"column":72},"end":{"line":167,"column":21}},"line":164},"29":{"name":"(anonymous_29)","decl":{"start":{"line":165,"column":49},"end":{"line":165,"column":50}},"loc":{"start":{"line":165,"column":56},"end":{"line":165,"column":76}},"line":165},"30":{"name":"(anonymous_30)","decl":{"start":{"line":169,"column":63},"end":{"line":169,"column":64}},"loc":{"start":{"line":169,"column":68},"end":{"line":169,"column":123}},"line":169},"31":{"name":"(anonymous_31)","decl":{"start":{"line":176,"column":54},"end":{"line":176,"column":55}},"loc":{"start":{"line":176,"column":64},"end":{"line":176,"column":82}},"line":176},"32":{"name":"(anonymous_32)","decl":{"start":{"line":233,"column":37},"end":{"line":233,"column":38}},"loc":{"start":{"line":233,"column":43},"end":{"line":233,"column":63}},"line":233},"33":{"name":"(anonymous_33)","decl":{"start":{"line":238,"column":38},"end":{"line":238,"column":39}},"loc":{"start":{"line":238,"column":44},"end":{"line":238,"column":65}},"line":238},"34":{"name":"(anonymous_34)","decl":{"start":{"line":246,"column":38},"end":{"line":246,"column":39}},"loc":{"start":{"line":246,"column":44},"end":{"line":246,"column":65}},"line":246},"35":{"name":"(anonymous_35)","decl":{"start":{"line":259,"column":43},"end":{"line":259,"column":44}},"loc":{"start":{"line":259,"column":49},"end":{"line":266,"column":9}},"line":259},"36":{"name":"(anonymous_36)","decl":{"start":{"line":269,"column":34},"end":{"line":269,"column":35}},"loc":{"start":{"line":269,"column":40},"end":{"line":279,"column":5}},"line":269},"37":{"name":"(anonymous_37)","decl":{"start":{"line":273,"column":26},"end":{"line":273,"column":27}},"loc":{"start":{"line":273,"column":31},"end":{"line":278,"column":9}},"line":273},"38":{"name":"(anonymous_38)","decl":{"start":{"line":281,"column":34},"end":{"line":281,"column":35}},"loc":{"start":{"line":281,"column":40},"end":{"line":315,"column":5}},"line":281},"39":{"name":"(anonymous_39)","decl":{"start":{"line":301,"column":52},"end":{"line":301,"column":53}},"loc":{"start":{"line":301,"column":57},"end":{"line":301,"column":82}},"line":301},"40":{"name":"(anonymous_40)","decl":{"start":{"line":303,"column":32},"end":{"line":303,"column":33}},"loc":{"start":{"line":303,"column":37},"end":{"line":314,"column":9}},"line":303},"41":{"name":"(anonymous_41)","decl":{"start":{"line":304,"column":46},"end":{"line":304,"column":47}},"loc":{"start":{"line":304,"column":51},"end":{"line":304,"column":92}},"line":304},"42":{"name":"(anonymous_42)","decl":{"start":{"line":320,"column":42},"end":{"line":320,"column":43}},"loc":{"start":{"line":320,"column":49},"end":{"line":350,"column":5}},"line":320},"43":{"name":"(anonymous_43)","decl":{"start":{"line":352,"column":72},"end":{"line":352,"column":73}},"loc":{"start":{"line":352,"column":85},"end":{"line":381,"column":5}},"line":352},"44":{"name":"(anonymous_44)","decl":{"start":{"line":383,"column":28},"end":{"line":383,"column":29}},"loc":{"start":{"line":383,"column":41},"end":{"line":449,"column":5}},"line":383},"45":{"name":"(anonymous_45)","decl":{"start":{"line":385,"column":39},"end":{"line":385,"column":40}},"loc":{"start":{"line":385,"column":44},"end":{"line":385,"column":84}},"line":385},"46":{"name":"(anonymous_46)","decl":{"start":{"line":386,"column":38},"end":{"line":386,"column":39}},"loc":{"start":{"line":386,"column":43},"end":{"line":386,"column":82}},"line":386},"47":{"name":"(anonymous_47)","decl":{"start":{"line":405,"column":39},"end":{"line":405,"column":40}},"loc":{"start":{"line":405,"column":45},"end":{"line":407,"column":13}},"line":405},"48":{"name":"(anonymous_48)","decl":{"start":{"line":410,"column":29},"end":{"line":410,"column":30}},"loc":{"start":{"line":410,"column":34},"end":{"line":410,"column":74}},"line":410},"49":{"name":"(anonymous_49)","decl":{"start":{"line":410,"column":84},"end":{"line":410,"column":85}},"loc":{"start":{"line":410,"column":89},"end":{"line":443,"column":13}},"line":410},"50":{"name":"(anonymous_50)","decl":{"start":{"line":425,"column":50},"end":{"line":425,"column":51}},"loc":{"start":{"line":425,"column":56},"end":{"line":440,"column":17}},"line":425},"51":{"name":"(anonymous_51)","decl":{"start":{"line":451,"column":80},"end":{"line":451,"column":81}},"loc":{"start":{"line":451,"column":92},"end":{"line":460,"column":5}},"line":451},"52":{"name":"(anonymous_52)","decl":{"start":{"line":462,"column":29},"end":{"line":462,"column":30}},"loc":{"start":{"line":462,"column":42},"end":{"line":474,"column":5}},"line":462},"53":{"name":"(anonymous_53)","decl":{"start":{"line":464,"column":39},"end":{"line":464,"column":40}},"loc":{"start":{"line":464,"column":44},"end":{"line":464,"column":84}},"line":464},"54":{"name":"(anonymous_54)","decl":{"start":{"line":465,"column":38},"end":{"line":465,"column":39}},"loc":{"start":{"line":465,"column":43},"end":{"line":465,"column":82}},"line":465},"55":{"name":"(anonymous_55)","decl":{"start":{"line":476,"column":81},"end":{"line":476,"column":82}},"loc":{"start":{"line":476,"column":93},"end":{"line":485,"column":5}},"line":476},"56":{"name":"(anonymous_56)","decl":{"start":{"line":487,"column":29},"end":{"line":487,"column":30}},"loc":{"start":{"line":487,"column":48},"end":{"line":523,"column":5}},"line":487},"57":{"name":"(anonymous_57)","decl":{"start":{"line":489,"column":39},"end":{"line":489,"column":40}},"loc":{"start":{"line":489,"column":44},"end":{"line":489,"column":84}},"line":489},"58":{"name":"(anonymous_58)","decl":{"start":{"line":490,"column":38},"end":{"line":490,"column":39}},"loc":{"start":{"line":490,"column":43},"end":{"line":490,"column":82}},"line":490},"59":{"name":"(anonymous_59)","decl":{"start":{"line":491,"column":42},"end":{"line":491,"column":43}},"loc":{"start":{"line":491,"column":47},"end":{"line":491,"column":91}},"line":491},"60":{"name":"(anonymous_60)","decl":{"start":{"line":525,"column":32},"end":{"line":525,"column":33}},"loc":{"start":{"line":525,"column":45},"end":{"line":597,"column":5}},"line":525},"61":{"name":"(anonymous_61)","decl":{"start":{"line":526,"column":39},"end":{"line":526,"column":40}},"loc":{"start":{"line":526,"column":44},"end":{"line":526,"column":84}},"line":526},"62":{"name":"(anonymous_62)","decl":{"start":{"line":527,"column":38},"end":{"line":527,"column":39}},"loc":{"start":{"line":527,"column":43},"end":{"line":527,"column":82}},"line":527},"63":{"name":"(anonymous_63)","decl":{"start":{"line":528,"column":42},"end":{"line":528,"column":43}},"loc":{"start":{"line":528,"column":47},"end":{"line":528,"column":91}},"line":528},"64":{"name":"(anonymous_64)","decl":{"start":{"line":540,"column":56},"end":{"line":540,"column":57}},"loc":{"start":{"line":540,"column":62},"end":{"line":543,"column":13}},"line":540},"65":{"name":"(anonymous_65)","decl":{"start":{"line":541,"column":41},"end":{"line":541,"column":42}},"loc":{"start":{"line":541,"column":48},"end":{"line":541,"column":68}},"line":541},"66":{"name":"(anonymous_66)","decl":{"start":{"line":549,"column":28},"end":{"line":549,"column":29}},"loc":{"start":{"line":549,"column":35},"end":{"line":549,"column":107}},"line":549},"67":{"name":"(anonymous_67)","decl":{"start":{"line":550,"column":32},"end":{"line":550,"column":33}},"loc":{"start":{"line":550,"column":39},"end":{"line":550,"column":83}},"line":550},"68":{"name":"(anonymous_68)","decl":{"start":{"line":599,"column":81},"end":{"line":599,"column":82}},"loc":{"start":{"line":599,"column":93},"end":{"line":607,"column":5}},"line":599}},"branchMap":{"0":{"loc":{"start":{"line":13,"column":4},"end":{"line":13,"column":23}},"type":"if","locations":[{"start":{"line":13,"column":4},"end":{"line":13,"column":23}},{"start":{},"end":{}}],"line":13},"1":{"loc":{"start":{"line":22,"column":8},"end":{"line":22,"column":28}},"type":"if","locations":[{"start":{"line":22,"column":8},"end":{"line":22,"column":28}},{"start":{},"end":{}}],"line":22},"2":{"loc":{"start":{"line":30,"column":8}
[...]
:535,"column":61},"end":{"line":535,"column":126}},"type":"cond-expr","locations":[{"start":{"line":535,"column":71},"end":{"line":535,"column":110}},{"start":{"line":535,"column":113},"end":{"line":535,"column":126}}],"line":535},"74":{"loc":{"start":{"line":536,"column":57},"end":{"line":536,"column":132}},"type":"cond-expr","locations":[{"start":{"line":536,"column":67},"end":{"line":536,"column":124}},{"start":{"line":536,"column":127},"end":{"line":536,"column":132}}],"line":536},"75":{"loc":{"start":{"line":539,"column":8},"end":{"line":547,"column":9}},"type":"if","locations":[{"start":{"line":539,"column":8},"end":{"line":547,"column":9}},{"start":{"line":545,"column":15},"end":{"line":547,"column":9}}],"line":539},"76":{"loc":{"start":{"line":539,"column":12},"end":{"line":539,"column":73}},"type":"binary-expr","locations":[{"start":{"line":539,"column":12},"end":{"line":539,"column":35}},{"start":{"line":539,"column":39},"end":{"line":539,"column":73}}],"line":539},"77":{"loc":{"start":{"line":542,"column":23},"end":{"line":542,"column":100}},"type":"cond-expr","locations":[{"start":{"line":542,"column":27},"end":{"line":542,"column":82}},{"start":{"line":542,"column":85},"end":{"line":542,"column":100}}],"line":542},"78":{"loc":{"start":{"line":549,"column":35},"end":{"line":549,"column":107}},"type":"cond-expr","locations":[{"start":{"line":549,"column":39},"end":{"line":549,"column":93}},{"start":{"line":549,"column":96},"end":{"line":549,"column":107}}],"line":549},"79":{"loc":{"start":{"line":549,"column":48},"end":{"line":549,"column":75}},"type":"cond-expr","locations":[{"start":{"line":549,"column":66},"end":{"line":549,"column":67}},{"start":{"line":549,"column":70},"end":{"line":549,"column":75}}],"line":549},"80":{"loc":{"start":{"line":550,"column":39},"end":{"line":550,"column":83}},"type":"cond-expr","locations":[{"start":{"line":550,"column":43},"end":{"line":550,"column":75}},{"start":{"line":550,"column":78},"end":{"line":550,"column":83}}],"line":550},"81":{"loc":{"start":{"line":558,"column":57},"end":{"line":558,"column":107}},"type":"cond-expr","locations":[{"start":{"line":558,"column":63},"end":{"line":558,"column":99}},{"start":{"line":558,"column":102},"end":{"line":558,"column":107}}],"line":558},"82":{"loc":{"start":{"line":559,"column":65},"end":{"line":559,"column":99}},"type":"cond-expr","locations":[{"start":{"line":559,"column":72},"end":{"line":559,"column":83}},{"start":{"line":559,"column":86},"end":{"line":559,"column":99}}],"line":559},"83":{"loc":{"start":{"line":561,"column":8},"end":{"line":566,"column":9}},"type":"if","locations":[{"start":{"line":561,"column":8},"end":{"line":566,"column":9}},{"start":{"line":564,"column":15},"end":{"line":566,"column":9}}],"line":561},"84":{"loc":{"start":{"line":568,"column":63},"end":{"line":568,"column":108}},"type":"cond-expr","locations":[{"start":{"line":568,"column":70},"end":{"line":568,"column":100}},{"start":{"line":568,"column":103},"end":{"line":568,"column":108}}],"line":568},"85":{"loc":{"start":{"line":569,"column":65},"end":{"line":569,"column":107}},"type":"cond-expr","locations":[{"start":{"line":569,"column":72},"end":{"line":569,"column":99}},{"start":{"line":569,"column":102},"end":{"line":569,"column":107}}],"line":569},"86":{"loc":{"start":{"line":572,"column":23},"end":{"line":572,"column":56}},"type":"cond-expr","locations":[{"start":{"line":572,"column":41},"end":{"line":572,"column":52}},{"start":{"line":572,"column":55},"end":{"line":572,"column":56}}],"line":572},"87":{"loc":{"start":{"line":573,"column":26},"end":{"line":573,"column":80}},"type":"binary-expr","locations":[{"start":{"line":573,"column":26},"end":{"line":573,"column":48}},{"start":{"line":573,"column":53},"end":{"line":573,"column":79}}],"line":573},"88":{"loc":{"start":{"line":573,"column":53},"end":{"line":573,"column":79}},"type":"cond-expr","locations":[{"start":{"line":573,"column":60},"end":{"line":573,"column":75}},{"start":{"line":573,"column":78},"end":{"line":573,"column":79}}],"line":573},"89":{"loc":{"start":{"line":579,"column":8},"end":{"line":586,"column":9}},"type":"if","locations":[{"start":{"line":579,"column":8},"end":{"line":586,"column":9}},{"start":{"line":583,"column":15},"end":{"line":586,"column":9}}],"line":579},"90":{"loc":{"start":{"line":579,"column":12},"end":{"line":579,"column":44}},"type":"binary-expr","locations":[{"start":{"line":579,"column":12},"end":{"line":579,"column":24}},{"start":{"line":579,"column":28},"end":{"line":579,"column":44}}],"line":579},"91":{"loc":{"start":{"line":589,"column":8},"end":{"line":594,"column":9}},"type":"if","locations":[{"start":{"line":589,"column":8},"end":{"line":594,"column":9}},{"start":{"line":592,"column":15},"end":{"line":594,"column":9}}],"line":589},"92":{"loc":{"start":{"line":589,"column":12},"end":{"line":589,"column":72}},"type":"binary-expr","locations":[{"start":{"line":589,"column":12},"end":{"line":589,"column":33}},{"start":{"line":589,"column":37},"end":{"line":589,"column":72}}],"line":589}},"s":{"0":0,"1":0,"2":0,"3":0,"4":0,"5":0,"6":0,"7":0,"8":0,"9":0,"10":0,"11":0,"12":0,"13":0,"14":0,"15":0,"16":0,"17":0,"18":0,"19":0,"20":0,"21":0,"22":0,"23":0,"24":0,"25":0,"26":0,"27":0,"28":0,"29":0,"30":0,"31":0,"32":0,"33":0,"34":0,"35":0,"36":0,"37":0,"38":0,"39":0,"40":0,"41":0,"42":0,"43":0,"44":0,"45":0,"46":0,"47":0,"48":0,"49":0,"50":0,"51":0,"52":0,"53":0,"54":0,"55":0,"56":0,"57":0,"58":0,"59":0,"60":0,"61":0,"62":0,"63":0,"64":0,"65":0,"66":0,"67":0,"68":0,"69":0,"70":0,"71":0,"72":0,"73":0,"74":0,"75":0,"76":0,"77":0,"78":0,"79":0,"80":0,"81":0,"82":0,"83":0,"84":0,"85":0,"86":0,"87":0,"88":0,"89":0,"90":0,"91":0,"92":0,"93":0,"94":0,"95":0,"96":0,"97":0,"98":0,"99":0,"100":0,"101":0,"102":0,"103":0,"104":0,"105":0,"106":0,"107":0,"108":0,"109":0,"110":0,"111":0,"112":0,"113":0,"114":0,"115":0,"116":0,"117":0,"118":0,"119":0,"120":0,"121":0,"122":0,"123":0,"124":0,"125":0,"126":0,"127":0,"128":0,"129":0,"130":0,"131":0,"132":0,"133":0,"134":0,"135":0,"136":0,"137":0,"138":0,"139":0,"140":0,"141":0,"142":0,"143":0,"144":0,"145":0,"146":0,"147":0,"148":0,"149":0,"150":0,"151":0,"152":0,"153":0,"154":0,"155":0,"156":0,"157":0,"158":0,"159":0,"160":0,"161":0,"162":0,"163":0,"164":0,"165":0,"166":0,"167":0,"168":0,"169":0,"170":0,"171":0,"172":0,"173":0,"174":0,"175":0,"176":0,"177":0,"178":0,"179":0,"180":0,"181":0,"182":0,"183":0,"184":0,"185":0,"186":0,"187":0,"188":0,"189":0,"190":0,"191":0,"192":0,"193":0,"194":0,"195":0,"196":0,"197":0,"198":0,"199":0,"200":0,"201":0,"202":0,"203":0,"204":0,"205":0,"206":0,"207":0,"208":0,"209":0,"210":0,"211":0,"212":0,"213":0,"214":0,"215":0,"216":0,"217":0,"218":0,"219":0,"220":0,"221":0,"222":0,"223":0,"224":0,"225":0,"226":0,"227":0,"228":0,"229":0,"230":0,"231":0,"232":0,"233":0,"234":0,"235":0,"236":0,"237":0,"238":0,"239":0,"240":0,"241":0,"242":0,"243":0,"244":0,"245":0,"246":0,"247":0,"248":0,"249":0,"250":0,"251":0,"252":0,"253":0,"254":0,"255":0,"256":0,"257":0,"258":0,"259":0,"260":0,"261":0,"262":0,"263":0,"264":0,"265":0,"266":0,"267":0,"268":0,"269":0,"270":0,"271":0,"272":0,"273":0,"274":0,"275":0,"276":0,"277":0,"278":0,"279":0,"280":0,"281":0,"282":0,"283":0,"284":0,"285":0,"286":0,"287":0,"288":0,"289":0,"290":0,"291":0,"292":0,"293":0,"294":0,"295":0,"296":0,"297":0,"298":0,"299":0,"300":0,"301":0,"302":0,"303":0,"304":0,"305":0,"306":0,"307":0,"308":0,"309":0,"310":0,"311":0,"312":0,"313":0,"314":0,"315":0,"316":0,"317":0,"318":0,"319":0,"320":0,"321":0,"322":0,"323":0,"324":0,"325":0,"326":0,"327":0,"328":0,"329":0,"330":0,"331":0,"332":0,"333":0,"334":0,"335":0,"336":0,"337":0,"338":0,"339":0,"340":0,"341":0,"342":0,"343":0,"344":0,"345":0,"346":0,"347":0,"348":0,"349":0,"350":0,"351":0,"352":0,"353":0,"354":0,"355":0,"356":0,"357":0,"358":0,"359":0,"360":0,"361":0,"362":0,"363":0,"364":0,"365":0,"366":0,"367":0,"368":0,"369":0,"370":0,"371":0,"372":0,"373":0,"374":0,"375":0,"376":0,"377":0,"378":0,"379":0,"380":0,"381":0,"382":0,"383":0,"384":0,"385":0,"386":0,"387":0,"388":0,"389":0,"390":0,"391":0,"392":0,"393":0,"394":0,"395":0,"396":0,"397":0,"398":0,"399":0,"400":0,"401":0,"402":0,"403":0,"404":0,"405":0,"406":0,"407":0,"408":0,"409":0,"410":0,"411":0,"412":0,"413":0,"414":0},"f":{"0":0,"1":0,"2":0,"3":0,"4":0,"5":0,"6":0,"7":0,"8":0,"9":0,"10":0,"11":0,"12":0,"13":0,"14":0,"15":0,"16":0,"17":0,"18":0,"19":0,"20":0,"21":0,"22":0,"23":0,"24":0,"25":0,"26":0,"27":0,"28":0,"29":0,"30":0,"31":0,"32":0,"33":0,"34":0,"35":0,"36":0,"37":0,"38":0,"39":0,"40":0,"41":0,"42":0,"43":0,"44":0,"45":0,"46":0,"47":0,"48":0,"49":0,"50":0,"51":0,"52":0,"53":0,"54":0,"55":0,"56":0,"57":0,"58":0,"59":0,"60":0,"61":0,"62":0,"63":0,"64":0,"65":0,"66":0,"67":0,"68":0},"b":{"0":[0,0],"1":[0,0],"2":[0,0],"3":[0,0],"4":[0,0],"5":[0,0],"6":[0,0],"7":[0,0],"8":[0,0],"9":[0,0],"10":[0,0],"11":[0,0],"12":[0,0],"13":[0,0],"14":[0,0],"15":[0,0],"16":[0,0],"17":[0,0],"18":[0,0],"19":[0,0],"20":[0,0],"21":[0,0],"22":[0,0],"23":[0,0],"24":[0,0],"25":[0,0],"26":[0,0],"27":[0,0],"28":[0,0],"29":[0,0],"30":[0,0],"31":[0,0],"32":[0,0],"33":[0,0],"34":[0,0],"35":[0,0],"36":[0,0],"37":[0,0],"38":[0,0],"39":[0,0],"40":[0,0],"41":[0,0],"42":[0,0],"43":[0,0],"44":[0,0],"45":[0,0],"46":[0,0],"47":[0,0],"48":[0,0],"49":[0,0],"50":[0,0],"51":[0,0],"52":[0,0],"53":[0,0],"54":[0,0],"55":[0,0],"56":[0,0],"57":[0,0],"58":[0,0],"59":[0,0],"60":[0,0],"61":[0,0],"62":[0,0],"63":[0,0],"64":[0,0],"65":[0,0],"66":[0,0],"67":[0,0],"68":[0,0],"69":[0,0,0],"70":[0,0],"71":[0,0],"72":[0,0],"73":[0,0],"74":[0,0],"75":[0,0],"76":[0,0],"77":[0,0],"78":[0,0],"79":[0,0],"80":[0,0],"81":[0,0],"82":[0,0],"83":[0,0],"84":[0,0],"85":[0,0],"86":[0,0],"87":[0,0],"88":[0,0],"89":[0,0],"90":[0,0],"91":[0,0],"92":[0,0]}}
,"C:\\Users\\arian\\OneDrive\\Documentos\\UCB\\5TO SEMESTRE\\TALLER DE DISEÑO DE SOFTWARE 1\\PROYECTOS-TALLER\\Frontend\\src\\modules\\servicios\\ServicioService.js": {"path":"C:\\Users\\arian\\OneDrive\\Documentos\\UCB\\5TO SEMESTRE\\TALLER DE DISEÑO DE SOFTWARE 1\\PROYECTOS-TALLER\\Frontend\\src\\modules\\servicios\\ServicioService.js","statementMap":{"0":{"start":{"line":3,"column":31},"end":{"line":7,"column":1}},"1":{"start":{"line":5,"column":8},"end":{"line":5,"column":52}}},"fnMap":{"0":{"name":"(anonymous_0)","decl":{"start":{"line":4,"column":22},"end":{"line":4,"column":23}},"loc":{"start":{"line":4,"column":34},"end":{"line":6,"column":5}},"line":4}},"branchMap":{},"s":{"0":0,"1":0},"f":{"0":0},"b":{}}
,"C:\\Users\\arian\\OneDrive\\Documentos\\UCB\\5TO SEMESTRE\\TALLER DE DISEÑO DE SOFTWARE 1\\PROYECTOS-TALLER\\Frontend\\src\\modules\\servicios\\servicios.js": {"path":"C:\\Users\\arian\\OneDrive\\Documentos\\UCB\\5TO SEMESTRE\\TALLER DE DISEÑO DE SOFTWARE 1\\PROYECTOS-TALLER\\Frontend\\src\\modules\\servicios\\servicios.js","statementMap":{"0":{"start":{"line":4,"column":21},"end":{"line":4,"column":54}},"1":{"start":{"line":5,"column":4},"end":{"line":5,"column":41}},"2":{"start":{"line":7,"column":21},"end":{"line":7,"column":68}},"3":{"start":{"line":8,"column":21},"end":{"line":8,"column":110}},"4":{"start":{"line":10,"column":20},"end":{"line":10,"column":50}},"5":{"start":{"line":11,"column":18},"end":{"line":11,"column":60}},"6":{"start":{"line":12,"column":21},"end":{"line":12,"column":66}},"7":{"start":{"line":13,"column":21},"end":{"line":13,"column":91}},"8":{"start":{"line":15,"column":16},"end":{"line":20,"column":5}},"9":{"start":{"line":16,"column":8},"end":{"line":16,"column":31}},"10":{"start":{"line":16,"column":18},"end":{"line":16,"column":31}},"11":{"start":{"line":17,"column":20},"end":{"line":17,"column":49}},"12":{"start":{"line":18,"column":8},"end":{"line":18,"column":30}},"13":{"start":{"line":19,"column":8},"end":{"line":19,"column":29}},"14":{"start":{"line":22,"column":4},"end":{"line":100,"column":6}},"15":{"start":{"line":102,"column":4},"end":{"line":102,"column":20}},"16":{"start":{"line":106,"column":23},"end":{"line":106,"column":79}},"17":{"start":{"line":107,"column":21},"end":{"line":107,"column":66}},"18":{"start":{"line":109,"column":28},"end":{"line":133,"column":5}},"19":{"start":{"line":110,"column":8},"end":{"line":132,"column":9}},"20":{"start":{"line":111,"column":12},"end":{"line":111,"column":61}},"21":{"start":{"line":112,"column":30},"end":{"line":112,"column":70}},"22":{"start":{"line":114,"column":12},"end":{"line":114,"column":40}},"23":{"start":{"line":116,"column":12},"end":{"line":120,"column":13}},"24":{"start":{"line":117,"column":16},"end":{"line":117,"column":166}},"25":{"start":{"line":118,"column":16},"end":{"line":118,"column":57}},"26":{"start":{"line":118,"column":30},"end":{"line":118,"column":57}},"27":{"start":{"line":119,"column":16},"end":{"line":119,"column":23}},"28":{"start":{"line":122,"column":12},"end":{"line":122,"column":66}},"29":{"start":{"line":122,"column":26},"end":{"line":122,"column":66}},"30":{"start":{"line":124,"column":12},"end":{"line":127,"column":15}},"31":{"start":{"line":125,"column":32},"end":{"line":125,"column":62}},"32":{"start":{"line":126,"column":16},"end":{"line":126,"column":48}},"33":{"start":{"line":130,"column":12},"end":{"line":130,"column":63}},"34":{"start":{"line":131,"column":12},"end":{"line":131,"column":172}},"35":{"start":{"line":135,"column":4},"end":{"line":135,"column":28}}},"fnMap":{"0":{"name":"crearTarjetaServicio","decl":{"start":{"line":3,"column":9},"end":{"line":3,"column":29}},"loc":{"start":{"line":3,"column":40},"end":{"line":103,"column":1}},"line":3},"1":{"name":"(anonymous_1)","decl":{"start":{"line":15,"column":16},"end":{"line":15,"column":17}},"loc":{"start":{"line":15,"column":25},"end":{"line":20,"column":5}},"line":15},"2":{"name":"initServicios","decl":{"start":{"line":105,"column":22},"end":{"line":105,"column":35}},"loc":{"start":{"line":105,"column":38},"end":{"line":136,"column":1}},"line":105},"3":{"name":"(anonymous_3)","decl":{"start":{"line":109,"column":28},"end":{"line":109,"column":29}},"loc":{"start":{"line":109,"column":40},"end":{"line":133,"column":5}},"line":109},"4":{"name":"(anonymous_4)","decl":{"start":{"line":124,"column":30},"end":{"line":124,"column":31}},"loc":{"start":{"line":124,"column":42},"end":{"line":127,"column":13}},"line":124}},"branchMap":{"0":{"loc":{"start":{"line":7,"column":21},"end":{"line":7,"column":68}},"type":"cond-expr","locations":[{"start":{"line":7,"column":44},"end":{"line":7,"column":55}},{"start":{"line":7,"column":58},"end":{"line":7,"column":68}}],"line":7},"1":{"loc":{"start":{"line":8,"column":21},"end":{"line":8,"column":110}},"type":"cond-expr","locations":[{"start":{"line":8,"column":44},"end":{"line":8,"column":76}},{"start":{"line":8,"column":79},"end":{"line":8,"column":110}}],"line":8},"2":{"loc":{"start":{"line":10,"column":20},"end":{"line":10,"column":50}},"type":"binary-expr","locations":[{"start":{"line":10,"column":20},"end":{"line":10,"column":44}},{"start":{"line":10,"column":48},"end":{"line":10,"column":50}}],"line":10},"3":{"loc":{"start":{"line":12,"column":21},"end":{"line":12,"column":66}},"type":"cond-expr","locations":[{"start":{"line":12,"column":29},"end":{"line":12,"column":46}},{"start":{"line":12,"column":49},"end":{"line":12,"column":66}}],"line":12},"4":{"loc":{"start":{"line":13,"column":21},"end":{"line":13,"column":91}},"type":"cond-expr","locations":[{"start":{"line":13,"column":29},"end":{"line":13,"column":59}},{"start":{"line":13,"column":62},"end":{"line":13,"column":91}}],"line":13},"5":{"loc":{"start":{"line":16,"column":8},"end":{"line":16,"column":31}},"type":"if","locations":[{"start":{"line":16,"column":8},"end":{"line":16,"column":31}},{"start":{},"end":{}}],"line":16},"6":{"loc":{"start":{"line":116,"column":12},"end":{"line":120,"column":13}},"type":"if","locations":[{"start":{"line":116,"column":12},"end":{"line":120,"column":13}},{"start":{},"end":{}}],"line":116},"7":{"loc":{"start":{"line":116,"column":16},"end":{"line":116,"column":52}},"type":"binary-expr","locations":[{"start":{"line":116,"column":16},"end":{"line":116,"column":26}},{"start":{"line":116,"column":30},"end":{"line":116,"column":52}}],"line":116},"8":{"loc":{"start":{"line":118,"column":16},"end":{"line":118,"column":57}},"type":"if","locations":[{"start":{"line":118,"column":16},"end":{"line":118,"column":57}},{"start":{},"end":{}}],"line":118},"9":{"loc":{"start":{"line":122,"column":12},"end":{"line":122,"column":66}},"type":"if","locations":[{"start":{"line":122,"column":12},"end":{"line":122,"column":66}},{"start":{},"end":{}}],"line":122}},"s":{"0":0,"1":0,"2":0,"3":0,"4":0,"5":0,"6":0,"7":0,"8":0,"9":0,"10":0,"11":0,"12":0,"13":0,"14":0,"15":0,"16":0,"17":0,"18":0,"19":0,"20":0,"21":0,"22":0,"23":0,"24":0,"25":0,"26":0,"27":0,"28":0,"29":0,"30":0,"31":0,"32":0,"33":0,"34":0,"35":0},"f":{"0":0,"1":0,"2":0,"3":0,"4":0},"b":{"0":[0,0],"1":[0,0],"2":[0,0],"3":[0,0],"4":[0,0],"5":[0,0],"6":[0,0],"7":[0,0],"8":[0,0],"9":[0,0]}}
,"C:\\Users\\arian\\OneDrive\\Documentos\\UCB\\5TO SEMESTRE\\TALLER DE DISEÑO DE SOFTWARE 1\\PROYECTOS-TALLER\\Frontend\\src\\patterns\\TipoHabitacionStrategy.js": {"path":"C:\\Users\\arian\\OneDrive\\Documentos\\UCB\\5TO SEMESTRE\\TALLER DE DISEÑO DE SOFTWARE 1\\PROYECTOS-TALLER\\Frontend\\src\\patterns\\TipoHabitacionStrategy.js","statementMap":{"0":{"start":{"line":3,"column":8},"end":{"line":3,"column":102}},"1":{"start":{"line":9,"column":8},"end":{"line":9,"column":123}},"2":{"start":{"line":15,"column":8},"end":{"line":15,"column":120}},"3":{"start":{"line":21,"column":8},"end":{"line":21,"column":145}},"4":{"start":{"line":27,"column":23},"end":{"line":27,"column":55}},"5":{"start":{"line":29,"column":8},"end":{"line":35,"column":9}},"6":{"start":{"line":30,"column":12},"end":{"line":30,"column":50}},"7":{"start":{"line":31,"column":15},"end":{"line":35,"column":9}},"8":{"start":{"line":32,"column":12},"end":{"line":32,"column":50}},"9":{"start":{"line":34,"column":12},"end":{"line":34,"column":51}},"10":{"start":{"line":39,"column":8},"end":{"line":39,"column":52}}},"fnMap":{"0":{"name":"(anonymous_0)","decl":{"start":{"line":2,"column":4},"end":{"line":2,"column":5}},"loc":{"start":{"line":2,"column":25},"end":{"line":4,"column":5}},"line":2},"1":{"name":"(anonymous_1)","decl":{"start":{"line":8,"column":4},"end":{"line":8,"column":5}},"loc":{"start":{"line":8,"column":25},"end":{"line":10,"column":5}},"line":8},"2":{"name":"(anonymous_2)","decl":{"start":{"line":14,"column":4},"end":{"line":14,"column":5}},"loc":{"start":{"line":14,"column":25},"end":{"line":16,"column":5}},"line":14},"3":{"name":"(anonymous_3)","decl":{"start":{"line":20,"column":4},"end":{"line":20,"column":5}},"loc":{"start":{"line":20,"column":25},"end":{"line":22,"column":5}},"line":20},"4":{"name":"(anonymous_4)","decl":{"start":{"line":26,"column":4},"end":{"line":26,"column":5}},"loc":{"start":{"line":26,"column":28},"end":{"line":36,"column":5}},"line":26},"5":{"name":"(anonymous_5)","decl":{"start":{"line":38,"column":4},"end":{"line":38,"column":5}},"loc":{"start":{"line":38,"column":36},"end":{"line":40,"column":5}},"line":38}},"branchMap":{"0":{"loc":{"start":{"line":27,"column":24},"end":{"line":27,"column":40}},"type":"binary-expr","locations":[{"start":{"line":27,"column":24},"end":{"line":27,"column":34}},{"start":{"line":27,"column":38},"end":{"line":27,"column":40}}],"line":27},"1":{"loc":{"start":{"line":29,"column":8},"end":{"line":35,"column":9}},"type":"if","locations":[{"start":{"line":29,"column":8},"end":{"line":35,"column":9}},{"start":{"line":31,"column":15},"end":{"line":35,"column":9}}],"line":29},"2":{"loc":{"start":{"line":31,"column":15},"end":{"line":35,"column":9}},"type":"if","locations":[{"start":{"line":31,"column":15},"end":{"line":35,"column":9}},{"start":{"line":33,"column":15},"end":{"line":35,"column":9}}],"line":31}},"s":{"0":0,"1":0,"2":0,"3":0,"4":0,"5":0,"6":0,"7":0,"8":0,"9":0,"10":0},"f":{"0":0,"1":0,"2":0,"3":0,"4":0,"5":0},"b":{"0":[0,0],"1":[0,0],"2":[0,0]}}
}
