TN:
SF:src\modules\habitaciones\HabitacionService.js
FN:4,(anonymous_0)
FN:8,(anonymous_1)
FNF:2
FNH:0
FNDA:0,(anonymous_0)
FNDA:0,(anonymous_1)
DA:3,0
DA:5,0
DA:9,0
LF:3
LH:0
BRF:0
BRH:0
end_of_record
TN:
SF:src\modules\habitaciones\habitaciones.js
FN:6,initHabitaciones
FN:22,(anonymous_1)
FN:36,(anonymous_2)
FN:37,(anonymous_3)
FN:39,(anonymous_4)
FN:44,(anonymous_5)
FN:48,(anonymous_6)
FN:50,(anonymous_7)
FN:58,(anonymous_8)
FN:66,(anonymous_9)
FN:68,(anonymous_10)
FN:91,(anonymous_11)
FN:94,(anonymous_12)
FN:97,(anonymous_13)
FN:98,(anonymous_14)
FN:114,(anonymous_15)
FN:116,(anonymous_16)
FN:117,(anonymous_17)
FN:120,(anonymous_18)
FN:122,(anonymous_19)
FN:130,(anonymous_20)
FN:137,(anonymous_21)
FN:140,(anonymous_22)
FN:149,(anonymous_23)
FNF:24
FNH:0
FNDA:0,initHabitaciones
FNDA:0,(anonymous_1)
FNDA:0,(anonymous_2)
FNDA:0,(anonymous_3)
FNDA:0,(anonymous_4)
FNDA:0,(anonymous_5)
FNDA:0,(anonymous_6)
FNDA:0,(anonymous_7)
FNDA:0,(anonymous_8)
FNDA:0,(anonymous_9)
FNDA:0,(anonymous_10)
FNDA:0,(anonymous_11)
FNDA:0,(anonymous_12)
FNDA:0,(anonymous_13)
FNDA:0,(anonymous_14)
FNDA:0,(anonymous_15)
FNDA:0,(anonymous_16)
FNDA:0,(anonymous_17)
FNDA:0,(anonymous_18)
FNDA:0,(anonymous_19)
FNDA:0,(anonymous_20)
FNDA:0,(anonymous_21)
FNDA:0,(anonymous_22)
FNDA:0,(anonymous_23)
DA:3,0
DA:4,0
DA:7,0
DA:8,0
DA:9,0
DA:10,0
DA:12,0
DA:13,0
DA:15,0
DA:16,0
DA:18,0
DA:19,0
DA:20,0
DA:22,0
DA:23,0
DA:24,0
DA:25,0
DA:26,0
DA:27,0
DA:29,0
DA:30,0
DA:31,0
DA:32,0
DA:36,0
DA:37,0
DA:39,0
DA:40,0
DA:41,0
DA:44,0
DA:45,0
DA:46,0
DA:48,0
DA:50,0
DA:51,0
DA:52,0
DA:53,0
DA:54,0
DA:58,0
DA:59,0
DA:61,0
DA:62,0
DA:63,0
DA:66,0
DA:67,0
DA:68,0
DA:70,0
DA:71,0
DA:72,0
DA:73,0
DA:74,0
DA:75,0
DA:77,0
DA:78,0
DA:79,0
DA:80,0
DA:81,0
DA:84,0
DA:85,0
DA:87,0
DA:91,0
DA:92,0
DA:94,0
DA:95,0
DA:97,0
DA:98,0
DA:99,0
DA:101,0
DA:102,0
DA:103,0
DA:104,0
DA:105,0
DA:107,0
DA:108,0
DA:110,0
DA:114,0
DA:115,0
DA:116,0
DA:117,0
DA:120,0
DA:121,0
DA:122,0
DA:123,0
DA:124,0
DA:125,0
DA:126,0
DA:130,0
DA:131,0
DA:132,0
DA:134,0
DA:136,0
DA:137,0
DA:139,0
DA:140,0
DA:143,0
DA:146,0
DA:147,0
DA:149,0
DA:150,0
DA:151,0
DA:153,0
DA:158,0
DA:159,0
DA:161,0
DA:162,0
DA:163,0
DA:164,0
DA:167,0
DA:168,0
DA:172,0
LF:109
LH:0
BRDA:23,0,0,0
BRDA:23,0,1,0
BRDA:41,1,0,0
BRDA:41,1,1,0
BRDA:41,2,0,0
BRDA:41,2,1,0
BRDA:46,3,0,0
BRDA:46,3,1,0
BRDA:48,4,0,0
BRDA:48,4,1,0
BRDA:51,5,0,0
BRDA:51,5,1,0
BRDA:61,6,0,0
BRDA:61,6,1,0
BRDA:68,7,0,0
BRDA:68,7,1,0
BRDA:73,8,0,0
BRDA:73,8,1,0
BRDA:74,9,0,0
BRDA:74,9,1,0
BRDA:75,10,0,0
BRDA:75,10,1,0
BRDA:78,11,0,0
BRDA:78,11,1,0
BRDA:85,12,0,0
BRDA:85,12,1,0
BRDA:108,13,0,0
BRDA:108,13,1,0
BRDA:136,14,0,0
BRDA:136,14,1,0
BRDA:139,15,0,0
BRDA:139,15,1,0
BRF:32
BRH:0
end_of_record
TN:
SF:src\modules\huespedes\HuespedService.js
FN:4,(anonymous_0)
FN:8,(anonymous_1)
FN:12,(anonymous_2)
FNF:3
FNH:0
FNDA:0,(anonymous_0)
FNDA:0,(anonymous_1)
FNDA:0,(anonymous_2)
DA:3,0
DA:5,0
DA:9,0
DA:13,0
LF:4
LH:0
BRF:0
BRH:0
end_of_record
TN:
SF:src\modules\huespedes\huespedes.js
FN:6,initHuespedes
FN:21,(anonymous_1)
FN:24,(anonymous_2)
FN:36,(anonymous_3)
FN:44,(anonymous_4)
FN:55,(anonymous_5)
FN:65,(anonymous_6)
FN:84,(anonymous_7)
FN:90,(anonymous_8)
FN:96,(anonymous_9)
FN:104,(anonymous_10)
FN:120,(anonymous_11)
FNF:12
FNH:0
FNDA:0,initHuespedes
FNDA:0,(anonymous_1)
FNDA:0,(anonymous_2)
FNDA:0,(anonymous_3)
FNDA:0,(anonymous_4)
FNDA:0,(anonymous_5)
FNDA:0,(anonymous_6)
FNDA:0,(anonymous_7)
FNDA:0,(anonymous_8)
FNDA:0,(anonymous_9)
FNDA:0,(anonymous_10)
FNDA:0,(anonymous_11)
DA:3,0
DA:4,0
DA:7,0
DA:8,0
DA:9,0
DA:10,0
DA:11,0
DA:13,0
DA:14,0
DA:15,0
DA:16,0
DA:17,0
DA:18,0
DA:19,0
DA:21,0
DA:22,0
DA:24,0
DA:25,0
DA:27,0
DA:28,0
DA:29,0
DA:30,0
DA:31,0
DA:32,0
DA:33,0
DA:34,0
DA:35,0
DA:36,0
DA:37,0
DA:40,0
DA:44,0
DA:45,0
DA:46,0
DA:47,0
DA:48,0
DA:50,0
DA:51,0
DA:55,0
DA:56,0
DA:57,0
DA:58,0
DA:59,0
DA:60,0
DA:61,0
DA:62,0
DA:65,0
DA:66,0
DA:67,0
DA:68,0
DA:69,0
DA:71,0
DA:72,0
DA:73,0
DA:74,0
DA:75,0
DA:76,0
DA:77,0
DA:78,0
DA:80,0
DA:81,0
DA:84,0
DA:85,0
DA:86,0
DA:87,0
DA:90,0
DA:91,0
DA:92,0
DA:93,0
DA:96,0
DA:97,0
DA:99,0
DA:100,0
DA:101,0
DA:104,0
DA:105,0
DA:111,0
DA:114,0
DA:115,0
DA:116,0
DA:117,0
DA:118,0
DA:120,0
DA:121,0
DA:123,0
DA:134,0
DA:135,0
DA:136,0
DA:137,0
DA:139,0
DA:140,0
DA:142,0
DA:144,0
DA:148,0
LF:93
LH:0
BRDA:28,0,0,0
BRDA:28,0,1,0
BRDA:31,1,0,0
BRDA:31,1,1,0
BRDA:32,2,0,0
BRDA:32,2,1,0
BRDA:33,3,0,0
BRDA:33,3,1,0
BRDA:75,4,0,0
BRDA:75,4,1,0
BRDA:76,5,0,0
BRDA:76,5,1,0
BRDA:77,6,0,0
BRDA:77,6,1,0
BRDA:78,7,0,0
BRDA:78,7,1,0
BRDA:93,8,0,0
BRDA:93,8,1,0
BRDA:99,9,0,0
BRDA:99,9,1,0
BRDA:105,10,0,0
BRDA:105,10,1,0
BRDA:105,10,2,0
BRDA:105,10,3,0
BRDA:105,10,4,0
BRDA:135,11,0,0
BRDA:135,11,1,0
BRDA:144,12,0,0
BRDA:144,12,1,0
BRF:29
BRH:0
end_of_record
TN:
SF:src\modules\reservas\ReservaService.js
FN:4,(anonymous_0)
FN:6,(anonymous_1)
FN:7,(anonymous_2)
FN:8,(anonymous_3)
FN:9,(anonymous_4)
FN:11,(anonymous_5)
FN:12,(anonymous_6)
FN:13,(anonymous_7)
FN:14,(anonymous_8)
FN:14,(anonymous_9)
FNF:10
FNH:1
FNDA:0,(anonymous_0)
FNDA:4,(anonymous_1)
FNDA:0,(anonymous_2)
FNDA:0,(anonymous_3)
FNDA:0,(anonymous_4)
FNDA:0,(anonymous_5)
FNDA:0,(anonymous_6)
FNDA:0,(anonymous_7)
FNDA:0,(anonymous_8)
FNDA:0,(anonymous_9)
DA:3,1
DA:4,0
DA:6,4
DA:7,0
DA:8,0
DA:9,0
DA:11,0
DA:12,0
DA:13,0
DA:14,0
LF:10
LH:2
BRDA:7,0,0,0
BRF:1
BRH:0
end_of_record
TN:
SF:src\modules\reservas\reservas.js
FN:4,initReservas
FN:21,(anonymous_1)
FN:28,(anonymous_2)
FN:36,(anonymous_3)
FN:37,(anonymous_4)
FN:42,(anonymous_5)
FN:46,(anonymous_6)
FN:51,(anonymous_7)
FN:52,(anonymous_8)
FN:53,(anonymous_9)
FN:54,(anonymous_10)
FN:57,(anonymous_11)
FN:70,(anonymous_12)
FN:74,(anonymous_13)
FN:79,(anonymous_14)
FN:80,(anonymous_15)
FN:81,(anonymous_16)
FN:84,(anonymous_17)
FN:88,(anonymous_18)
FN:98,(anonymous_19)
FN:99,(anonymous_20)
FN:111,(anonymous_21)
FN:121,(anonymous_22)
FN:125,(anonymous_23)
FN:130,(anonymous_24)
FN:131,(anonymous_25)
FN:132,(anonymous_26)
FN:145,(anonymous_27)
FN:164,(anonymous_28)
FN:165,(anonymous_29)
FN:169,(anonymous_30)
FN:176,(anonymous_31)
FN:233,(anonymous_32)
FN:238,(anonymous_33)
FN:246,(anonymous_34)
FN:259,(anonymous_35)
FN:269,(anonymous_36)
FN:273,(anonymous_37)
FN:281,(anonymous_38)
FN:301,(anonymous_39)
FN:303,(anonymous_40)
FN:304,(anonymous_41)
FN:320,(anonymous_42)
FN:352,(anonymous_43)
FN:383,(anonymous_44)
FN:385,(anonymous_45)
FN:386,(anonymous_46)
FN:405,(anonymous_47)
FN:410,(anonymous_48)
FN:410,(anonymous_49)
FN:425,(anonymous_50)
FN:451,(anonymous_51)
FN:462,(anonymous_52)
FN:464,(anonymous_53)
FN:465,(anonymous_54)
FN:476,(anonymous_55)
FN:487,(anonymous_56)
FN:489,(anonymous_57)
FN:490,(anonymous_58)
FN:491,(anonymous_59)
FN:525,(anonymous_60)
FN:526,(anonymous_61)
FN:527,(anonymous_62)
FN:528,(anonymous_63)
FN:540,(anonymous_64)
FN:541,(anonymous_65)
FN:549,(anonymous_66)
FN:550,(anonymous_67)
FN:599,(anonymous_68)
FNF:69
FNH:0
FNDA:0,initReservas
FNDA:0,(anonymous_1)
FNDA:0,(anonymous_2)
FNDA:0,(anonymous_3)
FNDA:0,(anonymous_4)
FNDA:0,(anonymous_5)
FNDA:0,(anonymous_6)
FNDA:0,(anonymous_7)
FNDA:0,(anonymous_8)
FNDA:0,(anonymous_9)
FNDA:0,(anonymous_10)
FNDA:0,(anonymous_11)
FNDA:0,(anonymous_12)
FNDA:0,(anonymous_13)
FNDA:0,(anonymous_14)
FNDA:0,(anonymous_15)
FNDA:0,(anonymous_16)
FNDA:0,(anonymous_17)
FNDA:0,(anonymous_18)
FNDA:0,(anonymous_19)
FNDA:0,(anonymous_20)
FNDA:0,(anonymous_21)
FNDA:0,(anonymous_22)
FNDA:0,(anonymous_23)
FNDA:0,(anonymous_24)
FNDA:0,(anonymous_25)
FNDA:0,(anonymous_26)
FNDA:0,(anonymous_27)
FNDA:0,(anonymous_28)
FNDA:0,(anonymous_29)
FNDA:0,(anonymous_30)
FNDA:0,(anonymous_31)
FNDA:0,(anonymous_32)
FNDA:0,(anonymous_33)
FNDA:0,(anonymous_34)
FNDA:0,(anonymous_35)
FNDA:0,(anonymous_36)
FNDA:0,(anonymous_37)
FNDA:0,(anonymous_38)
FNDA:0,(anonymous_39)
FNDA:0,(anonymous_40)
FNDA:0,(anonymous_41)
FNDA:0,(anonymous_42)
FNDA:0,(anonymous_43)
FNDA:0,(anonymous_44)
FNDA:0,(anonymous_45)
FNDA:0,(anonymous_46)
FNDA:0,(anonymous_47)
FNDA:0,(anonymous_48)
FNDA:0,(anonymous_49)
FNDA:0,(anonymous_50)
FNDA:0,(anonymous_51)
FNDA:0,(anonymous_52)
FNDA:0,(anonymous_53)
FNDA:0,(anonymous_54)
FNDA:0,(anonymous_55)
FNDA:0,(anonymous_56)
FNDA:0,(anonymous_57)
FNDA:0,(anonymous_58)
FNDA:0,(anonymous_59)
FNDA:0,(anonymous_60)
FNDA:0,(anonymous_61)
FNDA:0,(anonymous_62)
FNDA:0,(anonymous_63)
FNDA:0,(anonymous_64)
FNDA:0,(anonymous_65)
FNDA:0,(anonymous_66)
FNDA:0,(anonymous_67)
FNDA:0,(anonymous_68)
DA:5,0
DA:6,0
DA:7,0
DA:8,0
DA:9,0
DA:10,0
DA:12,0
DA:13,0
DA:15,0
DA:16,0
DA:17,0
DA:18,0
DA:19,0
DA:21,0
DA:22,0
DA:23,0
DA:24,0
DA:25,0
DA:28,0
DA:29,0
DA:30,0
DA:31,0
DA:32,0
DA:36,0
DA:37,0
DA:38,0
DA:39,0
DA:42,0
DA:43,0
DA:46,0
DA:47,0
DA:48,0
DA:50,0
DA:51,0
DA:52,0
DA:53,0
DA:54,0
DA:57,0
DA:58,0
DA:59,0
DA:60,0
DA:62,0
DA:63,0
DA:64,0
DA:66,0
DA:70,0
DA:71,0
DA:72,0
DA:74,0
DA:75,0
DA:76,0
DA:79,0
DA:80,0
DA:81,0
DA:84,0
DA:85,0
DA:86,0
DA:88,0
DA:89,0
DA:91,0
DA:92,0
DA:93,0
DA:94,0
DA:97,0
DA:98,0
DA:99,0
DA:100,0
DA:101,0
DA:103,0
DA:105,0
DA:108,0
DA:111,0
DA:112,0
DA:113,0
DA:114,0
DA:116,0
DA:117,0
DA:118,0
DA:121,0
DA:122,0
DA:124,0
DA:125,0
DA:126,0
DA:127,0
DA:130,0
DA:131,0
DA:132,0
DA:134,0
DA:136,0
DA:137,0
DA:139,0
DA:140,0
DA:142,0
DA:143,0
DA:145,0
DA:146,0
DA:147,0
DA:148,0
DA:151,0
DA:155,0
DA:156,0
DA:158,0
DA:159,0
DA:161,0
DA:163,0
DA:164,0
DA:165,0
DA:166,0
DA:168,0
DA:169,0
DA:172,0
DA:173,0
DA:176,0
DA:180,0
DA:188,0
DA:189,0
DA:190,0
DA:192,0
DA:227,0
DA:229,0
DA:230,0
DA:231,0
DA:232,0
DA:233,0
DA:235,0
DA:236,0
DA:237,0
DA:238,0
DA:240,0
DA:241,0
DA:242,0
DA:243,0
DA:244,0
DA:245,0
DA:246,0
DA:247,0
DA:250,0
DA:254,0
DA:255,0
DA:257,0
DA:258,0
DA:259,0
DA:260,0
DA:261,0
DA:262,0
DA:263,0
DA:264,0
DA:265,0
DA:269,0
DA:270,0
DA:271,0
DA:272,0
DA:273,0
DA:274,0
DA:275,0
DA:276,0
DA:277,0
DA:281,0
DA:282,0
DA:283,0
DA:285,0
DA:286,0
DA:288,0
DA:290,0
DA:291,0
DA:292,0
DA:293,0
DA:294,0
DA:297,0
DA:298,0
DA:299,0
DA:301,0
DA:303,0
DA:304,0
DA:305,0
DA:306,0
DA:307,0
DA:308,0
DA:309,0
DA:310,0
DA:311,0
DA:312,0
DA:317,0
DA:318,0
DA:320,0
DA:321,0
DA:322,0
DA:323,0
DA:325,0
DA:326,0
DA:327,0
DA:328,0
DA:331,0
DA:332,0
DA:333,0
DA:334,0
DA:336,0
DA:337,0
DA:338,0
DA:339,0
DA:341,0
DA:342,0
DA:343,0
DA:344,0
DA:346,0
DA:348,0
DA:349,0
DA:352,0
DA:353,0
DA:354,0
DA:355,0
DA:356,0
DA:358,0
DA:359,0
DA:360,0
DA:361,0
DA:364,0
DA:373,0
DA:374,0
DA:375,0
DA:376,0
DA:378,0
DA:379,0
DA:383,0
DA:384,0
DA:385,0
DA:386,0
DA:388,0
DA:389,0
DA:390,0
DA:391,0
DA:393,0
DA:395,0
DA:397,0
DA:399,0
DA:400,0
DA:401,0
DA:402,0
DA:403,0
DA:405,0
DA:406,0
DA:408,0
DA:410,0
DA:411,0
DA:412,0
DA:414,0
DA:415,0
DA:416,0
DA:418,0
DA:419,0
DA:420,0
DA:422,0
DA:423,0
DA:425,0
DA:426,0
DA:428,0
DA:429,0
DA:430,0
DA:432,0
DA:433,0
DA:434,0
DA:436,0
DA:439,0
DA:442,0
DA:445,0
DA:448,0
DA:451,0
DA:452,0
DA:453,0
DA:454,0
DA:455,0
DA:457,0
DA:458,0
DA:462,0
DA:463,0
DA:464,0
DA:465,0
DA:467,0
DA:468,0
DA:469,0
DA:471,0
DA:473,0
DA:476,0
DA:477,0
DA:478,0
DA:479,0
DA:480,0
DA:482,0
DA:483,0
DA:487,0
DA:488,0
DA:489,0
DA:490,0
DA:491,0
DA:493,0
DA:494,0
DA:495,0
DA:496,0
DA:498,0
DA:499,0
DA:500,0
DA:502,0
DA:503,0
DA:505,0
DA:506,0
DA:508,0
DA:509,0
DA:510,0
DA:511,0
DA:512,0
DA:513,0
DA:515,0
DA:518,0
DA:519,0
DA:520,0
DA:522,0
DA:525,0
DA:526,0
DA:527,0
DA:528,0
DA:530,0
DA:531,0
DA:532,0
DA:533,0
DA:535,0
DA:536,0
DA:538,0
DA:539,0
DA:540,0
DA:541,0
DA:542,0
DA:544,0
DA:546,0
DA:549,0
DA:550,0
DA:552,0
DA:553,0
DA:554,0
DA:555,0
DA:556,0
DA:558,0
DA:559,0
DA:561,0
DA:562,0
DA:563,0
DA:565,0
DA:568,0
DA:569,0
DA:571,0
DA:572,0
DA:573,0
DA:575,0
DA:576,0
DA:578,0
DA:579,0
DA:580,0
DA:581,0
DA:582,0
DA:584,0
DA:585,0
DA:588,0
DA:589,0
DA:590,0
DA:591,0
DA:593,0
DA:596,0
DA:599,0
DA:600,0
DA:601,0
DA:602,0
DA:603,0
DA:605,0
DA:609,0
LF:373
LH:0
BRDA:13,0,0,0
BRDA:13,0,1,0
BRDA:22,1,0,0
BRDA:22,1,1,0
BRDA:30,2,0,0
BRDA:30,2,1,0
BRDA:72,3,0,0
BRDA:72,3,1,0
BRDA:75,4,0,0
BRDA:75,4,1,0
BRDA:76,5,0,0
BRDA:76,5,1,0
BRDA:79,6,0,0
BRDA:79,6,1,0
BRDA:80,7,0,0
BRDA:80,7,1,0
BRDA:81,8,0,0
BRDA:81,8,1,0
BRDA:85,9,0,0
BRDA:85,9,1,0
BRDA:86,10,0,0
BRDA:86,10,1,0
BRDA:89,11,0,0
BRDA:89,11,1,0
BRDA:91,12,0,0
BRDA:91,12,1,0
BRDA:92,13,0,0
BRDA:92,13,1,0
BRDA:92,14,0,0
BRDA:92,14,1,0
BRDA:93,15,0,0
BRDA:93,15,1,0
BRDA:94,16,0,0
BRDA:94,16,1,0
BRDA:97,17,0,0
BRDA:97,17,1,0
BRDA:100,18,0,0
BRDA:100,18,1,0
BRDA:101,19,0,0
BRDA:101,19,1,0
BRDA:103,20,0,0
BRDA:103,20,1,0
BRDA:103,21,0,0
BRDA:103,21,1,0
BRDA:114,22,0,0
BRDA:114,22,1,0
BRDA:116,23,0,0
BRDA:116,23,1,0
BRDA:126,24,0,0
BRDA:126,24,1,0
BRDA:134,25,0,0
BRDA:134,25,1,0
BRDA:136,26,0,0
BRDA:136,26,1,0
BRDA:137,27,0,0
BRDA:137,27,1,0
BRDA:142,28,0,0
BRDA:142,28,1,0
BRDA:146,29,0,0
BRDA:146,29,1,0
BRDA:147,30,0,0
BRDA:147,30,1,0
BRDA:151,31,0,0
BRDA:151,31,1,0
BRDA:151,32,0,0
BRDA:151,32,1,0
BRDA:156,33,0,0
BRDA:156,33,1,0
BRDA:156,34,0,0
BRDA:156,34,1,0
BRDA:159,35,0,0
BRDA:159,35,1,0
BRDA:159,36,0,0
BRDA:159,36,1,0
BRDA:163,37,0,0
BRDA:163,37,1,0
BRDA:163,38,0,0
BRDA:163,38,1,0
BRDA:166,39,0,0
BRDA:166,39,1,0
BRDA:168,40,0,0
BRDA:168,40,1,0
BRDA:168,41,0,0
BRDA:168,41,1,0
BRDA:169,42,0,0
BRDA:169,42,1,0
BRDA:172,43,0,0
BRDA:172,43,1,0
BRDA:229,44,0,0
BRDA:229,44,1,0
BRDA:242,45,0,0
BRDA:242,45,1,0
BRDA:258,46,0,0
BRDA:258,46,1,0
BRDA:271,47,0,0
BRDA:271,47,1,0
BRDA:288,48,0,0
BRDA:288,48,1,0
BRDA:288,49,0,0
BRDA:288,49,1,0
BRDA:290,50,0,0
BRDA:290,50,1,0
BRDA:305,51,0,0
BRDA:305,51,1,0
BRDA:325,52,0,0
BRDA:325,52,1,0
BRDA:358,53,0,0
BRDA:358,53,1,0
BRDA:378,54,0,0
BRDA:378,54,1,0
BRDA:388,55,0,0
BRDA:388,55,1,0
BRDA:389,56,0,0
BRDA:389,56,1,0
BRDA:399,57,0,0
BRDA:399,57,1,0
BRDA:428,58,0,0
BRDA:428,58,1,0
BRDA:432,59,0,0
BRDA:432,59,1,0
BRDA:467,60,0,0
BRDA:467,60,1,0
BRDA:468,61,0,0
BRDA:468,61,1,0
BRDA:493,62,0,0
BRDA:493,62,1,0
BRDA:494,63,0,0
BRDA:494,63,1,0
BRDA:499,64,0,0
BRDA:499,64,1,0
BRDA:499,65,0,0
BRDA:499,65,1,0
BRDA:506,66,0,0
BRDA:506,66,1,0
BRDA:506,67,0,0
BRDA:506,67,1,0
BRDA:508,68,0,0
BRDA:508,68,1,0
BRDA:508,69,0,0
BRDA:508,69,1,0
BRDA:508,69,2,0
BRDA:512,70,0,0
BRDA:512,70,1,0
BRDA:512,71,0,0
BRDA:512,71,1,0
BRDA:530,72,0,0
BRDA:530,72,1,0
BRDA:535,73,0,0
BRDA:535,73,1,0
BRDA:536,74,0,0
BRDA:536,74,1,0
BRDA:539,75,0,0
BRDA:539,75,1,0
BRDA:539,76,0,0
BRDA:539,76,1,0
BRDA:542,77,0,0
BRDA:542,77,1,0
BRDA:549,78,0,0
BRDA:549,78,1,0
BRDA:549,79,0,0
BRDA:549,79,1,0
BRDA:550,80,0,0
BRDA:550,80,1,0
BRDA:558,81,0,0
BRDA:558,81,1,0
BRDA:559,82,0,0
BRDA:559,82,1,0
BRDA:561,83,0,0
BRDA:561,83,1,0
BRDA:568,84,0,0
BRDA:568,84,1,0
BRDA:569,85,0,0
BRDA:569,85,1,0
BRDA:572,86,0,0
BRDA:572,86,1,0
BRDA:573,87,0,0
BRDA:573,87,1,0
BRDA:573,88,0,0
BRDA:573,88,1,0
BRDA:579,89,0,0
BRDA:579,89,1,0
BRDA:579,90,0,0
BRDA:579,90,1,0
BRDA:589,91,0,0
BRDA:589,91,1,0
BRDA:589,92,0,0
BRDA:589,92,1,0
BRF:187
BRH:0
end_of_record
TN:
SF:src\modules\servicios\ServicioService.js
FN:4,(anonymous_0)
FNF:1
FNH:0
FNDA:0,(anonymous_0)
DA:3,0
DA:5,0
LF:2
LH:0
BRF:0
BRH:0
end_of_record
TN:
SF:src\modules\servicios\servicios.js
FN:3,crearTarjetaServicio
FN:15,(anonymous_1)
FN:105,initServicios
FN:109,(anonymous_3)
FN:124,(anonymous_4)
FNF:5
FNH:0
FNDA:0,crearTarjetaServicio
FNDA:0,(anonymous_1)
FNDA:0,initServicios
FNDA:0,(anonymous_3)
FNDA:0,(anonymous_4)
DA:4,0
DA:5,0
DA:7,0
DA:8,0
DA:10,0
DA:11,0
DA:12,0
DA:13,0
DA:15,0
DA:16,0
DA:17,0
DA:18,0
DA:19,0
DA:22,0
DA:102,0
DA:106,0
DA:107,0
DA:109,0
DA:110,0
DA:111,0
DA:112,0
DA:114,0
DA:116,0
DA:117,0
DA:118,0
DA:119,0
DA:122,0
DA:124,0
DA:125,0
DA:126,0
DA:130,0
DA:131,0
DA:135,0
LF:33
LH:0
BRDA:7,0,0,0
BRDA:7,0,1,0
BRDA:8,1,0,0
BRDA:8,1,1,0
BRDA:10,2,0,0
BRDA:10,2,1,0
BRDA:12,3,0,0
BRDA:12,3,1,0
BRDA:13,4,0,0
BRDA:13,4,1,0
BRDA:16,5,0,0
BRDA:16,5,1,0
BRDA:116,6,0,0
BRDA:116,6,1,0
BRDA:116,7,0,0
BRDA:116,7,1,0
BRDA:118,8,0,0
BRDA:118,8,1,0
BRDA:122,9,0,0
BRDA:122,9,1,0
BRF:20
BRH:0
end_of_record
TN:
SF:src\patterns\TipoHabitacionStrategy.js
FN:2,(anonymous_0)
FN:8,(anonymous_1)
FN:14,(anonymous_2)
FN:20,(anonymous_3)
FN:26,(anonymous_4)
FN:38,(anonymous_5)
FNF:6
FNH:0
FNDA:0,(anonymous_0)
FNDA:0,(anonymous_1)
FNDA:0,(anonymous_2)
FNDA:0,(anonymous_3)
FNDA:0,(anonymous_4)
FNDA:0,(anonymous_5)
DA:3,0
DA:9,0
DA:15,0
DA:21,0
DA:27,0
DA:29,0
DA:30,0
DA:31,0
DA:32,0
DA:34,0
DA:39,0
LF:11
LH:0
BRDA:27,0,0,0
BRDA:27,0,1,0
BRDA:29,1,0,0
BRDA:29,1,1,0
BRDA:31,2,0,0
BRDA:31,2,1,0
BRF:6
BRH:0
end_of_record
