{"C:\\Users\\arian\\OneDrive\\Documentos\\UCB\\5TO SEMESTRE\\TALLER DE DISEÑO DE SOFTWARE 1\\PROYECTOS-TALLER\\SRC\\js\\app.js": {"path":"C:\\Users\\arian\\OneDrive\\Documentos\\UCB\\5TO SEMESTRE\\TALLER DE DISEÑO DE SOFTWARE 1\\PROYECTOS-TALLER\\SRC\\js\\app.js","statementMap":{"0":{"start":{"line":1,"column":21},"end":{"line":1,"column":23}},"1":{"start":{"line":3,"column":0},"end":{"line":17,"column":3}},"2":{"start":{"line":4,"column":4},"end":{"line":4,"column":151}},"3":{"start":{"line":6,"column":4},"end":{"line":6,"column":88}},"4":{"start":{"line":7,"column":4},"end":{"line":7,"column":87}},"5":{"start":{"line":9,"column":4},"end":{"line":16,"column":5}},"6":{"start":{"line":10,"column":8},"end":{"line":10,"column":49}},"7":{"start":{"line":11,"column":8},"end":{"line":11,"column":42}},"8":{"start":{"line":13,"column":8},"end":{"line":14,"column":164}},"9":{"start":{"line":15,"column":8},"end":{"line":15,"column":70}}},"fnMap":{"0":{"name":"(anonymous_0)","decl":{"start":{"line":3,"column":46},"end":{"line":3,"column":47}},"loc":{"start":{"line":3,"column":58},"end":{"line":17,"column":1}},"line":3}},"branchMap":{},"s":{"0":0,"1":0,"2":0,"3":0,"4":0,"5":0,"6":0,"7":0,"8":0,"9":0},"f":{"0":0},"b":{}}
,"C:\\Users\\arian\\OneDrive\\Documentos\\UCB\\5TO SEMESTRE\\TALLER DE DISEÑO DE SOFTWARE 1\\PROYECTOS-TALLER\\SRC\\js\\api\\supabaseClient.js": {"path":"C:\\Users\\arian\\OneDrive\\Documentos\\UCB\\5TO SEMESTRE\\TALLER DE DISEÑO DE SOFTWARE 1\\PROYECTOS-TALLER\\SRC\\js\\api\\supabaseClient.js","statementMap":{"0":{"start":{"line":1,"column":21},"end":{"line":1,"column":63}},"1":{"start":{"line":2,"column":21},"end":{"line":2,"column":69}},"2":{"start":{"line":4,"column":24},"end":{"line":8,"column":2}},"3":{"start":{"line":10,"column":12},"end":{"line":25,"column":1}},"4":{"start":{"line":12,"column":8},"end":{"line":23,"column":9}},"5":{"start":{"line":13,"column":36},"end":{"line":16,"column":58}},"6":{"start":{"line":18,"column":12},"end":{"line":18,"column":35}},"7":{"start":{"line":18,"column":23},"end":{"line":18,"column":35}},"8":{"start":{"line":19,"column":12},"end":{"line":19,"column":24}},"9":{"start":{"line":21,"column":12},"end":{"line":21,"column":64}},"10":{"start":{"line":22,"column":12},"end":{"line":22,"column":24}}},"fnMap":{"0":{"name":"(anonymous_0)","decl":{"start":{"line":11,"column":4},"end":{"line":11,"column":5}},"loc":{"start":{"line":11,"column":24},"end":{"line":24,"column":5}},"line":11}},"branchMap":{"0":{"loc":{"start":{"line":18,"column":12},"end":{"line":18,"column":35}},"type":"if","locations":[{"start":{"line":18,"column":12},"end":{"line":18,"column":35}},{"start":{},"end":{}}],"line":18}},"s":{"0":0,"1":0,"2":0,"3":0,"4":0,"5":0,"6":0,"7":0,"8":0,"9":0,"10":0},"f":{"0":0},"b":{"0":[0,0]}}
,"C:\\Users\\arian\\OneDrive\\Documentos\\UCB\\5TO SEMESTRE\\TALLER DE DISEÑO DE SOFTWARE 1\\PROYECTOS-TALLER\\SRC\\js\\components\\ui.js": {"path":"C:\\Users\\arian\\OneDrive\\Documentos\\UCB\\5TO SEMESTRE\\TALLER DE DISEÑO DE SOFTWARE 1\\PROYECTOS-TALLER\\SRC\\js\\components\\ui.js","statementMap":{"0":{"start":{"line":1,"column":11},"end":{"line":180,"column":1}},"1":{"start":{"line":5,"column":26},"end":{"line":5,"column":70}},"2":{"start":{"line":6,"column":8},"end":{"line":6,"column":33}},"3":{"start":{"line":8,"column":8},"end":{"line":11,"column":9}},"4":{"start":{"line":9,"column":12},"end":{"line":9,"column":171}},"5":{"start":{"line":10,"column":12},"end":{"line":10,"column":19}},"6":{"start":{"line":13,"column":8},"end":{"line":31,"column":9}},"7":{"start":{"line":13,"column":21},"end":{"line":13,"column":22}},"8":{"start":{"line":14,"column":28},"end":{"line":14,"column":39}},"9":{"start":{"line":15,"column":25},"end":{"line":15,"column":54}},"10":{"start":{"line":16,"column":12},"end":{"line":16,"column":44}},"11":{"start":{"line":18,"column":33},"end":{"line":18,"column":52}},"12":{"start":{"line":19,"column":31},"end":{"line":22,"column":131}},"13":{"start":{"line":24,"column":12},"end":{"line":29,"column":14}},"14":{"start":{"line":30,"column":12},"end":{"line":30,"column":40}},"15":{"start":{"line":35,"column":8},"end":{"line":35,"column":81}},"16":{"start":{"line":35,"column":61},"end":{"line":35,"column":79}},"17":{"start":{"line":36,"column":18},"end":{"line":36,"column":43}},"18":{"start":{"line":38,"column":8},"end":{"line":38,"column":23}},"19":{"start":{"line":38,"column":16},"end":{"line":38,"column":23}},"20":{"start":{"line":40,"column":8},"end":{"line":40,"column":64}},"21":{"start":{"line":41,"column":8},"end":{"line":41,"column":75}},"22":{"start":{"line":42,"column":8},"end":{"line":42,"column":85}},"23":{"start":{"line":43,"column":8},"end":{"line":43,"column":56}},"24":{"start":{"line":45,"column":8},"end":{"line":45,"column":66}},"25":{"start":{"line":46,"column":8},"end":{"line":46,"column":68}},"26":{"start":{"line":47,"column":8},"end":{"line":47,"column":90}},"27":{"start":{"line":48,"column":8},"end":{"line":48,"column":114}},"28":{"start":{"line":50,"column":31},"end":{"line":50,"column":68}},"29":{"start":{"line":51,"column":8},"end":{"line":55,"column":9}},"30":{"start":{"line":52,"column":12},"end":{"line":52,"column":200}},"31":{"start":{"line":54,"column":12},"end":{"line":54,"column":95}},"32":{"start":{"line":57,"column":25},"end":{"line":57,"column":67}},"33":{"start":{"line":58,"column":23},"end":{"line":58,"column":64}},"34":{"start":{"line":59,"column":24},"end":{"line":59,"column":59}},"35":{"start":{"line":60,"column":25},"end":{"line":60,"column":61}},"36":{"start":{"line":62,"column":8},"end":{"line":86,"column":9}},"37":{"start":{"line":63,"column":12},"end":{"line":63,"column":31}},"38":{"start":{"line":64,"column":12},"end":{"line":64,"column":43}},"39":{"start":{"line":65,"column":12},"end":{"line":65,"column":35}},"40":{"start":{"line":66,"column":12},"end":{"line":66,"column":36}},"41":{"start":{"line":67,"column":12},"end":{"line":67,"column":37}},"42":{"start":{"line":69,"column":12},"end":{"line":69,"column":31}},"43":{"start":{"line":70,"column":12},"end":{"line":70,"column":57}},"44":{"start":{"line":71,"column":12},"end":{"line":71,"column":36}},"45":{"start":{"line":72,"column":12},"end":{"line":72,"column":37}},"46":{"start":{"line":73,"column":12},"end":{"line":73,"column":46}},"47":{"start":{"line":75,"column":12},"end":{"line":85,"column":14}},"48":{"start":{"line":76,"column":16},"end":{"line":76,"column":39}},"49":{"start":{"line":78,"column":28},"end":{"line":78,"column":52}},"50":{"start":{"line":79,"column":16},"end":{"line":79,"column":65}},"51":{"start":{"line":80,"column":16},"end":{"line":80,"column":32}},"52":{"start":{"line":82,"column":16},"end":{"line":84,"column":24}},"53":{"start":{"line":83,"column":20},"end":{"line":83,"column":44}},"54":{"start":{"line":90,"column":22},"end":{"line":90,"column":64}},"55":{"start":{"line":91,"column":18},"end":{"line":91,"column":39}},"56":{"start":{"line":92,"column":25},"end":{"line":92,"column":56}},"57":{"start":{"line":94,"column":8},"end":{"line":98,"column":9}},"58":{"start":{"line":95,"column":12},"end":{"line":95,"column":28}},"59":{"start":{"line":96,"column":15},"end":{"line":98,"column":9}},"60":{"start":{"line":97,"column":12},"end":{"line":97,"column":35}},"61":{"start":{"line":100,"column":8},"end":{"line":100,"column":85}},"62":{"start":{"line":101,"column":8},"end":{"line":101,"column":91}},"63":{"start":{"line":105,"column":8},"end":{"line":105,"column":67}},"64":{"start":{"line":106,"column":8},"end":{"line":106,"column":78}},"65":{"start":{"line":107,"column":8},"end":{"line":107,"column":82}},"66":{"start":{"line":111,"column":22},"end":{"line":111,"column":64}},"67":{"start":{"line":112,"column":25},"end":{"line":112,"column":46}},"68":{"start":{"line":113,"column":25},"end":{"line":113,"column":56}},"69":{"start":{"line":115,"column":21},"end":{"line":115,"column":40}},"70":{"start":{"line":117,"column":8},"end":{"line":119,"column":9}},"71":{"start":{"line":118,"column":12},"end":{"line":118,"column":33}},"72":{"start":{"line":121,"column":8},"end":{"line":121,"column":75}},"73":{"start":{"line":122,"column":8},"end":{"line":122,"column":81}},"74":{"start":{"line":126,"column":24},"end":{"line":126,"column":63}},"75":{"start":{"line":127,"column":8},"end":{"line":127,"column":43}},"76":{"start":{"line":131,"column":26},"end":{"line":131,"column":73}},"77":{"start":{"line":132,"column":26},"end":{"line":132,"column":63}},"78":{"start":{"line":133,"column":26},"end":{"line":133,"column":63}},"79":{"start":{"line":135,"column":8},"end":{"line":135,"column":33}},"80":{"start":{"line":136,"column":25},"end":{"line":136,"column":26}},"81":{"start":{"line":138,"column":8},"end":{"line":156,"column":11}},"82":{"start":{"line":139,"column":12},"end":{"line":139,"column":40}},"83":{"start":{"line":140,"column":24},"end":{"line":140,"column":53}},"84":{"start":{"line":141,"column":12},"end":{"line":141,"column":39}},"85":{"start":{"line":142,"column":12},"end":{"line":142,"column":55}},"86":{"start":{"line":143,"column":12},"end":{"line":143,"column":44}},"87":{"start":{"line":144,"column":12},"end":{"line":144,"column":44}},"88":{"start":{"line":145,"column":12},"end":{"line":145,"column":57}},"89":{"start":{"line":146,"column":12},"end":{"line":146,"column":47}},"90":{"start":{"line":148,"column":12},"end":{"line":154,"column":14}},"91":{"start":{"line":155,"column":12},"end":{"line":155,"column":39}},"92":{"start":{"line":158,"column":8},"end":{"line":158,"column":43}},"93":{"start":{"line":159,"column":8},"end":{"line":159,"column":66}},"94":{"start":{"line":163,"column":26},"end":{"line":163,"column":68}},"95":{"start":{"line":164,"column":8},"end":{"line":164,"column":31}},"96":{"start":{"line":164,"column":24},"end":{"line":164,"column":31}},"97":{"start":{"line":166,"column":22},"end":{"line":166,"column":51}},"98":{"start":{"line":167,"column":8},"end":{"line":167,"column":42}},"99":{"start":{"line":169,"column":21},"end":{"line":169,"column":50}},"100":{"start":{"line":171,"column":8},"end":{"line":171,"column":92}},"101":{"start":{"line":173,"column":8},"end":{"line":173,"column":37}},"102":{"start":{"line":175,"column":8},"end":{"line":178,"column":17}},"103":{"start":{"line":176,"column":12},"end":{"line":176,"column":44}},"104":{"start":{"line":177,"column":12},"end":{"line":177,"column":73}},"105":{"start":{"line":177,"column":57},"end":{"line":177,"column":71}}},"fnMap":{"0":{"name":"(anonymous_0)","decl":{"start":{"line":4,"column":4},"end":{"line":4,"column":5}},"loc":{"start":{"line":4,"column":29},"end":{"line":32,"column":5}},"line":4},"1":{"name":"(anonymous_1)","decl":{"start":{"line":34,"column":4},"end":{"line":34,"column":5}},"loc":{"start":{"line":34,"column":33},"end":{"line":87,"column":5}},"line":34},"2":{"name":"(anonymous_2)","decl":{"start":{"line":35,"column":56},"end":{"line":35,"column":57}},"loc":{"start":{"line":35,"column":61},"end":{"line":35,"column":79}},"line":35},"3":{"name":"(anonymous_3)","decl":{"start":{"line":75,"column":29},"end":{"line":75,"column":30}},"loc":{"start":{"line":75,"column":35},"end":{"line":85,"column":13}},"line":75},"4":{"name":"(anonymous_4)","decl":{"start":{"line":82,"column":27},"end":{"line":82,"column":28}},"loc":{"start":{"line":82,"column":33},"end":{"line":84,"column":17}},"line":82},"5":{"name":"(anonymous_5)","decl":{"start":{"line":89,"column":4},"end":{"line":89,"column":5}},"loc":{"start":{"line":89,"column":29},"end":{"line":102,"column":5}},"line":89},"6":{"name":"(anonymous_6)","decl":{"start":{"line":104,"column":4},"end":{"line":104,"column":5}},"loc":{"start":{"line":104,"column":18},"end":{"line":108,"column":5}},"line":104},"7":{"name":"(anonymous_7)","decl":{"start":{"line":110,"column":4},"end":{"line":110,"column":5}},"loc":{"start":{"line":110,"column":27},"end":{"line":123,"column":5}},"line":110},"8":{"name":"(anonymous_8)","decl":{"start":{"line":125,"column":4},"end":{"line":125,"column":5}},"loc":{"start":{"line":125,"column":17},"end":{"line":128,"column":5}},"line":125},"9":{"name":"(anonymous_9)","decl":{"start":{"line":130,"column":4},"end":{"line":130,"column":5}},"loc":{"start":{"line":130,"column":26},"end":{"line":160,"column":5}},"line":130},"10":{"name":"(anonymous_10)","decl":{"start":{"line":138,"column":26},"end":{"line":138,"column":27}},"loc":{"start":{"line":138,"column":34},"end":{"line":156,"column":9}},"line":138},"11":{"name":"(anonymous_11)","decl":{"start":{"line":162,"column":4},"end":{"line":162,"column":5}},"loc":{"start":{"line":162,"column":39},"end":{"line":179,"column":5}},"line":162},"12":{"name":"(anonymous_12)","decl":{"start":{"line":175,"column":19},"end":{"line":175,"column":20}},"loc":{"start":{"line":175,"column":25},"end":{"line":178,"column":9}},"line":175},"13":{"name":"(anonymous_13)","decl":{"start":{"line":177,"column":51},"end":{"line":177,"column":52}},"loc":{"start":{"line":177,"column":57},"end":{"line":177,"column":71}},"line":177}},"branchMap":{"0":{"loc":{"start":{"line":8,"column":8},"end":{"line":11,"column":9}},"type":"if","locations":[{"start":{"line":8,"column":8},"end":{"line":11,"column":9}},{"start":{},"end":{}}],"line":8},"1":{"loc":{"start":{"line":19,"column":31},"end":{"line":22,"column":131}},"type":"cond-expr","locations":[{"start":{"line":20,"column":18},"end":{"line":20,"column":55}},{"start":{"line":21,"column":18},"end":{"line":22,"column":131}}],"line":19},"2":{"loc":{"start":{"line":38,"column":8},"end":{"line":38,"column":23}},"type":"if","locations":[{"start":{"line":38,"column":8},"end":{"line":38,"column":23}},{"start":{},"end":{}}],"line":38},"3":{"loc":{"start":{"line":48,"column":68},"end":{"line":48,"column":113}},"type":"binary-expr","locations":[{"start":{"line":48,"column":68},"end":{"line":48,"column":81}},{"start":{"line":48,"column":85},"end":{"line":48,"column":113}}],"line":48},"4":{"loc":{"start":{"line":51,"column":8},"end":{"line":55,"column":9}},"type":"if","locations":[{"start":{"line":51,"column":8},"end":{"line":55,"column":9}},{"start":{"line":53,"column":15},"end":{"line":55,"column":9}}],"line":51},"5":{"loc":{"start":{"line":62,"column":8},"end":{"line":86,"column":9}},"type":"if","locations":[{"start":{"line":62,"column":8},"end":{"line":86,"column":9}},{"start":{"line":68,"column":15},"end":{"line":86,"column":9}}],"line":62},"6":{"loc":{"start":{"line":94,"column":8},"end":{"line":98,"column":9}},"type":"if","locations":[{"start":{"line":94,"column":8},"end":{"line":98,"column":9}},{"start":{"line":96,"column":15},"end":{"line":98,"column":9}}],"line":94},"7":{"loc":{"start":{"line":94,"column":12},"end":{"line":94,"column":33}},"type":"binary-expr","locations":[{"start":{"line":94,"column":12},"end":{"line":94,"column":22}},{"start":{"line":94,"column":26},"end":{"line":94,"column":33}}],"line":94},"8":{"loc":{"start":{"line":96,"column":15},"end":{"line":98,"column":9}},"type":"if","locations":[{"start":{"line":96,"column":15},"end":{"line":98,"column":9}},{"start":{},"end":{}}],"line":96},"9":{"loc":{"start":{"line":117,"column":8},"end":{"line":119,"column":9}},"type":"if","locations":[{"start":{"line":117,"column":8},"end":{"line":119,"column":9}},{"start":{},"end":{}}],"line":117},"10":{"loc":{"start":{"line":117,"column":12},"end":{"line":117,"column":45}},"type":"binary-expr","locations":[{"start":{"line":117,"column":12},"end":{"line":117,"column":23}},{"start":{"line":117,"column":27},"end":{"line":117,"column":45}}],"line":117},"11":{"loc":{"start":{"line":162,"column":23},"end":{"line":162,"column":37}},"type":"default-arg","locations":[{"start":{"line":162,"column":30},"end":{"line":162,"column":37}}],"line":162},"12":{"loc":{"start":{"line":164,"column":8},"end":{"line":164,"column":31}},"type":"if","locations":[{"start":{"line":164,"column":8},"end":{"line":164,"column":31}},{"start":{},"end":{}}],"line":164},"13":{"loc":{"start":{"line":169,"column":21},"end":{"line":169,"column":50}},"type":"cond-expr","locations":[{"start":{"line":169,"column":40},"end":{"line":169,"column":44}},{"start":{"line":169,"column":47},"end":{"line":169,"column":50}}],"line":169}},"s":{"0":0,"1":0,"2":0,"3":0,"4":0,"5":0,"6":0,"7":0,"8":0,"9":0,"10":0,"11":0,"12":0,"13":0,"14":0,"15":0,"16":0,"17":0,"18":0,"19":0,"20":0,"21":0,"22":0,"23":0,"24":0,"25":0,"26":0,"27":0,"28":0,"29":0,"30":0,"31":0,"32":0,"33":0,"34":0,"35":0,"36":0,"37":0,"38":0,"39":0,"40":0,"41":0,"42":0,"43":0,"44":0,"45":0,"46":0,"47":0,"48":0,"49":0,"50":0,"51":0,"52":0,"53":0,"54":0,"55":0,"56":0,"57":0,"58":0,"59":0,"60":0,"61":0,"62":0,"63":0,"64":0,"65":0,"66":0,"67":0,"68":0,"69":0,"70":0,"71":0,"72":0,"73":0,"74":0,"75":0,"76":0,"77":0,"78":0,"79":0,"80":0,"81":0,"82":0,"83":0,"84":0,"85":0,"86":0,"87":0,"88":0,"89":0,"90":0,"91":0,"92":0,"93":0,"94":0,"95":0,"96":0,"97":0,"98":0,"99":0,"100":0,"101":0,"102":0,"103":0,"104":0,"105":0},"f":{"0":0,"1":0,"2":0,"3":0,"4":0,"5":0,"6":0,"7":0,"8":0,"9":0,"10":0,"11":0,"12":0,"13":0},"b":{"0":[0,0],"1":[0,0],"2":[0,0],"3":[0,0],"4":[0,0],"5":[0,0],"6":[0,0],"7":[0,0],"8":[0,0],"9":[0,0],"10":[0,0],"11":[0],"12":[0,0],"13":[0,0]}}
,"C:\\Users\\arian\\OneDrive\\Documentos\\UCB\\5TO SEMESTRE\\TALLER DE DISEÑO DE SOFTWARE 1\\PROYECTOS-TALLER\\SRC\\js\\services\\cartService.js": {"path":"C:\\Users\\arian\\OneDrive\\Documentos\\UCB\\5TO SEMESTRE\\TALLER DE DISEÑO DE SOFTWARE 1\\PROYECTOS-TALLER\\SRC\\js\\services\\cartService.js","statementMap":{"0":{"start":{"line":1,"column":20},"end":{"line":33,"column":1}},"1":{"start":{"line":5,"column":24},"end":{"line":5,"column":66}},"2":{"start":{"line":5,"column":47},"end":{"line":5,"column":65}},"3":{"start":{"line":6,"column":8},"end":{"line":6,"column":29}},"4":{"start":{"line":6,"column":22},"end":{"line":6,"column":29}},"5":{"start":{"line":8,"column":29},"end":{"line":8,"column":74}},"6":{"start":{"line":8,"column":52},"end":{"line":8,"column":73}},"7":{"start":{"line":10,"column":8},"end":{"line":21,"column":9}},"8":{"start":{"line":11,"column":12},"end":{"line":16,"column":13}},"9":{"start":{"line":12,"column":16},"end":{"line":12,"column":55}},"10":{"start":{"line":14,"column":16},"end":{"line":14,"column":101}},"11":{"start":{"line":15,"column":16},"end":{"line":15,"column":23}},"12":{"start":{"line":18,"column":12},"end":{"line":20,"column":13}},"13":{"start":{"line":19,"column":16},"end":{"line":19,"column":94}},"14":{"start":{"line":22,"column":8},"end":{"line":22,"column":33}},"15":{"start":{"line":26,"column":8},"end":{"line":26,"column":68}},"16":{"start":{"line":26,"column":45},"end":{"line":26,"column":66}},"17":{"start":{"line":27,"column":8},"end":{"line":27,"column":33}},"18":{"start":{"line":31,"column":8},"end":{"line":31,"column":86}},"19":{"start":{"line":31,"column":47},"end":{"line":31,"column":81}},"20":{"start":{"line":35,"column":0},"end":{"line":37,"column":1}},"21":{"start":{"line":36,"column":4},"end":{"line":36,"column":33}}},"fnMap":{"0":{"name":"(anonymous_0)","decl":{"start":{"line":4,"column":4},"end":{"line":4,"column":5}},"loc":{"start":{"line":4,"column":58},"end":{"line":23,"column":5}},"line":4},"1":{"name":"(anonymous_1)","decl":{"start":{"line":5,"column":42},"end":{"line":5,"column":43}},"loc":{"start":{"line":5,"column":47},"end":{"line":5,"column":65}},"line":5},"2":{"name":"(anonymous_2)","decl":{"start":{"line":8,"column":44},"end":{"line":8,"column":45}},"loc":{"start":{"line":8,"column":52},"end":{"line":8,"column":73}},"line":8},"3":{"name":"(anonymous_3)","decl":{"start":{"line":25,"column":4},"end":{"line":25,"column":5}},"loc":{"start":{"line":25,"column":30},"end":{"line":28,"column":5}},"line":25},"4":{"name":"(anonymous_4)","decl":{"start":{"line":26,"column":37},"end":{"line":26,"column":38}},"loc":{"start":{"line":26,"column":45},"end":{"line":26,"column":66}},"line":26},"5":{"name":"(anonymous_5)","decl":{"start":{"line":30,"column":4},"end":{"line":30,"column":5}},"loc":{"start":{"line":30,"column":15},"end":{"line":32,"column":5}},"line":30},"6":{"name":"(anonymous_6)","decl":{"start":{"line":31,"column":32},"end":{"line":31,"column":33}},"loc":{"start":{"line":31,"column":47},"end":{"line":31,"column":81}},"line":31}},"branchMap":{"0":{"loc":{"start":{"line":4,"column":39},"end":{"line":4,"column":56}},"type":"default-arg","locations":[{"start":{"line":4,"column":55},"end":{"line":4,"column":56}}],"line":4},"1":{"loc":{"start":{"line":6,"column":8},"end":{"line":6,"column":29}},"type":"if","locations":[{"start":{"line":6,"column":8},"end":{"line":6,"column":29}},{"start":{},"end":{}}],"line":6},"2":{"loc":{"start":{"line":10,"column":8},"end":{"line":21,"column":9}},"type":"if","locations":[{"start":{"line":10,"column":8},"end":{"line":21,"column":9}},{"start":{"line":17,"column":15},"end":{"line":21,"column":9}}],"line":10},"3":{"loc":{"start":{"line":11,"column":12},"end":{"line":16,"column":13}},"type":"if","locations":[{"start":{"line":11,"column":12},"end":{"line":16,"column":13}},{"start":{"line":13,"column":19},"end":{"line":16,"column":13}}],"line":11},"4":{"loc":{"start":{"line":18,"column":12},"end":{"line":20,"column":13}},"type":"if","locations":[{"start":{"line":18,"column":12},"end":{"line":20,"column":13}},{"start":{},"end":{}}],"line":18},"5":{"loc":{"start":{"line":18,"column":16},"end":{"line":18,"column":67}},"type":"binary-expr","locations":[{"start":{"line":18,"column":16},"end":{"line":18,"column":33}},{"start":{"line":18,"column":37},"end":{"line":18,"column":67}}],"line":18},"6":{"loc":{"start":{"line":35,"column":0},"end":{"line":37,"column":1}},"type":"if","locations":[{"start":{"line":35,"column":0},"end":{"line":37,"column":1}},{"start":{},"end":{}}],"line":35},"7":{"loc":{"start":{"line":35,"column":4},"end":{"line":35,"column":51}},"type":"binary-expr","locations":[{"start":{"line":35,"column":4},"end":{"line":35,"column":33}},{"start":{"line":35,"column":37},"end":{"line":35,"column":51}}],"line":35}},"s":{"0":0,"1":0,"2":0,"3":0,"4":0,"5":0,"6":0,"7":0,"8":0,"9":0,"10":0,"11":0,"12":0,"13":0,"14":0,"15":0,"16":0,"17":0,"18":0,"19":0,"20":0,"21":0},"f":{"0":0,"1":0,"2":0,"3":0,"4":0,"5":0,"6":0},"b":{"0":[0],"1":[0,0],"2":[0,0],"3":[0,0],"4":[0,0],"5":[0,0],"6":[0,0],"7":[0,0]}}
}
