{"D:\\Documents\\UCB\\5TO SEMESTRE\\TALLER DE DISEÑO DE SOFTWARE 1\\PROYECTOS-COMPLETOS\\ECOMMERCE\\PROYECTOS-TALLER\\js\\app.js": {"path":"D:\\Documents\\UCB\\5TO SEMESTRE\\TALLER DE DISEÑO DE SOFTWARE 1\\PROYECTOS-COMPLETOS\\ECOMMERCE\\PROYECTOS-TALLER\\js\\app.js","statementMap":{"0":{"start":{"line":1,"column":21},"end":{"line":1,"column":23}},"1":{"start":{"line":3,"column":0},"end":{"line":17,"column":3}},"2":{"start":{"line":4,"column":4},"end":{"line":4,"column":151}},"3":{"start":{"line":6,"column":4},"end":{"line":6,"column":88}},"4":{"start":{"line":7,"column":4},"end":{"line":7,"column":87}},"5":{"start":{"line":9,"column":4},"end":{"line":16,"column":5}},"6":{"start":{"line":10,"column":8},"end":{"line":10,"column":49}},"7":{"start":{"line":11,"column":8},"end":{"line":11,"column":42}},"8":{"start":{"line":13,"column":8},"end":{"line":14,"column":164}},"9":{"start":{"line":15,"column":8},"end":{"line":15,"column":70}}},"fnMap":{"0":{"name":"(anonymous_0)","decl":{"start":{"line":3,"column":46},"end":{"line":3,"column":47}},"loc":{"start":{"line":3,"column":58},"end":{"line":17,"column":1}},"line":3}},"branchMap":{},"s":{"0":0,"1":0,"2":0,"3":0,"4":0,"5":0,"6":0,"7":0,"8":0,"9":0},"f":{"0":0},"b":{}}
,"D:\\Documents\\UCB\\5TO SEMESTRE\\TALLER DE DISEÑO DE SOFTWARE 1\\PROYECTOS-COMPLETOS\\ECOMMERCE\\PROYECTOS-TALLER\\js\\api\\supabaseClient.js": {"path":"D:\\Documents\\UCB\\5TO SEMESTRE\\TALLER DE DISEÑO DE SOFTWARE 1\\PROYECTOS-COMPLETOS\\ECOMMERCE\\PROYECTOS-TALLER\\js\\api\\supabaseClient.js","statementMap":{"0":{"start":{"line":1,"column":21},"end":{"line":1,"column":63}},"1":{"start":{"line":2,"column":21},"end":{"line":2,"column":69}},"2":{"start":{"line":4,"column":24},"end":{"line":8,"column":2}},"3":{"start":{"line":10,"column":12},"end":{"line":25,"column":1}},"4":{"start":{"line":12,"column":8},"end":{"line":23,"column":9}},"5":{"start":{"line":13,"column":36},"end":{"line":16,"column":58}},"6":{"start":{"line":18,"column":12},"end":{"line":18,"column":35}},"7":{"start":{"line":18,"column":23},"end":{"line":18,"column":35}},"8":{"start":{"line":19,"column":12},"end":{"line":19,"column":24}},"9":{"start":{"line":21,"column":12},"end":{"line":21,"column":64}},"10":{"start":{"line":22,"column":12},"end":{"line":22,"column":24}}},"fnMap":{"0":{"name":"(anonymous_0)","decl":{"start":{"line":11,"column":4},"end":{"line":11,"column":5}},"loc":{"start":{"line":11,"column":24},"end":{"line":24,"column":5}},"line":11}},"branchMap":{"0":{"loc":{"start":{"line":18,"column":12},"end":{"line":18,"column":35}},"type":"if","locations":[{"start":{"line":18,"column":12},"end":{"line":18,"column":35}},{"start":{},"end":{}}],"line":18}},"s":{"0":0,"1":0,"2":0,"3":0,"4":0,"5":0,"6":0,"7":0,"8":0,"9":0,"10":0},"f":{"0":0},"b":{"0":[0,0]}}
,"D:\\Documents\\UCB\\5TO SEMESTRE\\TALLER DE DISEÑO DE SOFTWARE 1\\PROYECTOS-COMPLETOS\\ECOMMERCE\\PROYECTOS-TALLER\\js\\components\\ui.js": {"path":"D:\\Documents\\UCB\\5TO SEMESTRE\\TALLER DE DISEÑO DE SOFTWARE 1\\PROYECTOS-COMPLETOS\\ECOMMERCE\\PROYECTOS-TALLER\\js\\components\\ui.js","statementMap":{"0":{"start":{"line":1,"column":11},"end":{"line":238,"column":1}},"1":{"start":{"line":5,"column":26},"end":{"line":5,"column":70}},"2":{"start":{"line":7,"column":8},"end":{"line":7,"column":31}},"3":{"start":{"line":7,"column":24},"end":{"line":7,"column":31}},"4":{"start":{"line":9,"column":8},"end":{"line":9,"column":33}},"5":{"start":{"line":11,"column":8},"end":{"line":14,"column":9}},"6":{"start":{"line":12,"column":12},"end":{"line":12,"column":171}},"7":{"start":{"line":13,"column":12},"end":{"line":13,"column":19}},"8":{"start":{"line":16,"column":8},"end":{"line":34,"column":9}},"9":{"start":{"line":16,"column":21},"end":{"line":16,"column":22}},"10":{"start":{"line":17,"column":28},"end":{"line":17,"column":39}},"11":{"start":{"line":18,"column":25},"end":{"line":18,"column":54}},"12":{"start":{"line":19,"column":12},"end":{"line":19,"column":44}},"13":{"start":{"line":21,"column":33},"end":{"line":21,"column":52}},"14":{"start":{"line":22,"column":31},"end":{"line":25,"column":131}},"15":{"start":{"line":27,"column":12},"end":{"line":32,"column":14}},"16":{"start":{"line":33,"column":12},"end":{"line":33,"column":40}},"17":{"start":{"line":38,"column":8},"end":{"line":38,"column":80}},"18":{"start":{"line":38,"column":60},"end":{"line":38,"column":78}},"19":{"start":{"line":39,"column":18},"end":{"line":39,"column":43}},"20":{"start":{"line":41,"column":8},"end":{"line":41,"column":23}},"21":{"start":{"line":41,"column":16},"end":{"line":41,"column":23}},"22":{"start":{"line":43,"column":8},"end":{"line":43,"column":64}},"23":{"start":{"line":44,"column":8},"end":{"line":44,"column":75}},"24":{"start":{"line":45,"column":8},"end":{"line":45,"column":85}},"25":{"start":{"line":46,"column":8},"end":{"line":46,"column":56}},"26":{"start":{"line":48,"column":8},"end":{"line":48,"column":66}},"27":{"start":{"line":49,"column":8},"end":{"line":49,"column":68}},"28":{"start":{"line":50,"column":8},"end":{"line":50,"column":90}},"29":{"start":{"line":51,"column":8},"end":{"line":51,"column":114}},"30":{"start":{"line":53,"column":31},"end":{"line":53,"column":68}},"31":{"start":{"line":54,"column":8},"end":{"line":58,"column":9}},"32":{"start":{"line":55,"column":12},"end":{"line":55,"column":200}},"33":{"start":{"line":57,"column":12},"end":{"line":57,"column":95}},"34":{"start":{"line":60,"column":25},"end":{"line":60,"column":67}},"35":{"start":{"line":61,"column":23},"end":{"line":61,"column":64}},"36":{"start":{"line":62,"column":24},"end":{"line":62,"column":59}},"37":{"start":{"line":63,"column":25},"end":{"line":63,"column":61}},"38":{"start":{"line":65,"column":8},"end":{"line":90,"column":9}},"39":{"start":{"line":66,"column":12},"end":{"line":66,"column":31}},"40":{"start":{"line":67,"column":12},"end":{"line":67,"column":43}},"41":{"start":{"line":68,"column":12},"end":{"line":68,"column":35}},"42":{"start":{"line":69,"column":12},"end":{"line":69,"column":36}},"43":{"start":{"line":70,"column":12},"end":{"line":70,"column":37}},"44":{"start":{"line":72,"column":12},"end":{"line":72,"column":31}},"45":{"start":{"line":73,"column":12},"end":{"line":73,"column":57}},"46":{"start":{"line":74,"column":12},"end":{"line":74,"column":36}},"47":{"start":{"line":75,"column":12},"end":{"line":75,"column":37}},"48":{"start":{"line":76,"column":12},"end":{"line":76,"column":46}},"49":{"start":{"line":78,"column":12},"end":{"line":89,"column":14}},"50":{"start":{"line":79,"column":16},"end":{"line":79,"column":39}},"51":{"start":{"line":81,"column":28},"end":{"line":81,"column":52}},"52":{"start":{"line":82,"column":16},"end":{"line":82,"column":64}},"53":{"start":{"line":83,"column":16},"end":{"line":83,"column":32}},"54":{"start":{"line":85,"column":40},"end":{"line":85,"column":43}},"55":{"start":{"line":86,"column":16},"end":{"line":88,"column":36}},"56":{"start":{"line":87,"column":20},"end":{"line":87,"column":44}},"57":{"start":{"line":94,"column":22},"end":{"line":94,"column":64}},"58":{"start":{"line":95,"column":25},"end":{"line":95,"column":61}},"59":{"start":{"line":96,"column":24},"end":{"line":96,"column":59}},"60":{"start":{"line":97,"column":18},"end":{"line":97,"column":39}},"61":{"start":{"line":98,"column":25},"end":{"line":98,"column":56}},"62":{"start":{"line":100,"column":8},"end":{"line":104,"column":9}},"63":{"start":{"line":101,"column":12},"end":{"line":101,"column":20}},"64":{"start":{"line":102,"column":15},"end":{"line":104,"column":9}},"65":{"start":{"line":103,"column":12},"end":{"line":103,"column":27}},"66":{"start":{"line":106,"column":8},"end":{"line":106,"column":26}},"67":{"start":{"line":107,"column":8},"end":{"line":107,"column":39}},"68":{"start":{"line":108,"column":8},"end":{"line":108,"column":45}},"69":{"start":{"line":112,"column":8},"end":{"line":112,"column":67}},"70":{"start":{"line":113,"column":8},"end":{"line":113,"column":78}},"71":{"start":{"line":114,"column":8},"end":{"line":114,"column":82}},"72":{"start":{"line":118,"column":22},"end":{"line":118,"column":64}},"73":{"start":{"line":119,"column":25},"end":{"line":119,"column":46}},"74":{"start":{"line":120,"column":25},"end":{"line":120,"column":56}},"75":{"start":{"line":122,"column":21},"end":{"line":122,"column":40}},"76":{"start":{"line":124,"column":8},"end":{"line":126,"column":9}},"77":{"start":{"line":125,"column":12},"end":{"line":125,"column":33}},"78":{"start":{"line":128,"column":8},"end":{"line":128,"column":75}},"79":{"start":{"line":129,"column":8},"end":{"line":129,"column":81}},"80":{"start":{"line":133,"column":24},"end":{"line":133,"column":63}},"81":{"start":{"line":134,"column":8},"end":{"line":134,"column":43}},"82":{"start":{"line":138,"column":26},"end":{"line":138,"column":73}},"83":{"start":{"line":139,"column":26},"end":{"line":139,"column":63}},"84":{"start":{"line":140,"column":26},"end":{"line":140,"column":63}},"85":{"start":{"line":141,"column":29},"end":{"line":141,"column":69}},"86":{"start":{"line":142,"column":29},"end":{"line":142,"column":69}},"87":{"start":{"line":144,"column":8},"end":{"line":144,"column":31}},"88":{"start":{"line":144,"column":24},"end":{"line":144,"column":31}},"89":{"start":{"line":146,"column":8},"end":{"line":146,"column":33}},"90":{"start":{"line":147,"column":25},"end":{"line":147,"column":26}},"91":{"start":{"line":149,"column":8},"end":{"line":167,"column":11}},"92":{"start":{"line":150,"column":12},"end":{"line":150,"column":40}},"93":{"start":{"line":151,"column":24},"end":{"line":151,"column":53}},"94":{"start":{"line":152,"column":12},"end":{"line":152,"column":39}},"95":{"start":{"line":153,"column":12},"end":{"line":153,"column":55}},"96":{"start":{"line":154,"column":12},"end":{"line":154,"column":44}},"97":{"start":{"line":155,"column":12},"end":{"line":155,"column":44}},"98":{"start":{"line":156,"column":12},"end":{"line":156,"column":57}},"99":{"start":{"line":157,"column":12},"end":{"line":157,"column":47}},"100":{"start":{"line":159,"column":12},"end":{"line":165,"column":14}},"101":{"start":{"line":166,"column":12},"end":{"line":166,"column":39}},"102":{"start":{"line":169,"column":8},"end":{"line":169,"column":58}},"103":{"start":{"line":169,"column":23},"end":{"line":169,"column":58}},"104":{"start":{"line":170,"column":8},"end":{"line":170,"column":90}},"105":{"start":{"line":170,"column":26},"end":{"line":170,"column":90}},"106":{"start":{"line":171,"column":8},"end":{"line":171,"column":89}},"107":{"start":{"line":171,"column":26},"end":{"line":171,"column":89}},"108":{"start":{"line":172,"column":8},"end":{"line":172,"column":81}},"109":{"start":{"line":172,"column":23},"end":{"line":172,"column":81}},"110":{"start":{"line":176,"column":26},"end":{"line":176,"column":68}},"111":{"start":{"line":177,"column":8},"end":{"line":177,"column":31}},"112":{"start":{"line":177,"column":24},"end":{"line":177,"column":31}},"113":{"start":{"line":179,"column":22},"end":{"line":179,"column":51}},"114":{"start":{"line":180,"column":8},"end":{"line":180,"column":42}},"115":{"start":{"line":182,"column":21},"end":{"line":182,"column":50}},"116":{"start":{"line":184,"column":8},"end":{"line":184,"column":92}},"117":{"start":{"line":186,"column":8},"end":{"line":186,"column":37}},"118":{"start":{"line":188,"column":34},"end":{"line":188,"column":38}},"119":{"start":{"line":190,"column":8},"end":{"line":193,"column":30}},"120":{"start":{"line":191,"column":12},"end":{"line":191,"column":44}},"121":{"start":{"line":192,"column":12},"end":{"line":192,"column":73}},"122":{"start":{"line":192,"column":57},"end":{"line":192,"column":71}},"123":{"start":{"line":197,"column":28},"end":{"line":197,"column":54}},"124":{"start":{"line":199,"column":8},"end":{"line":203,"column":9}},"125":{"start":{"line":200,"column":12},"end":{"line":200,"column":30}},"126":{"start":{"line":202,"column":12},"end":{"line":202,"column":90}},"127":{"start":{"line":207,"column":8},"end":{"line":209,"column":9}},"128":{"start":{"line":208,"column":12},"end":{"line":208,"column":48}},"129":{"start":{"line":211,"column":8},"end":{"line":236,"column":9}},"130":{"start":{"line":212,"column":35},"end":{"line":212,"column":72}},"131":{"start":{"line":213,"column":29},"end":{"line":213,"column":71}},"132":{"start":{"line":214,"column":27},"end":{"line":214,"column":68}},"133":{"start":{"line":215,"column":28},"end":{"line":215,"column":63}},"134":{"start":{"line":216,"column":29},"end":{"line":216,"column":65}},"135":{"start":{"line":217,"column":12},"end":{"line":217,"column":64}},"136":{"start":{"line":217,"column":57},"end":{"line":217,"column":64}},"137":{"start":{"line":219,"column":12},"end":{"line":235,"column":13}},"138":{"start":{"line":220,"column":16},"end":{"line":220,"column":90}},"139":{"start":{"line":221,"column":16},"end":{"line":221,"column":35}},"140":{"start":{"line":222,"column":16},"end":{"line":222,"column":47}},"141":{"start":{"line":223,"column":16},"end":{"line":223,"column":39}},"142":{"start":{"line":224,"column":16},"end":{"line":224,"column":40}},"143":{"start":{"line":225,"column":16},"end":{"line":225,"column":41}},"144":{"start":{"line":227,"column":16},"end":{"line":231,"column":17}},"145":{"start":{"line":228,"column":20},"end":{"line":228,"column":207}},"146":{"start":{"line":230,"column":20},"end":{"line":230,"column":109}},"147":{"start":{"line":232,"column":16},"end":{"line":232,"column":35}},"148":{"start":{"line":233,"column":16},"end":{"line":233,"column":41}},"149":{"start":{"line":234,"column":16},"end":{"line":234,"column":56}},"150":{"start":{"line":240,"column":0},"end":{"line":242,"column":1}},"151":{"start":{"line":241,"column":4},"end":{"line":241,"column":24}}},"fnMap":{"0":{"name":"(anonymous_0)","decl":{"start":{"line":4,"column":4},"end":{"line":4,"column":5}},"loc":{"start":{"line":4,"column":29},"end":{"line":35,"column":5}},"line":4},"1":{"name":"(anonymous_1)","decl":{"start":{"line":37,"column":4},"end":{"line":37,"column":5}},"loc":{"start":{"line":37,"column":65},"end":{"line":91,"column":5}},"line":37},"2":{"name":"(anonymous_2)","decl":{"start":{"line":38,"column":55},"end":{"line":38,"column":56}},"loc":{"start":{"line":38,"column":60},"end":{"line":38,"column":78}},"line":38},"3":{"name":"(anonymous_3)","decl":{"start":{"line":78,"column":29},"end":{"line":78,"column":30}},"loc":{"start":{"line":78,"column":35},"end":{"line":89,"column":13}},"line":78},"4":{"name":"(anonymous_4)","decl":{"start":{"line":86,"column":27},"end":{"line":86,"column":28}},"loc":{"start":{"line":86,"column":33},"end":{"line":88,"column":17}},"line":86},"5":{"name":"(anonymous_5)","decl":{"start":{"line":93,"column":4},"end":{"line":93,"column":5}},"loc":{"start":{"line":93,"column":29},"end":{"line":109,"column":5}},"line":93},"6":{"name":"(anonymous_6)","decl":{"start":{"line":111,"column":4},"end":{"line":111,"column":5}},"loc":{"start":{"line":111,"column":18},"end":{"line":115,"column":5}},"line":111},"7":{"name":"(anonymous_7)","decl":{"start":{"line":117,"column":4},"end":{"line":117,"column":5}},"loc":{"start":{"line":117,"column":27},"end":{"line":130,"column":5}},"line":117},"8":{"name":"(anonymous_8)","decl":{"start":{"line":132,"column":4},"end":{"line":132,"column":5}},"loc":{"start":{"line":132,"column":17},"end":{"line":135,"column":5}},"line":132},"9":{"name":"(anonymous_9)","decl":{"start":{"line":137,"column":4},"end":{"line":137,"column":5}},"loc":{"start":{"line":137,"column":26},"end":{"line":173,"column":5}},"line":137},"10":{"name":"(anonymous_10)","decl":{"start":{"line":149,"column":26},"end":{"line":149,"column":27}},"loc":{"start":{"line":149,"column":34},"end":{"line":167,"column":9}},"line":149},"11":{"name":"(anonymous_11)","decl":{"start":{"line":175,"column":4},"end":{"line":175,"column":5}},"loc":{"start":{"line":175,"column":39},"end":{"line":194,"column":5}},"line":175},"12":{"name":"(anonymous_12)","decl":{"start":{"line":190,"column":19},"end":{"line":190,"column":20}},"loc":{"start":{"line":190,"column":25},"end":{"line":193,"column":9}},"line":190},"13":{"name":"(anonymous_13)","decl":{"start":{"line":192,"column":51},"end":{"line":192,"column":52}},"loc":{"start":{"line":192,"column":57},"end":{"line":192,"column":71}},"line":192},"14":{"name":"(anonymous_14)","decl":{"start":{"line":196,"column":4},"end":{"line":196,"column":5}},"loc":{"start":{"line":196,"column":15},"end":{"line":204,"column":5}},"line":196},"15":{"name":"(anonymous_15)","decl":{"start":{"line":206,"column":4},"end":{"line":206,"column":5}},"loc":{"start":{"line":206,"column":34},"end":{"line":237,"column":5}},"line":206}},"branchMap":{"0":{"loc":{"start":{"line":7,"column":8},"end":{"line":7,"column":31}},"type":"if","locations":[{"start":{"line":7,"column":8},"end":{"line":7,"column":31}},{"start":{},"end":{}}],"line":7},"1":{"loc":{"start":{"line":11,"column":8},"end":{"line":14,"column":9}},"type":"if","locations":[{"start":{"line":11,"column":8},"end":{"line":14,"column":9}},{"start":{},"end":{}}],"line":11},"2":{"loc":{"start":{"line":22,"column":31},"end":{"line":25,"column":131}},"type":"cond-expr","locations":[{"start":{"line":23,"column":18},"end":{"line":23,"column":55}},{"start":{"line":24,"column":18},"end":{"line":25,"column":131}}],"line":22},"3":{"loc":{"start":{"line":37,"column":33},"end":{"line":37,"column":63}},"type":"default-arg","locations":[{"start":{"line":37,"column":49},"end":{"line":37,"column":63}}],"line":37},"4":{"loc":{"start":{"line":41,"column":8},"end":{"line":41,"column":23}},"type":"if","locations":[{"start":{"line":41,"column":8},"end":{"line":41,"column":23}},{"start":{},"end":{}}],"line":41},"5":{"loc":{"start":{"line":51,"column":68},"end":{"line":51,"column":113}},"type":"binary-expr","locations":[{"start":{"line":51,"column":68},"end":{"line":51,"column":81}},{"start":{"line":51,"column":85},"end":{"line":51,"column":113}}],"line":51},"6":{"loc":{"start":{"line":54,"column":8},"end":{"line":58,"column":9}},"type":"if","locations":[{"start":{"line":54,"column":8},"end":{"line":58,"column":9}},{"start":{"line":56,"column":15},"end":{"line":58,"column":9}}],"line":54},"7":{"loc":{"start":{"line":65,"column":8},"end":{"line":90,"column":9}},"type":"if","locations":[{"start":{"line":65,"column":8},"end":{"line":90,"column":9}},{"start":{"line":71,"column":15},"end":{"line":90,"column":9}}],"line":65},"8":{"loc":{"start":{"line":100,"column":8},"end":{"line":104,"column":9}},"type":"if","locations":[{"start":{"line":100,"column":8},"end":{"line":104,"column":9}},{"start":{"line":102,"column":15},"end":{"line":104,"column":9}}],"line":100},"9":{"loc":{"start":{"line":100,"column":12},"end":{"line":100,"column":33}},"type":"binary-expr","locations":[{"start":{"line":100,"column":12},"end":{"line":100,"column":22}},{"start":{"line":100,"column":26},"end":{"line":100,"column":33}}],"line":100},"10":{"loc":{"start":{"line":102,"column":15},"end":{"line":104,"column":9}},"type":"if","locations":[{"start":{"line":102,"column":15},"end":{"line":104,"column":9}},{"start":{},"end":{}}],"line":102},"11":{"loc":{"start":{"line":124,"column":8},"end":{"line":126,"column":9}},"type":"if","locations":[{"start":{"line":124,"column":8},"end":{"line":126,"column":9}},{"start":{},"end":{}}],"line":124},"12":{"loc":{"start":{"line":124,"column":12},"end":{"line":124,"column":45}},"type":"binary-expr","locations":[{"start":{"line":124,"column":12},"end":{"line":124,"column":23}},{"start":{"line":124,"column":27},"end":{"line":124,"column":45}}],"line":124},"13":{"loc":{"start":{"line":144,"column":8},"end":{"line":144,"column":31}},"type":"if","locations":[{"start":{"line":144,"column":8},"end":{"line":144,"column":31}},{"start":{},"end":{}}],"line":144},"14":{"loc":{"start":{"line":169,"column":8},"end":{"line":169,"column":58}},"type":"if","locations":[{"start":{"line":169,"column":8},"end":{"line":169,"column":58}},{"start":{},"end":{}}],"line":169},"15":{"loc":{"start":{"line":170,"column":8},"end":{"line":170,"column":90}},"type":"if","locations":[{"start":{"line":170,"column":8},"end":{"line":170,"column":90}},{"start":{},"end":{}}],"line":170},"16":{"loc":{"start":{"line":171,"column":8},"end":{"line":171,"column":89}},"type":"if","locations":[{"start":{"line":171,"column":8},"end":{"line":171,"column":89}},{"start":{},"end":{}}],"line":171},"17":{"loc":{"start":{"line":172,"column":8},"end":{"line":172,"column":81}},"type":"if","locations":[{"start":{"line":172,"column":8},"end":{"line":172,"column":81}},{"start":{},"end":{}}],"line":172},"18":{"loc":{"start":{"line":175,"column":23},"end":{"line":175,"column":37}},"type":"default-arg","locations":[{"start":{"line":175,"column":30},"end":{"line":175,"column":37}}],"line":175},"19":{"loc":{"start":{"line":177,"column":8},"end":{"line":177,"column":31}},"type":"if","locations":[{"start":{"line":177,"column":8},"end":{"line":177,"column":31}},{"start":{},"end":{}}],"line":177},"20":{"loc":{"start":{"line":182,"column":21},"end":{"line":182,"column":50}},"type":"cond-expr","locations":[{"start":{"line":182,"column":40},"end":{"line":182,"column":44}},{"start":{"line":182,"column":47},"end":{"line":182,"column":50}}],"line":182},"21":{"loc":{"start":{"line":199,"column":8},"end":{"line":203,"column":9}},"type":"if","locations":[{"start":{"line":199,"column":8},"end":{"line":203,"column":9}},{"start":{},"end":{}}],"line":199},"22":{"loc":{"start":{"line":207,"column":8},"end":{"line":209,"column":9}},"type":"if","locations":[{"start":{"line":207,"column":8},"end":{"line":209,"column":9}},{"start":{},"end":{}}],"line":207},"23":{"loc":{"start":{"line":207,"column":12},"end":{"line":207,"column":97}},"type":"binary-expr","locations":[{"start":{"line":207,"column":12},"end":{"line":207,"column":49}},{"start":{"line":207,"column":53},"end":{"line":207,"column":97}}],"line":207},"24":{"loc":{"start":{"line":211,"column":8},"end":{"line":236,"column":9}},"type":"if","locations":[{"start":{"line":211,"column":8},"end":{"line":236,"column":9}},{"start":{},"end":{}}],"line":211},"25":{"loc":{"start":{"line":211,"column":12},"end":{"line":211,"column":84}},"type":"binary-expr","locations":[{"start":{"line":211,"column":12},"end":{"line":211,"column":37}},{"start":{"line":211,"column":41},"end":{"line":211,"column":84}}],"line":211},"26":{"loc":{"start":{"line":217,"column":12},"end":{"line":217,"column":64}},"type":"if","locations":[{"start":{"line":217,"column":12},"end":{"line":217,"column":64}},{"start":{},"end":{}}],"line":217},"27":{"loc":{"start":{"line":217,"column":16},"end":{"line":217,"column":55}},"type":"binary-expr","locations":[{"start":{"line":217,"column":16},"end":{"line":217,"column":31}},{"start":{"line":217,"column":35},"end":{"line":217,"column":44}},{"start":{"line":217,"column":48},"end":{"line":217,"column":55}}],"line":217},"28":{"loc":{"start":{"line":219,"column":12},"end":{"line":235,"column":13}},"type":"if","locations":[{"start":{"line":219,"column":12},"end":{"line":235,"column":13}},{"start":{"line":226,"column":19},"end":{"line":235,"column":13}}],"line":219},"29":{"loc":{"start":{"line":227,"column":16},"end":{"line":231,"column":17}},"type":"if","locations":[{"start":{"line":227,"column":16},"end":{"line":231,"column":17}},{"start":{"line":229,"column":23},"end":{"line":231,"column":17}}],"line":227},"30":{"loc":{"start":{"line":240,"column":0},"end":{"line":242,"column":1}},"type":"if","locations":[{"start":{"line":240,"column":0},"end":{"line":242,"column":1}},{"start":{},"end":{}}],"line":240},"31":{"loc":{"start":{"line":240,"column":4},"end":{"line":240,"column":51}},"type":"binary-expr","locations":[{"start":{"line":240,"column":4},"end":{"line":240,"column":33}},{"start":{"line":240,"column":37},"end":{"line":240,"column":51}}],"line":240}},"s":{"0":3,"1":3,"2":3,"3":0,"4":3,"5":3,"6":1,"7":1,"8":2,"9":2,"10":2,"11":2,"12":2,"13":2,"14":2,"15":2,"16":2,"17":5,"18":5,"19":5,"20":5,"21":0,"22":5,"23":5,"24":5,"25":5,"26":5,"27":5,"28":5,"29":5,"30":5,"31":5,"32":1,"33":4,"34":5,"35":5,"36":5,"37":5,"38":5,"39":0,"40":0,"41":0,"42":0,"43":0,"44":5,"45":5,"46":5,"47":5,"48":5,"49":5,"50":1,"51":1,"52":1,"53":1,"54":1,"55":1,"56":1,"57":3,"58":3,"59":3,"60":3,"61":3,"62":3,"63":2,"64":1,"65":1,"66":3,"67":3,"68":3,"69":0,"70":0,"71":0,"72":2,"73":2,"74":2,"75":2,"76":2,"77":1,"78":2,"79":2,"80":1,"81":1,"82":5,"83":5,"84":5,"85":5,"86":5,"87":5,"88":0,"89":5,"90":5,"91":5,"92":6,"93":6,"94":6,"95":6,"96":6,"97":6,"98":6,"99":6,"100":6,"101":6,"102":5,"103":5,"104":5,"105":0,"106":5,"107":0,"108":5,"109":5,"110":3,"111":3,"112":0,"113":3,"114":3,"115":3,"116":3,"117":3,"118":3,"119":3,"120":0,"121":0,"122":0,"123":0,"124":0,"125":0,"126":0,"127":5,"128":0,"129":5,"130":1,"131":1,"132":1,"133":1,"134":1,"135":1,"136":0,"137":1,"138":0,"139":0,"140":0,"141":0,"142":0,"143":0,"144":1,"145":0,"146":1,"147":1,"148":1,"149":1,"150":3,"151":3},"f":{"0":3,"1":5,"2":5,"3":1,"4":1,"5":3,"6":0,"7":2,"8":1,"9":5,"10":6,"11":3,"12":0,"13":0,"14":0,"15":5},"b":{"0":[0,3],"1":[1,2],"2":[1,1],"3":[5],"4":[0,5],"5":[5,1],"6":[1,4],"7":[0,5],"8":[2,1],"9":[3,2],"10":[1,0],"11":[1,1],"12":[2,2],"13":[0,5],"14":[5,0],"15":[0,5],"16":[0,5],"17":[5,0],"18":[0],"19":[0,3],"20":[3,0],"21":[0,0],"22":[0,5],"23":[5,3],"24":[1,4],"25":[5,3],"26":[0,1],"27":[1,1,1],"28":[0,1],"29":[0,1],"30":[3,0],"31":[3,3]},"_coverageSchema":"1a1c01bbd47fc00a2c39e90264f33305004495a9","hash":"b2f869ebfcc756e3b9b3905312c939e1880069d7"}
,"D:\\Documents\\UCB\\5TO SEMESTRE\\TALLER DE DISEÑO DE SOFTWARE 1\\PROYECTOS-COMPLETOS\\ECOMMERCE\\PROYECTOS-TALLER\\js\\services\\cartService.js": {"path":"D:\\Documents\\UCB\\5TO SEMESTRE\\TALLER DE DISEÑO DE SOFTWARE 1\\PROYECTOS-COMPLETOS\\ECOMMERCE\\PROYECTOS-TALLER\\js\\services\\cartService.js","statementMap":{"0":{"start":{"line":1,"column":20},"end":{"line":99,"column":1}},"1":{"start":{"line":17,"column":8},"end":{"line":17,"column":37}},"2":{"start":{"line":18,"column":8},"end":{"line":18,"column":61}},"3":{"start":{"line":20,"column":8},"end":{"line":22,"column":9}},"4":{"start":{"line":21,"column":12},"end":{"line":21,"column":37}},"5":{"start":{"line":26,"column":25},"end":{"line":26,"column":66}},"6":{"start":{"line":27,"column":24},"end":{"line":27,"column":71}},"7":{"start":{"line":27,"column":57},"end":{"line":27,"column":70}},"8":{"start":{"line":28,"column":20},"end":{"line":28,"column":78}},"9":{"start":{"line":30,"column":8},"end":{"line":30,"column":29}},"10":{"start":{"line":30,"column":22},"end":{"line":30,"column":29}},"11":{"start":{"line":32,"column":29},"end":{"line":32,"column":75}},"12":{"start":{"line":32,"column":52},"end":{"line":32,"column":74}},"13":{"start":{"line":33,"column":29},"end":{"line":33,"column":77}},"14":{"start":{"line":35,"column":8},"end":{"line":40,"column":9}},"15":{"start":{"line":36,"column":12},"end":{"line":38,"column":13}},"16":{"start":{"line":37,"column":16},"end":{"line":37,"column":101}},"17":{"start":{"line":39,"column":12},"end":{"line":39,"column":19}},"18":{"start":{"line":42,"column":8},"end":{"line":42,"column":29}},"19":{"start":{"line":44,"column":8},"end":{"line":46,"column":9}},"20":{"start":{"line":45,"column":12},"end":{"line":45,"column":51}},"21":{"start":{"line":48,"column":8},"end":{"line":52,"column":9}},"22":{"start":{"line":49,"column":12},"end":{"line":49,"column":49}},"23":{"start":{"line":51,"column":12},"end":{"line":51,"column":80}},"24":{"start":{"line":54,"column":8},"end":{"line":57,"column":9}},"25":{"start":{"line":55,"column":12},"end":{"line":55,"column":56}},"26":{"start":{"line":55,"column":31},"end":{"line":55,"column":56}},"27":{"start":{"line":56,"column":12},"end":{"line":56,"column":74}},"28":{"start":{"line":56,"column":41},"end":{"line":56,"column":74}},"29":{"start":{"line":61,"column":8},"end":{"line":61,"column":68}},"30":{"start":{"line":61,"column":45},"end":{"line":61,"column":66}},"31":{"start":{"line":62,"column":8},"end":{"line":64,"column":9}},"32":{"start":{"line":63,"column":12},"end":{"line":63,"column":37}},"33":{"start":{"line":68,"column":8},"end":{"line":68,"column":86}},"34":{"start":{"line":68,"column":47},"end":{"line":68,"column":81}},"35":{"start":{"line":72,"column":8},"end":{"line":72,"column":54}},"36":{"start":{"line":76,"column":8},"end":{"line":76,"column":36}},"37":{"start":{"line":80,"column":8},"end":{"line":83,"column":9}},"38":{"start":{"line":81,"column":12},"end":{"line":81,"column":106}},"39":{"start":{"line":81,"column":59},"end":{"line":81,"column":106}},"40":{"start":{"line":82,"column":12},"end":{"line":82,"column":24}},"41":{"start":{"line":85,"column":28},"end":{"line":85,"column":94}},"42":{"start":{"line":87,"column":8},"end":{"line":87,"column":23}},"43":{"start":{"line":89,"column":8},"end":{"line":91,"column":9}},"44":{"start":{"line":90,"column":12},"end":{"line":90,"column":37}},"45":{"start":{"line":93,"column":8},"end":{"line":97,"column":10}},"46":{"start":{"line":101,"column":0},"end":{"line":103,"column":1}},"47":{"start":{"line":102,"column":4},"end":{"line":102,"column":33}}},"fnMap":{"0":{"name":"(anonymous_0)","decl":{"start":{"line":5,"column":22},"end":{"line":5,"column":23}},"loc":{"start":{"line":5,"column":28},"end":{"line":5,"column":30}},"line":5},"1":{"name":"(anonymous_1)","decl":{"start":{"line":16,"column":4},"end":{"line":16,"column":5}},"loc":{"start":{"line":16,"column":30},"end":{"line":23,"column":5}},"line":16},"2":{"name":"(anonymous_2)","decl":{"start":{"line":25,"column":4},"end":{"line":25,"column":5}},"loc":{"start":{"line":25,"column":45},"end":{"line":58,"column":5}},"line":25},"3":{"name":"(anonymous_3)","decl":{"start":{"line":27,"column":52},"end":{"line":27,"column":53}},"loc":{"start":{"line":27,"column":57},"end":{"line":27,"column":70}},"line":27},"4":{"name":"(anonymous_4)","decl":{"start":{"line":32,"column":44},"end":{"line":32,"column":45}},"loc":{"start":{"line":32,"column":52},"end":{"line":32,"column":74}},"line":32},"5":{"name":"(anonymous_5)","decl":{"start":{"line":60,"column":4},"end":{"line":60,"column":5}},"loc":{"start":{"line":60,"column":30},"end":{"line":65,"column":5}},"line":60},"6":{"name":"(anonymous_6)","decl":{"start":{"line":61,"column":37},"end":{"line":61,"column":38}},"loc":{"start":{"line":61,"column":45},"end":{"line":61,"column":66}},"line":61},"7":{"name":"(anonymous_7)","decl":{"start":{"line":67,"column":4},"end":{"line":67,"column":5}},"loc":{"start":{"line":67,"column":18},"end":{"line":69,"column":5}},"line":67},"8":{"name":"(anonymous_8)","decl":{"start":{"line":68,"column":32},"end":{"line":68,"column":33}},"loc":{"start":{"line":68,"column":47},"end":{"line":68,"column":81}},"line":68},"9":{"name":"(anonymous_9)","decl":{"start":{"line":71,"column":4},"end":{"line":71,"column":5}},"loc":{"start":{"line":71,"column":15},"end":{"line":73,"column":5}},"line":71},"10":{"name":"(anonymous_10)","decl":{"start":{"line":75,"column":4},"end":{"line":75,"column":5}},"loc":{"start":{"line":75,"column":29},"end":{"line":77,"column":5}},"line":75},"11":{"name":"(anonymous_11)","decl":{"start":{"line":79,"column":4},"end":{"line":79,"column":5}},"loc":{"start":{"line":79,"column":19},"end":{"line":98,"column":5}},"line":79}},"branchMap":{"0":{"loc":{"start":{"line":18,"column":28},"end":{"line":18,"column":60}},"type":"binary-expr","locations":[{"start":{"line":18,"column":28},"end":{"line":18,"column":55}},{"start":{"line":18,"column":59},"end":{"line":18,"column":60}}],"line":18},"1":{"loc":{"start":{"line":20,"column":8},"end":{"line":22,"column":9}},"type":"if","locations":[{"start":{"line":20,"column":8},"end":{"line":22,"column":9}},{"start":{},"end":{}}],"line":20},"2":{"loc":{"start":{"line":20,"column":12},"end":{"line":20,"column":54}},"type":"binary-expr","locations":[{"start":{"line":20,"column":12},"end":{"line":20,"column":37}},{"start":{"line":20,"column":41},"end":{"line":20,"column":54}}],"line":20},"3":{"loc":{"start":{"line":25,"column":26},"end":{"line":25,"column":43}},"type":"default-arg","locations":[{"start":{"line":25,"column":42},"end":{"line":25,"column":43}}],"line":25},"4":{"loc":{"start":{"line":26,"column":25},"end":{"line":26,"column":66}},"type":"binary-expr","locations":[{"start":{"line":26,"column":25},"end":{"line":26,"column":49}},{"start":{"line":26,"column":53},"end":{"line":26,"column":66}}],"line":26},"5":{"loc":{"start":{"line":27,"column":24},"end":{"line":27,"column":71}},"type":"cond-expr","locations":[{"start":{"line":27,"column":35},"end":{"line":27,"column":39}},{"start":{"line":27,"column":42},"end":{"line":27,"column":71}}],"line":27},"6":{"loc":{"start":{"line":28,"column":20},"end":{"line":28,"column":78}},"type":"cond-expr","locations":[{"start":{"line":28,"column":32},"end":{"line":28,"column":61}},{"start":{"line":28,"column":65},"end":{"line":28,"column":78}}],"line":28},"7":{"loc":{"start":{"line":28,"column":32},"end":{"line":28,"column":61}},"type":"cond-expr","locations":[{"start":{"line":28,"column":53},"end":{"line":28,"column":57}},{"start":{"line":28,"column":60},"end":{"line":28,"column":61}}],"line":28},"8":{"loc":{"start":{"line":30,"column":8},"end":{"line":30,"column":29}},"type":"if","locations":[{"start":{"line":30,"column":8},"end":{"line":30,"column":29}},{"start":{},"end":{}}],"line":30},"9":{"loc":{"start":{"line":33,"column":29},"end":{"line":33,"column":77}},"type":"cond-expr","locations":[{"start":{"line":33,"column":44},"end":{"line":33,"column":71}},{"start":{"line":33,"column":74},"end":{"line":33,"column":77}}],"line":33},"10":{"loc":{"start":{"line":35,"column":8},"end":{"line":40,"column":9}},"type":"if","locations":[{"start":{"line":35,"column":8},"end":{"line":40,"column":9}},{"start":{},"end":{}}],"line":35},"11":{"loc":{"start":{"line":36,"column":12},"end":{"line":38,"column":13}},"type":"if","locations":[{"start":{"line":36,"column":12},"end":{"line":38,"column":13}},{"start":{},"end":{}}],"line":36},"12":{"loc":{"start":{"line":36,"column":16},"end":{"line":36,"column":57}},"type":"binary-expr","locations":[{"start":{"line":36,"column":16},"end":{"line":36,"column":41}},{"start":{"line":36,"column":45},"end":{"line":36,"column":57}}],"line":36},"13":{"loc":{"start":{"line":44,"column":8},"end":{"line":46,"column":9}},"type":"if","locations":[{"start":{"line":44,"column":8},"end":{"line":46,"column":9}},{"start":{},"end":{}}],"line":44},"14":{"loc":{"start":{"line":44,"column":12},"end":{"line":44,"column":67}},"type":"binary-expr","locations":[{"start":{"line":44,"column":12},"end":{"line":44,"column":20}},{"start":{"line":44,"column":24},"end":{"line":44,"column":67}}],"line":44},"15":{"loc":{"start":{"line":48,"column":8},"end":{"line":52,"column":9}},"type":"if","locations":[{"start":{"line":48,"column":8},"end":{"line":52,"column":9}},{"start":{"line":50,"column":15},"end":{"line":52,"column":9}}],"line":48},"16":{"loc":{"start":{"line":54,"column":8},"end":{"line":57,"column":9}},"type":"if","locations":[{"start":{"line":54,"column":8},"end":{"line":57,"column":9}},{"start":{},"end":{}}],"line":54},"17":{"loc":{"start":{"line":55,"column":12},"end":{"line":55,"column":56}},"type":"if","locations":[{"start":{"line":55,"column":12},"end":{"line":55,"column":56}},{"start":{},"end":{}}],"line":55},"18":{"loc":{"start":{"line":56,"column":12},"end":{"line":56,"column":74}},"type":"if","locations":[{"start":{"line":56,"column":12},"end":{"line":56,"column":74}},{"start":{},"end":{}}],"line":56},"19":{"loc":{"start":{"line":62,"column":8},"end":{"line":64,"column":9}},"type":"if","locations":[{"start":{"line":62,"column":8},"end":{"line":64,"column":9}},{"start":{},"end":{}}],"line":62},"20":{"loc":{"start":{"line":62,"column":12},"end":{"line":62,"column":54}},"type":"binary-expr","locations":[{"start":{"line":62,"column":12},"end":{"line":62,"column":37}},{"start":{"line":62,"column":41},"end":{"line":62,"column":54}}],"line":62},"21":{"loc":{"start":{"line":80,"column":8},"end":{"line":83,"column":9}},"type":"if","locations":[{"start":{"line":80,"column":8},"end":{"line":83,"column":9}},{"start":{},"end":{}}],"line":80},"22":{"loc":{"start":{"line":81,"column":12},"end":{"line":81,"column":106}},"type":"if","locations":[{"start":{"line":81,"column":12},"end":{"line":81,"column":106}},{"start":{},"end":{}}],"line":81},"23":{"loc":{"start":{"line":81,"column":16},"end":{"line":81,"column":57}},"type":"binary-expr","locations":[{"start":{"line":81,"column":16},"end":{"line":81,"column":41}},{"start":{"line":81,"column":45},"end":{"line":81,"column":57}}],"line":81},"24":{"loc":{"start":{"line":85,"column":28},"end":{"line":85,"column":94}},"type":"cond-expr","locations":[{"start":{"line":85,"column":64},"end":{"line":85,"column":83}},{"start":{"line":85,"column":86},"end":{"line":85,"column":94}}],"line":85},"25":{"loc":{"start":{"line":89,"column":8},"end":{"line":91,"column":9}},"type":"if","locations":[{"start":{"line":89,"column":8},"end":{"line":91,"column":9}},{"start":{},"end":{}}],"line":89},"26":{"loc":{"start":{"line":89,"column":12},"end":{"line":89,"column":54}},"type":"binary-expr","locations":[{"start":{"line":89,"column":12},"end":{"line":89,"column":37}},{"start":{"line":89,"column":41},"end":{"line":89,"column":54}}],"line":89},"27":{"loc":{"start":{"line":101,"column":0},"end":{"line":103,"column":1}},"type":"if","locations":[{"start":{"line":101,"column":0},"end":{"line":103,"column":1}},{"start":{},"end":{}}],"line":101},"28":{"loc":{"start":{"line":101,"column":4},"end":{"line":101,"column":51}},"type":"binary-expr","locations":[{"start":{"line":101,"column":4},"end":{"line":101,"column":33}},{"start":{"line":101,"column":37},"end":{"line":101,"column":51}}],"line":101}},"s":{"0":4,"1":1,"2":1,"3":1,"4":1,"5":8,"6":8,"7":8,"8":8,"9":8,"10":0,"11":8,"12":2,"13":8,"14":8,"15":2,"16":2,"17":2,"18":6,"19":6,"20":6,"21":6,"22":0,"23":6,"24":6,"25":6,"26":6,"27":6,"28":5,"29":0,"30":0,"31":0,"32":0,"33":7,"34":9,"35":7,"36":1,"37":1,"38":0,"39":0,"40":0,"41":1,"42":1,"43":1,"44":1,"45":1,"46":4,"47":4},"f":{"0":5,"1":1,"2":8,"3":8,"4":2,"5":0,"6":0,"7":7,"8":9,"9":7,"10":1,"11":1},"b":{"0":[1,1],"1":[1,0],"2":[1,1],"3":[1],"4":[8,1],"5":[1,7],"6":[1,7],"7":[1,0],"8":[0,8],"9":[1,7],"10":[2,6],"11":[2,0],"12":[2,2],"13":[6,0],"14":[6,6],"15":[0,6],"16":[6,0],"17":[6,0],"18":[5,1],"19":[0,0],"20":[0,0],"21":[0,1],"22":[0,0],"23":[0,0],"24":[1,0],"25":[1,0],"26":[1,1],"27":[4,0],"28":[4,4]},"_coverageSchema":"1a1c01bbd47fc00a2c39e90264f33305004495a9","hash":"3b315a0b37e66e5db83e43893e52063258a2172a"}
}
