{"D:\\Documents\\UCB\\5TO SEMESTRE\\TALLER DE DISEÑO DE SOFTWARE 1\\PROYECTOS-COMPLETOS\\ECOMMERCE\\PROYECTOS-TALLER\\js\\app.js": {"path":"D:\\Documents\\UCB\\5TO SEMESTRE\\TALLER DE DISEÑO DE SOFTWARE 1\\PROYECTOS-COMPLETOS\\ECOMMERCE\\PROYECTOS-TALLER\\js\\app.js","statementMap":{"0":{"start":{"line":1,"column":21},"end":{"line":1,"column":23}},"1":{"start":{"line":3,"column":0},"end":{"line":17,"column":3}},"2":{"start":{"line":4,"column":4},"end":{"line":4,"column":151}},"3":{"start":{"line":6,"column":4},"end":{"line":6,"column":88}},"4":{"start":{"line":7,"column":4},"end":{"line":7,"column":87}},"5":{"start":{"line":9,"column":4},"end":{"line":16,"column":5}},"6":{"start":{"line":10,"column":8},"end":{"line":10,"column":49}},"7":{"start":{"line":11,"column":8},"end":{"line":11,"column":42}},"8":{"start":{"line":13,"column":8},"end":{"line":14,"column":164}},"9":{"start":{"line":15,"column":8},"end":{"line":15,"column":70}}},"fnMap":{"0":{"name":"(anonymous_0)","decl":{"start":{"line":3,"column":46},"end":{"line":3,"column":47}},"loc":{"start":{"line":3,"column":58},"end":{"line":17,"column":1}},"line":3}},"branchMap":{},"s":{"0":0,"1":0,"2":0,"3":0,"4":0,"5":0,"6":0,"7":0,"8":0,"9":0},"f":{"0":0},"b":{}}
,"D:\\Documents\\UCB\\5TO SEMESTRE\\TALLER DE DISEÑO DE SOFTWARE 1\\PROYECTOS-COMPLETOS\\ECOMMERCE\\PROYECTOS-TALLER\\js\\api\\supabaseClient.js": {"path":"D:\\Documents\\UCB\\5TO SEMESTRE\\TALLER DE DISEÑO DE SOFTWARE 1\\PROYECTOS-COMPLETOS\\ECOMMERCE\\PROYECTOS-TALLER\\js\\api\\supabaseClient.js","statementMap":{"0":{"start":{"line":1,"column":21},"end":{"line":1,"column":63}},"1":{"start":{"line":2,"column":21},"end":{"line":2,"column":69}},"2":{"start":{"line":4,"column":24},"end":{"line":8,"column":2}},"3":{"start":{"line":10,"column":12},"end":{"line":25,"column":1}},"4":{"start":{"line":12,"column":8},"end":{"line":23,"column":9}},"5":{"start":{"line":13,"column":36},"end":{"line":16,"column":58}},"6":{"start":{"line":18,"column":12},"end":{"line":18,"column":35}},"7":{"start":{"line":18,"column":23},"end":{"line":18,"column":35}},"8":{"start":{"line":19,"column":12},"end":{"line":19,"column":24}},"9":{"start":{"line":21,"column":12},"end":{"line":21,"column":64}},"10":{"start":{"line":22,"column":12},"end":{"line":22,"column":24}}},"fnMap":{"0":{"name":"(anonymous_0)","decl":{"start":{"line":11,"column":4},"end":{"line":11,"column":5}},"loc":{"start":{"line":11,"column":24},"end":{"line":24,"column":5}},"line":11}},"branchMap":{"0":{"loc":{"start":{"line":18,"column":12},"end":{"line":18,"column":35}},"type":"if","locations":[{"start":{"line":18,"column":12},"end":{"line":18,"column":35}},{"start":{},"end":{}}],"line":18}},"s":{"0":0,"1":0,"2":0,"3":0,"4":0,"5":0,"6":0,"7":0,"8":0,"9":0,"10":0},"f":{"0":0},"b":{"0":[0,0]}}
,"D:\\Documents\\UCB\\5TO SEMESTRE\\TALLER DE DISEÑO DE SOFTWARE 1\\PROYECTOS-COMPLETOS\\ECOMMERCE\\PROYECTOS-TALLER\\js\\components\\ui.js": {"path":"D:\\Documents\\UCB\\5TO SEMESTRE\\TALLER DE DISEÑO DE SOFTWARE 1\\PROYECTOS-COMPLETOS\\ECOMMERCE\\PROYECTOS-TALLER\\js\\components\\ui.js","statementMap":{"0":{"start":{"line":1,"column":11},"end":{"line":218,"column":1}},"1":{"start":{"line":5,"column":26},"end":{"line":5,"column":70}},"2":{"start":{"line":7,"column":8},"end":{"line":7,"column":31}},"3":{"start":{"line":7,"column":24},"end":{"line":7,"column":31}},"4":{"start":{"line":9,"column":8},"end":{"line":9,"column":33}},"5":{"start":{"line":11,"column":8},"end":{"line":14,"column":9}},"6":{"start":{"line":12,"column":12},"end":{"line":12,"column":171}},"7":{"start":{"line":13,"column":12},"end":{"line":13,"column":19}},"8":{"start":{"line":16,"column":8},"end":{"line":34,"column":9}},"9":{"start":{"line":16,"column":21},"end":{"line":16,"column":22}},"10":{"start":{"line":17,"column":28},"end":{"line":17,"column":39}},"11":{"start":{"line":18,"column":25},"end":{"line":18,"column":54}},"12":{"start":{"line":19,"column":12},"end":{"line":19,"column":44}},"13":{"start":{"line":21,"column":33},"end":{"line":21,"column":52}},"14":{"start":{"line":22,"column":31},"end":{"line":25,"column":131}},"15":{"start":{"line":27,"column":12},"end":{"line":32,"column":14}},"16":{"start":{"line":33,"column":12},"end":{"line":33,"column":40}},"17":{"start":{"line":38,"column":8},"end":{"line":38,"column":81}},"18":{"start":{"line":38,"column":61},"end":{"line":38,"column":79}},"19":{"start":{"line":39,"column":18},"end":{"line":39,"column":43}},"20":{"start":{"line":41,"column":8},"end":{"line":41,"column":23}},"21":{"start":{"line":41,"column":16},"end":{"line":41,"column":23}},"22":{"start":{"line":43,"column":8},"end":{"line":43,"column":64}},"23":{"start":{"line":44,"column":8},"end":{"line":44,"column":75}},"24":{"start":{"line":45,"column":8},"end":{"line":45,"column":85}},"25":{"start":{"line":46,"column":8},"end":{"line":46,"column":56}},"26":{"start":{"line":48,"column":8},"end":{"line":48,"column":66}},"27":{"start":{"line":49,"column":8},"end":{"line":49,"column":68}},"28":{"start":{"line":50,"column":8},"end":{"line":50,"column":90}},"29":{"start":{"line":51,"column":8},"end":{"line":51,"column":114}},"30":{"start":{"line":53,"column":31},"end":{"line":53,"column":68}},"31":{"start":{"line":54,"column":8},"end":{"line":58,"column":9}},"32":{"start":{"line":55,"column":12},"end":{"line":55,"column":200}},"33":{"start":{"line":57,"column":12},"end":{"line":57,"column":95}},"34":{"start":{"line":60,"column":25},"end":{"line":60,"column":67}},"35":{"start":{"line":61,"column":23},"end":{"line":61,"column":64}},"36":{"start":{"line":62,"column":24},"end":{"line":62,"column":59}},"37":{"start":{"line":63,"column":25},"end":{"line":63,"column":61}},"38":{"start":{"line":65,"column":8},"end":{"line":89,"column":9}},"39":{"start":{"line":66,"column":12},"end":{"line":66,"column":31}},"40":{"start":{"line":67,"column":12},"end":{"line":67,"column":43}},"41":{"start":{"line":68,"column":12},"end":{"line":68,"column":35}},"42":{"start":{"line":69,"column":12},"end":{"line":69,"column":36}},"43":{"start":{"line":70,"column":12},"end":{"line":70,"column":37}},"44":{"start":{"line":72,"column":12},"end":{"line":72,"column":31}},"45":{"start":{"line":73,"column":12},"end":{"line":73,"column":57}},"46":{"start":{"line":74,"column":12},"end":{"line":74,"column":36}},"47":{"start":{"line":75,"column":12},"end":{"line":75,"column":37}},"48":{"start":{"line":76,"column":12},"end":{"line":76,"column":46}},"49":{"start":{"line":78,"column":12},"end":{"line":88,"column":14}},"50":{"start":{"line":79,"column":16},"end":{"line":79,"column":39}},"51":{"start":{"line":81,"column":28},"end":{"line":81,"column":52}},"52":{"start":{"line":82,"column":16},"end":{"line":82,"column":65}},"53":{"start":{"line":83,"column":16},"end":{"line":83,"column":32}},"54":{"start":{"line":85,"column":16},"end":{"line":87,"column":24}},"55":{"start":{"line":86,"column":20},"end":{"line":86,"column":44}},"56":{"start":{"line":93,"column":22},"end":{"line":93,"column":64}},"57":{"start":{"line":94,"column":18},"end":{"line":94,"column":39}},"58":{"start":{"line":95,"column":25},"end":{"line":95,"column":56}},"59":{"start":{"line":97,"column":8},"end":{"line":101,"column":9}},"60":{"start":{"line":98,"column":12},"end":{"line":98,"column":28}},"61":{"start":{"line":99,"column":15},"end":{"line":101,"column":9}},"62":{"start":{"line":100,"column":12},"end":{"line":100,"column":35}},"63":{"start":{"line":103,"column":8},"end":{"line":103,"column":85}},"64":{"start":{"line":104,"column":8},"end":{"line":104,"column":91}},"65":{"start":{"line":108,"column":8},"end":{"line":108,"column":67}},"66":{"start":{"line":109,"column":8},"end":{"line":109,"column":78}},"67":{"start":{"line":110,"column":8},"end":{"line":110,"column":82}},"68":{"start":{"line":114,"column":22},"end":{"line":114,"column":64}},"69":{"start":{"line":115,"column":25},"end":{"line":115,"column":46}},"70":{"start":{"line":116,"column":25},"end":{"line":116,"column":56}},"71":{"start":{"line":118,"column":21},"end":{"line":118,"column":40}},"72":{"start":{"line":120,"column":8},"end":{"line":122,"column":9}},"73":{"start":{"line":121,"column":12},"end":{"line":121,"column":33}},"74":{"start":{"line":124,"column":8},"end":{"line":124,"column":75}},"75":{"start":{"line":125,"column":8},"end":{"line":125,"column":81}},"76":{"start":{"line":129,"column":24},"end":{"line":129,"column":63}},"77":{"start":{"line":130,"column":8},"end":{"line":130,"column":43}},"78":{"start":{"line":134,"column":26},"end":{"line":134,"column":73}},"79":{"start":{"line":135,"column":26},"end":{"line":135,"column":63}},"80":{"start":{"line":136,"column":26},"end":{"line":136,"column":63}},"81":{"start":{"line":138,"column":8},"end":{"line":138,"column":33}},"82":{"start":{"line":139,"column":25},"end":{"line":139,"column":26}},"83":{"start":{"line":141,"column":8},"end":{"line":159,"column":11}},"84":{"start":{"line":142,"column":12},"end":{"line":142,"column":40}},"85":{"start":{"line":143,"column":24},"end":{"line":143,"column":53}},"86":{"start":{"line":144,"column":12},"end":{"line":144,"column":39}},"87":{"start":{"line":145,"column":12},"end":{"line":145,"column":55}},"88":{"start":{"line":146,"column":12},"end":{"line":146,"column":44}},"89":{"start":{"line":147,"column":12},"end":{"line":147,"column":44}},"90":{"start":{"line":148,"column":12},"end":{"line":148,"column":57}},"91":{"start":{"line":149,"column":12},"end":{"line":149,"column":47}},"92":{"start":{"line":151,"column":12},"end":{"line":157,"column":14}},"93":{"start":{"line":158,"column":12},"end":{"line":158,"column":39}},"94":{"start":{"line":161,"column":8},"end":{"line":161,"column":43}},"95":{"start":{"line":162,"column":8},"end":{"line":162,"column":66}},"96":{"start":{"line":166,"column":26},"end":{"line":166,"column":68}},"97":{"start":{"line":167,"column":8},"end":{"line":167,"column":31}},"98":{"start":{"line":167,"column":24},"end":{"line":167,"column":31}},"99":{"start":{"line":169,"column":22},"end":{"line":169,"column":51}},"100":{"start":{"line":170,"column":8},"end":{"line":170,"column":42}},"101":{"start":{"line":172,"column":21},"end":{"line":172,"column":50}},"102":{"start":{"line":174,"column":8},"end":{"line":174,"column":92}},"103":{"start":{"line":176,"column":8},"end":{"line":176,"column":37}},"104":{"start":{"line":178,"column":8},"end":{"line":181,"column":17}},"105":{"start":{"line":179,"column":12},"end":{"line":179,"column":44}},"106":{"start":{"line":180,"column":12},"end":{"line":180,"column":73}},"107":{"start":{"line":180,"column":57},"end":{"line":180,"column":71}},"108":{"start":{"line":185,"column":8},"end":{"line":187,"column":9}},"109":{"start":{"line":186,"column":12},"end":{"line":186,"column":48}},"110":{"start":{"line":189,"column":8},"end":{"line":216,"column":9}},"111":{"start":{"line":190,"column":35},"end":{"line":190,"column":72}},"112":{"start":{"line":191,"column":29},"end":{"line":191,"column":71}},"113":{"start":{"line":192,"column":27},"end":{"line":192,"column":68}},"114":{"start":{"line":193,"column":28},"end":{"line":193,"column":63}},"115":{"start":{"line":194,"column":29},"end":{"line":194,"column":65}},"116":{"start":{"line":196,"column":12},"end":{"line":196,"column":64}},"117":{"start":{"line":196,"column":57},"end":{"line":196,"column":64}},"118":{"start":{"line":198,"column":12},"end":{"line":215,"column":13}},"119":{"start":{"line":199,"column":16},"end":{"line":199,"column":90}},"120":{"start":{"line":200,"column":16},"end":{"line":200,"column":35}},"121":{"start":{"line":201,"column":16},"end":{"line":201,"column":47}},"122":{"start":{"line":202,"column":16},"end":{"line":202,"column":39}},"123":{"start":{"line":203,"column":16},"end":{"line":203,"column":40}},"124":{"start":{"line":204,"column":16},"end":{"line":204,"column":41}},"125":{"start":{"line":206,"column":16},"end":{"line":210,"column":17}},"126":{"start":{"line":207,"column":20},"end":{"line":207,"column":208}},"127":{"start":{"line":209,"column":20},"end":{"line":209,"column":109}},"128":{"start":{"line":212,"column":16},"end":{"line":212,"column":35}},"129":{"start":{"line":213,"column":16},"end":{"line":213,"column":41}},"130":{"start":{"line":214,"column":16},"end":{"line":214,"column":56}},"131":{"start":{"line":220,"column":0},"end":{"line":222,"column":1}},"132":{"start":{"line":221,"column":4},"end":{"line":221,"column":24}}},"fnMap":{"0":{"name":"(anonymous_0)","decl":{"start":{"line":4,"column":4},"end":{"line":4,"column":5}},"loc":{"start":{"line":4,"column":29},"end":{"line":35,"column":5}},"line":4},"1":{"name":"(anonymous_1)","decl":{"start":{"line":37,"column":4},"end":{"line":37,"column":5}},"loc":{"start":{"line":37,"column":33},"end":{"line":90,"column":5}},"line":37},"2":{"name":"(anonymous_2)","decl":{"start":{"line":38,"column":56},"end":{"line":38,"column":57}},"loc":{"start":{"line":38,"column":61},"end":{"line":38,"column":79}},"line":38},"3":{"name":"(anonymous_3)","decl":{"start":{"line":78,"column":29},"end":{"line":78,"column":30}},"loc":{"start":{"line":78,"column":35},"end":{"line":88,"column":13}},"line":78},"4":{"name":"(anonymous_4)","decl":{"start":{"line":85,"column":27},"end":{"line":85,"column":28}},"loc":{"start":{"line":85,"column":33},"end":{"line":87,"column":17}},"line":85},"5":{"name":"(anonymous_5)","decl":{"start":{"line":92,"column":4},"end":{"line":92,"column":5}},"loc":{"start":{"line":92,"column":29},"end":{"line":105,"column":5}},"line":92},"6":{"name":"(anonymous_6)","decl":{"start":{"line":107,"column":4},"end":{"line":107,"column":5}},"loc":{"start":{"line":107,"column":18},"end":{"line":111,"column":5}},"line":107},"7":{"name":"(anonymous_7)","decl":{"start":{"line":113,"column":4},"end":{"line":113,"column":5}},"loc":{"start":{"line":113,"column":27},"end":{"line":126,"column":5}},"line":113},"8":{"name":"(anonymous_8)","decl":{"start":{"line":128,"column":4},"end":{"line":128,"column":5}},"loc":{"start":{"line":128,"column":17},"end":{"line":131,"column":5}},"line":128},"9":{"name":"(anonymous_9)","decl":{"start":{"line":133,"column":4},"end":{"line":133,"column":5}},"loc":{"start":{"line":133,"column":26},"end":{"line":163,"column":5}},"line":133},"10":{"name":"(anonymous_10)","decl":{"start":{"line":141,"column":26},"end":{"line":141,"column":27}},"loc":{"start":{"line":141,"column":34},"end":{"line":159,"column":9}},"line":141},"11":{"name":"(anonymous_11)","decl":{"start":{"line":165,"column":4},"end":{"line":165,"column":5}},"loc":{"start":{"line":165,"column":39},"end":{"line":182,"column":5}},"line":165},"12":{"name":"(anonymous_12)","decl":{"start":{"line":178,"column":19},"end":{"line":178,"column":20}},"loc":{"start":{"line":178,"column":25},"end":{"line":181,"column":9}},"line":178},"13":{"name":"(anonymous_13)","decl":{"start":{"line":180,"column":51},"end":{"line":180,"column":52}},"loc":{"start":{"line":180,"column":57},"end":{"line":180,"column":71}},"line":180},"14":{"name":"(anonymous_14)","decl":{"start":{"line":184,"column":4},"end":{"line":184,"column":5}},"loc":{"start":{"line":184,"column":34},"end":{"line":217,"column":5}},"line":184}},"branchMap":{"0":{"loc":{"start":{"line":7,"column":8},"end":{"line":7,"column":31}},"type":"if","locations":[{"start":{"line":7,"column":8},"end":{"line":7,"column":31}},{"start":{},"end":{}}],"line":7},"1":{"loc":{"start":{"line":11,"column":8},"end":{"line":14,"column":9}},"type":"if","locations":[{"start":{"line":11,"column":8},"end":{"line":14,"column":9}},{"start":{},"end":{}}],"line":11},"2":{"loc":{"start":{"line":22,"column":31},"end":{"line":25,"column":131}},"type":"cond-expr","locations":[{"start":{"line":23,"column":18},"end":{"line":23,"column":55}},{"start":{"line":24,"column":18},"end":{"line":25,"column":131}}],"line":22},"3":{"loc":{"start":{"line":41,"column":8},"end":{"line":41,"column":23}},"type":"if","locations":[{"start":{"line":41,"column":8},"end":{"line":41,"column":23}},{"start":{},"end":{}}],"line":41},"4":{"loc":{"start":{"line":51,"column":68},"end":{"line":51,"column":113}},"type":"binary-expr","locations":[{"start":{"line":51,"column":68},"end":{"line":51,"column":81}},{"start":{"line":51,"column":85},"end":{"line":51,"column":113}}],"line":51},"5":{"loc":{"start":{"line":54,"column":8},"end":{"line":58,"column":9}},"type":"if","locations":[{"start":{"line":54,"column":8},"end":{"line":58,"column":9}},{"start":{"line":56,"column":15},"end":{"line":58,"column":9}}],"line":54},"6":{"loc":{"start":{"line":65,"column":8},"end":{"line":89,"column":9}},"type":"if","locations":[{"start":{"line":65,"column":8},"end":{"line":89,"column":9}},{"start":{"line":71,"column":15},"end":{"line":89,"column":9}}],"line":65},"7":{"loc":{"start":{"line":97,"column":8},"end":{"line":101,"column":9}},"type":"if","locations":[{"start":{"line":97,"column":8},"end":{"line":101,"column":9}},{"start":{"line":99,"column":15},"end":{"line":101,"column":9}}],"line":97},"8":{"loc":{"start":{"line":97,"column":12},"end":{"line":97,"column":33}},"type":"binary-expr","locations":[{"start":{"line":97,"column":12},"end":{"line":97,"column":22}},{"start":{"line":97,"column":26},"end":{"line":97,"column":33}}],"line":97},"9":{"loc":{"start":{"line":99,"column":15},"end":{"line":101,"column":9}},"type":"if","locations":[{"start":{"line":99,"column":15},"end":{"line":101,"column":9}},{"start":{},"end":{}}],"line":99},"10":{"loc":{"start":{"line":120,"column":8},"end":{"line":122,"column":9}},"type":"if","locations":[{"start":{"line":120,"column":8},"end":{"line":122,"column":9}},{"start":{},"end":{}}],"line":120},"11":{"loc":{"start":{"line":120,"column":12},"end":{"line":120,"column":45}},"type":"binary-expr","locations":[{"start":{"line":120,"column":12},"end":{"line":120,"column":23}},{"start":{"line":120,"column":27},"end":{"line":120,"column":45}}],"line":120},"12":{"loc":{"start":{"line":165,"column":23},"end":{"line":165,"column":37}},"type":"default-arg","locations":[{"start":{"line":165,"column":30},"end":{"line":165,"column":37}}],"line":165},"13":{"loc":{"start":{"line":167,"column":8},"end":{"line":167,"column":31}},"type":"if","locations":[{"start":{"line":167,"column":8},"end":{"line":167,"column":31}},{"start":{},"end":{}}],"line":167},"14":{"loc":{"start":{"line":172,"column":21},"end":{"line":172,"column":50}},"type":"cond-expr","locations":[{"start":{"line":172,"column":40},"end":{"line":172,"column":44}},{"start":{"line":172,"column":47},"end":{"line":172,"column":50}}],"line":172},"15":{"loc":{"start":{"line":185,"column":8},"end":{"line":187,"column":9}},"type":"if","locations":[{"start":{"line":185,"column":8},"end":{"line":187,"column":9}},{"start":{},"end":{}}],"line":185},"16":{"loc":{"start":{"line":185,"column":12},"end":{"line":185,"column":97}},"type":"binary-expr","locations":[{"start":{"line":185,"column":12},"end":{"line":185,"column":49}},{"start":{"line":185,"column":53},"end":{"line":185,"column":97}}],"line":185},"17":{"loc":{"start":{"line":189,"column":8},"end":{"line":216,"column":9}},"type":"if","locations":[{"start":{"line":189,"column":8},"end":{"line":216,"column":9}},{"start":{},"end":{}}],"line":189},"18":{"loc":{"start":{"line":189,"column":12},"end":{"line":189,"column":84}},"type":"binary-expr","locations":[{"start":{"line":189,"column":12},"end":{"line":189,"column":37}},{"start":{"line":189,"column":41},"end":{"line":189,"column":84}}],"line":189},"19":{"loc":{"start":{"line":196,"column":12},"end":{"line":196,"column":64}},"type":"if","locations":[{"start":{"line":196,"column":12},"end":{"line":196,"column":64}},{"start":{},"end":{}}],"line":196},"20":{"loc":{"start":{"line":196,"column":16},"end":{"line":196,"column":55}},"type":"binary-expr","locations":[{"start":{"line":196,"column":16},"end":{"line":196,"column":31}},{"start":{"line":196,"column":35},"end":{"line":196,"column":44}},{"start":{"line":196,"column":48},"end":{"line":196,"column":55}}],"line":196},"21":{"loc":{"start":{"line":198,"column":12},"end":{"line":215,"column":13}},"type":"if","locations":[{"start":{"line":198,"column":12},"end":{"line":215,"column":13}},{"start":{"line":205,"column":19},"end":{"line":215,"column":13}}],"line":198},"22":{"loc":{"start":{"line":206,"column":16},"end":{"line":210,"column":17}},"type":"if","locations":[{"start":{"line":206,"column":16},"end":{"line":210,"column":17}},{"start":{"line":208,"column":23},"end":{"line":210,"column":17}}],"line":206},"23":{"loc":{"start":{"line":220,"column":0},"end":{"line":222,"column":1}},"type":"if","locations":[{"start":{"line":220,"column":0},"end":{"line":222,"column":1}},{"start":{},"end":{}}],"line":220},"24":{"loc":{"start":{"line":220,"column":4},"end":{"line":220,"column":51}},"type":"binary-expr","locations":[{"start":{"line":220,"column":4},"end":{"line":220,"column":33}},{"start":{"line":220,"column":37},"end":{"line":220,"column":51}}],"line":220}},"s":{"0":3,"1":3,"2":3,"3":0,"4":3,"5":3,"6":1,"7":1,"8":2,"9":2,"10":2,"11":2,"12":2,"13":2,"14":2,"15":2,"16":2,"17":5,"18":5,"19":5,"20":5,"21":0,"22":5,"23":5,"24":5,"25":5,"26":5,"27":5,"28":5,"29":5,"30":5,"31":5,"32":1,"33":4,"34":5,"35":5,"36":5,"37":5,"38":5,"39":0,"40":0,"41":0,"42":0,"43":0,"44":5,"45":5,"46":5,"47":5,"48":5,"49":5,"50":1,"51":1,"52":1,"53":1,"54":1,"55":1,"56":3,"57":3,"58":3,"59":3,"60":2,"61":1,"62":1,"63":3,"64":3,"65":0,"66":0,"67":0,"68":2,"69":2,"70":2,"71":2,"72":2,"73":1,"74":2,"75":2,"76":1,"77":1,"78":5,"79":5,"80":5,"81":5,"82":5,"83":5,"84":6,"85":6,"86":6,"87":6,"88":6,"89":6,"90":6,"91":6,"92":6,"93":6,"94":5,"95":5,"96":3,"97":3,"98":0,"99":3,"100":3,"101":3,"102":3,"103":3,"104":3,"105":0,"106":0,"107":0,"108":5,"109":0,"110":5,"111":1,"112":1,"113":1,"114":1,"115":1,"116":1,"117":0,"118":1,"119":0,"120":0,"121":0,"122":0,"123":0,"124":0,"125":1,"126":0,"127":1,"128":1,"129":1,"130":1,"131":3,"132":3},"f":{"0":3,"1":5,"2":5,"3":1,"4":1,"5":3,"6":0,"7":2,"8":1,"9":5,"10":6,"11":3,"12":0,"13":0,"14":5},"b":{"0":[0,3],"1":[1,2],"2":[1,1],"3":[0,5],"4":[5,1],"5":[1,4],"6":[0,5],"7":[2,1],"8":[3,2],"9":[1,0],"10":[1,1],"11":[2,2],"12":[0],"13":[0,3],"14":[3,0],"15":[0,5],"16":[5,3],"17":[1,4],"18":[5,3],"19":[0,1],"20":[1,1,1],"21":[0,1],"22":[0,1],"23":[3,0],"24":[3,3]},"_coverageSchema":"1a1c01bbd47fc00a2c39e90264f33305004495a9","hash":"d70d8adaaa0e0d97db5175da05fce5a77ffd49c1"}
,"D:\\Documents\\UCB\\5TO SEMESTRE\\TALLER DE DISEÑO DE SOFTWARE 1\\PROYECTOS-COMPLETOS\\ECOMMERCE\\PROYECTOS-TALLER\\js\\services\\cartService.js": {"path":"D:\\Documents\\UCB\\5TO SEMESTRE\\TALLER DE DISEÑO DE SOFTWARE 1\\PROYECTOS-COMPLETOS\\ECOMMERCE\\PROYECTOS-TALLER\\js\\services\\cartService.js","statementMap":{"0":{"start":{"line":1,"column":20},"end":{"line":53,"column":1}},"1":{"start":{"line":9,"column":25},"end":{"line":9,"column":66}},"2":{"start":{"line":10,"column":24},"end":{"line":10,"column":71}},"3":{"start":{"line":10,"column":57},"end":{"line":10,"column":70}},"4":{"start":{"line":11,"column":20},"end":{"line":11,"column":78}},"5":{"start":{"line":13,"column":8},"end":{"line":13,"column":29}},"6":{"start":{"line":13,"column":22},"end":{"line":13,"column":29}},"7":{"start":{"line":15,"column":29},"end":{"line":15,"column":75}},"8":{"start":{"line":15,"column":52},"end":{"line":15,"column":74}},"9":{"start":{"line":16,"column":29},"end":{"line":16,"column":77}},"10":{"start":{"line":18,"column":8},"end":{"line":23,"column":9}},"11":{"start":{"line":19,"column":12},"end":{"line":21,"column":13}},"12":{"start":{"line":20,"column":16},"end":{"line":20,"column":101}},"13":{"start":{"line":22,"column":12},"end":{"line":22,"column":19}},"14":{"start":{"line":25,"column":8},"end":{"line":25,"column":29}},"15":{"start":{"line":27,"column":8},"end":{"line":29,"column":9}},"16":{"start":{"line":28,"column":12},"end":{"line":28,"column":51}},"17":{"start":{"line":31,"column":8},"end":{"line":35,"column":9}},"18":{"start":{"line":32,"column":12},"end":{"line":32,"column":49}},"19":{"start":{"line":34,"column":12},"end":{"line":34,"column":80}},"20":{"start":{"line":37,"column":8},"end":{"line":40,"column":9}},"21":{"start":{"line":38,"column":12},"end":{"line":38,"column":56}},"22":{"start":{"line":38,"column":31},"end":{"line":38,"column":56}},"23":{"start":{"line":39,"column":12},"end":{"line":39,"column":74}},"24":{"start":{"line":39,"column":41},"end":{"line":39,"column":74}},"25":{"start":{"line":44,"column":8},"end":{"line":44,"column":68}},"26":{"start":{"line":44,"column":45},"end":{"line":44,"column":66}},"27":{"start":{"line":45,"column":8},"end":{"line":47,"column":9}},"28":{"start":{"line":46,"column":12},"end":{"line":46,"column":37}},"29":{"start":{"line":51,"column":8},"end":{"line":51,"column":86}},"30":{"start":{"line":51,"column":47},"end":{"line":51,"column":81}},"31":{"start":{"line":55,"column":0},"end":{"line":57,"column":1}},"32":{"start":{"line":56,"column":4},"end":{"line":56,"column":33}}},"fnMap":{"0":{"name":"(anonymous_0)","decl":{"start":{"line":5,"column":22},"end":{"line":5,"column":23}},"loc":{"start":{"line":5,"column":28},"end":{"line":5,"column":30}},"line":5},"1":{"name":"(anonymous_1)","decl":{"start":{"line":8,"column":4},"end":{"line":8,"column":5}},"loc":{"start":{"line":8,"column":45},"end":{"line":41,"column":5}},"line":8},"2":{"name":"(anonymous_2)","decl":{"start":{"line":10,"column":52},"end":{"line":10,"column":53}},"loc":{"start":{"line":10,"column":57},"end":{"line":10,"column":70}},"line":10},"3":{"name":"(anonymous_3)","decl":{"start":{"line":15,"column":44},"end":{"line":15,"column":45}},"loc":{"start":{"line":15,"column":52},"end":{"line":15,"column":74}},"line":15},"4":{"name":"(anonymous_4)","decl":{"start":{"line":43,"column":4},"end":{"line":43,"column":5}},"loc":{"start":{"line":43,"column":30},"end":{"line":48,"column":5}},"line":43},"5":{"name":"(anonymous_5)","decl":{"start":{"line":44,"column":37},"end":{"line":44,"column":38}},"loc":{"start":{"line":44,"column":45},"end":{"line":44,"column":66}},"line":44},"6":{"name":"(anonymous_6)","decl":{"start":{"line":50,"column":4},"end":{"line":50,"column":5}},"loc":{"start":{"line":50,"column":15},"end":{"line":52,"column":5}},"line":50},"7":{"name":"(anonymous_7)","decl":{"start":{"line":51,"column":32},"end":{"line":51,"column":33}},"loc":{"start":{"line":51,"column":47},"end":{"line":51,"column":81}},"line":51}},"branchMap":{"0":{"loc":{"start":{"line":8,"column":26},"end":{"line":8,"column":43}},"type":"default-arg","locations":[{"start":{"line":8,"column":42},"end":{"line":8,"column":43}}],"line":8},"1":{"loc":{"start":{"line":9,"column":25},"end":{"line":9,"column":66}},"type":"binary-expr","locations":[{"start":{"line":9,"column":25},"end":{"line":9,"column":49}},{"start":{"line":9,"column":53},"end":{"line":9,"column":66}}],"line":9},"2":{"loc":{"start":{"line":10,"column":24},"end":{"line":10,"column":71}},"type":"cond-expr","locations":[{"start":{"line":10,"column":35},"end":{"line":10,"column":39}},{"start":{"line":10,"column":42},"end":{"line":10,"column":71}}],"line":10},"3":{"loc":{"start":{"line":11,"column":20},"end":{"line":11,"column":78}},"type":"cond-expr","locations":[{"start":{"line":11,"column":32},"end":{"line":11,"column":61}},{"start":{"line":11,"column":65},"end":{"line":11,"column":78}}],"line":11},"4":{"loc":{"start":{"line":11,"column":32},"end":{"line":11,"column":61}},"type":"cond-expr","locations":[{"start":{"line":11,"column":53},"end":{"line":11,"column":57}},{"start":{"line":11,"column":60},"end":{"line":11,"column":61}}],"line":11},"5":{"loc":{"start":{"line":13,"column":8},"end":{"line":13,"column":29}},"type":"if","locations":[{"start":{"line":13,"column":8},"end":{"line":13,"column":29}},{"start":{},"end":{}}],"line":13},"6":{"loc":{"start":{"line":16,"column":29},"end":{"line":16,"column":77}},"type":"cond-expr","locations":[{"start":{"line":16,"column":44},"end":{"line":16,"column":71}},{"start":{"line":16,"column":74},"end":{"line":16,"column":77}}],"line":16},"7":{"loc":{"start":{"line":18,"column":8},"end":{"line":23,"column":9}},"type":"if","locations":[{"start":{"line":18,"column":8},"end":{"line":23,"column":9}},{"start":{},"end":{}}],"line":18},"8":{"loc":{"start":{"line":19,"column":12},"end":{"line":21,"column":13}},"type":"if","locations":[{"start":{"line":19,"column":12},"end":{"line":21,"column":13}},{"start":{},"end":{}}],"line":19},"9":{"loc":{"start":{"line":19,"column":16},"end":{"line":19,"column":57}},"type":"binary-expr","locations":[{"start":{"line":19,"column":16},"end":{"line":19,"column":41}},{"start":{"line":19,"column":45},"end":{"line":19,"column":57}}],"line":19},"10":{"loc":{"start":{"line":27,"column":8},"end":{"line":29,"column":9}},"type":"if","locations":[{"start":{"line":27,"column":8},"end":{"line":29,"column":9}},{"start":{},"end":{}}],"line":27},"11":{"loc":{"start":{"line":27,"column":12},"end":{"line":27,"column":67}},"type":"binary-expr","locations":[{"start":{"line":27,"column":12},"end":{"line":27,"column":20}},{"start":{"line":27,"column":24},"end":{"line":27,"column":67}}],"line":27},"12":{"loc":{"start":{"line":31,"column":8},"end":{"line":35,"column":9}},"type":"if","locations":[{"start":{"line":31,"column":8},"end":{"line":35,"column":9}},{"start":{"line":33,"column":15},"end":{"line":35,"column":9}}],"line":31},"13":{"loc":{"start":{"line":37,"column":8},"end":{"line":40,"column":9}},"type":"if","locations":[{"start":{"line":37,"column":8},"end":{"line":40,"column":9}},{"start":{},"end":{}}],"line":37},"14":{"loc":{"start":{"line":38,"column":12},"end":{"line":38,"column":56}},"type":"if","locations":[{"start":{"line":38,"column":12},"end":{"line":38,"column":56}},{"start":{},"end":{}}],"line":38},"15":{"loc":{"start":{"line":39,"column":12},"end":{"line":39,"column":74}},"type":"if","locations":[{"start":{"line":39,"column":12},"end":{"line":39,"column":74}},{"start":{},"end":{}}],"line":39},"16":{"loc":{"start":{"line":45,"column":8},"end":{"line":47,"column":9}},"type":"if","locations":[{"start":{"line":45,"column":8},"end":{"line":47,"column":9}},{"start":{},"end":{}}],"line":45},"17":{"loc":{"start":{"line":45,"column":12},"end":{"line":45,"column":54}},"type":"binary-expr","locations":[{"start":{"line":45,"column":12},"end":{"line":45,"column":37}},{"start":{"line":45,"column":41},"end":{"line":45,"column":54}}],"line":45},"18":{"loc":{"start":{"line":55,"column":0},"end":{"line":57,"column":1}},"type":"if","locations":[{"start":{"line":55,"column":0},"end":{"line":57,"column":1}},{"start":{},"end":{}}],"line":55},"19":{"loc":{"start":{"line":55,"column":4},"end":{"line":55,"column":51}},"type":"binary-expr","locations":[{"start":{"line":55,"column":4},"end":{"line":55,"column":33}},{"start":{"line":55,"column":37},"end":{"line":55,"column":51}}],"line":55}},"s":{"0":2,"1":8,"2":8,"3":8,"4":8,"5":8,"6":0,"7":8,"8":2,"9":8,"10":8,"11":2,"12":2,"13":2,"14":6,"15":6,"16":6,"17":6,"18":0,"19":6,"20":6,"21":6,"22":6,"23":6,"24":5,"25":0,"26":0,"27":0,"28":0,"29":6,"30":8,"31":2,"32":2},"f":{"0":5,"1":8,"2":8,"3":2,"4":0,"5":0,"6":6,"7":8},"b":{"0":[1],"1":[8,1],"2":[1,7],"3":[1,7],"4":[1,0],"5":[0,8],"6":[1,7],"7":[2,6],"8":[2,0],"9":[2,2],"10":[6,0],"11":[6,6],"12":[0,6],"13":[6,0],"14":[6,0],"15":[5,1],"16":[0,0],"17":[0,0],"18":[2,0],"19":[2,2]},"_coverageSchema":"1a1c01bbd47fc00a2c39e90264f33305004495a9","hash":"656e8168ba1b74c4602af1f812f5b59ff3bcb4eb"}
}
