TN:
SF:js\app.js
FN:3,(anonymous_0)
FNF:1
FNH:0
FNDA:0,(anonymous_0)
DA:1,0
DA:3,0
DA:4,0
DA:6,0
DA:7,0
DA:9,0
DA:10,0
DA:11,0
DA:13,0
DA:15,0
LF:10
LH:0
BRF:0
BRH:0
end_of_record
TN:
SF:js\api\supabaseClient.js
FN:11,(anonymous_0)
FNF:1
FNH:0
FNDA:0,(anonymous_0)
DA:1,0
DA:2,0
DA:4,0
DA:10,0
DA:12,0
DA:13,0
DA:18,0
DA:19,0
DA:21,0
DA:22,0
LF:10
LH:0
BRDA:18,0,0,0
BRDA:18,0,1,0
BRF:2
BRH:0
end_of_record
TN:
SF:js\components\ui.js
FN:4,(anonymous_0)
FN:37,(anonymous_1)
FN:38,(anonymous_2)
FN:78,(anonymous_3)
FN:85,(anonymous_4)
FN:92,(anonymous_5)
FN:107,(anonymous_6)
FN:113,(anonymous_7)
FN:128,(anonymous_8)
FN:133,(anonymous_9)
FN:141,(anonymous_10)
FN:165,(anonymous_11)
FN:178,(anonymous_12)
FN:180,(anonymous_13)
FN:184,(anonymous_14)
FNF:15
FNH:12
FNDA:3,(anonymous_0)
FNDA:5,(anonymous_1)
FNDA:5,(anonymous_2)
FNDA:1,(anonymous_3)
FNDA:1,(anonymous_4)
FNDA:3,(anonymous_5)
FNDA:0,(anonymous_6)
FNDA:2,(anonymous_7)
FNDA:1,(anonymous_8)
FNDA:5,(anonymous_9)
FNDA:6,(anonymous_10)
FNDA:3,(anonymous_11)
FNDA:0,(anonymous_12)
FNDA:0,(anonymous_13)
FNDA:5,(anonymous_14)
DA:1,3
DA:5,3
DA:7,3
DA:9,3
DA:11,3
DA:12,1
DA:13,1
DA:16,2
DA:17,2
DA:18,2
DA:19,2
DA:21,2
DA:22,2
DA:27,2
DA:33,2
DA:38,5
DA:39,5
DA:41,5
DA:43,5
DA:44,5
DA:45,5
DA:46,5
DA:48,5
DA:49,5
DA:50,5
DA:51,5
DA:53,5
DA:54,5
DA:55,1
DA:57,4
DA:60,5
DA:61,5
DA:62,5
DA:63,5
DA:65,5
DA:66,0
DA:67,0
DA:68,0
DA:69,0
DA:70,0
DA:72,5
DA:73,5
DA:74,5
DA:75,5
DA:76,5
DA:78,5
DA:79,1
DA:81,1
DA:82,1
DA:83,1
DA:85,1
DA:86,1
DA:93,3
DA:94,3
DA:95,3
DA:97,3
DA:98,2
DA:99,1
DA:100,1
DA:103,3
DA:104,3
DA:108,0
DA:109,0
DA:110,0
DA:114,2
DA:115,2
DA:116,2
DA:118,2
DA:120,2
DA:121,1
DA:124,2
DA:125,2
DA:129,1
DA:130,1
DA:134,5
DA:135,5
DA:136,5
DA:138,5
DA:139,5
DA:141,5
DA:142,6
DA:143,6
DA:144,6
DA:145,6
DA:146,6
DA:147,6
DA:148,6
DA:149,6
DA:151,6
DA:158,6
DA:161,5
DA:162,5
DA:166,3
DA:167,3
DA:169,3
DA:170,3
DA:172,3
DA:174,3
DA:176,3
DA:178,3
DA:179,0
DA:180,0
DA:185,5
DA:186,0
DA:189,5
DA:190,1
DA:191,1
DA:192,1
DA:193,1
DA:194,1
DA:195,1
DA:197,1
DA:198,0
DA:199,0
DA:200,0
DA:201,0
DA:202,0
DA:203,0
DA:205,1
DA:206,0
DA:208,1
DA:210,1
DA:211,1
DA:212,1
DA:218,3
DA:219,3
LF:126
LH:108
BRDA:7,0,0,0
BRDA:7,0,1,3
BRDA:11,1,0,1
BRDA:11,1,1,2
BRDA:22,2,0,1
BRDA:22,2,1,1
BRDA:41,3,0,0
BRDA:41,3,1,5
BRDA:51,4,0,5
BRDA:51,4,1,1
BRDA:54,5,0,1
BRDA:54,5,1,4
BRDA:65,6,0,0
BRDA:65,6,1,5
BRDA:97,7,0,2
BRDA:97,7,1,1
BRDA:97,8,0,3
BRDA:97,8,1,2
BRDA:99,9,0,1
BRDA:99,9,1,0
BRDA:120,10,0,1
BRDA:120,10,1,1
BRDA:120,11,0,2
BRDA:120,11,1,2
BRDA:165,12,0,0
BRDA:167,13,0,0
BRDA:167,13,1,3
BRDA:172,14,0,3
BRDA:172,14,1,0
BRDA:185,15,0,0
BRDA:185,15,1,5
BRDA:185,16,0,5
BRDA:185,16,1,3
BRDA:189,17,0,1
BRDA:189,17,1,4
BRDA:189,18,0,5
BRDA:189,18,1,3
BRDA:195,19,0,0
BRDA:195,19,1,1
BRDA:195,20,0,1
BRDA:195,20,1,1
BRDA:195,20,2,1
BRDA:197,21,0,0
BRDA:197,21,1,1
BRDA:205,22,0,0
BRDA:205,22,1,1
BRDA:218,23,0,3
BRDA:218,23,1,0
BRDA:218,24,0,3
BRDA:218,24,1,3
BRF:50
BRH:38
end_of_record
TN:
SF:js\services\cartService.js
FN:7,(anonymous_0)
FN:10,(anonymous_1)
FN:12,(anonymous_2)
FN:17,(anonymous_3)
FN:45,(anonymous_4)
FN:46,(anonymous_5)
FN:52,(anonymous_6)
FN:65,(anonymous_7)
FN:66,(anonymous_8)
FNF:9
FNH:7
FNDA:5,(anonymous_0)
FNDA:8,(anonymous_1)
FNDA:8,(anonymous_2)
FNDA:2,(anonymous_3)
FNDA:0,(anonymous_4)
FNDA:0,(anonymous_5)
FNDA:1,(anonymous_6)
FNDA:7,(anonymous_7)
FNDA:9,(anonymous_8)
DA:1,3
DA:11,8
DA:12,8
DA:13,8
DA:15,8
DA:17,8
DA:18,8
DA:20,8
DA:21,2
DA:22,2
DA:24,2
DA:27,6
DA:29,6
DA:30,6
DA:33,6
DA:34,0
DA:36,6
DA:39,6
DA:40,6
DA:41,6
DA:46,0
DA:47,0
DA:48,0
DA:53,1
DA:54,1
DA:55,1
DA:56,0
DA:57,0
DA:60,1
DA:61,1
DA:66,9
DA:67,7
DA:71,3
DA:72,3
LF:34
LH:28
BRDA:10,0,0,1
BRDA:11,1,0,8
BRDA:11,1,1,1
BRDA:12,2,0,1
BRDA:12,2,1,7
BRDA:13,3,0,1
BRDA:13,3,1,7
BRDA:13,4,0,1
BRDA:13,4,1,0
BRDA:15,5,0,0
BRDA:15,5,1,8
BRDA:18,6,0,1
BRDA:18,6,1,7
BRDA:20,7,0,2
BRDA:20,7,1,6
BRDA:21,8,0,2
BRDA:21,8,1,0
BRDA:21,9,0,2
BRDA:21,9,1,2
BRDA:29,10,0,6
BRDA:29,10,1,0
BRDA:29,11,0,6
BRDA:29,11,1,6
BRDA:33,12,0,0
BRDA:33,12,1,6
BRDA:39,13,0,6
BRDA:39,13,1,0
BRDA:40,14,0,6
BRDA:40,14,1,0
BRDA:41,15,0,5
BRDA:41,15,1,1
BRDA:47,16,0,0
BRDA:47,16,1,0
BRDA:47,17,0,0
BRDA:47,17,1,0
BRDA:54,18,0,1
BRDA:54,18,1,0
BRDA:56,19,0,0
BRDA:56,19,1,0
BRDA:60,20,0,1
BRDA:60,20,1,0
BRDA:60,21,0,1
BRDA:60,21,1,1
BRDA:71,22,0,3
BRDA:71,22,1,0
BRDA:71,23,0,3
BRDA:71,23,1,3
BRF:47
BRH:31
end_of_record
