TN:
SF:js\app.js
FN:3,(anonymous_0)
FNF:1
FNH:0
FNDA:0,(anonymous_0)
DA:1,0
DA:3,0
DA:4,0
DA:6,0
DA:7,0
DA:9,0
DA:10,0
DA:11,0
DA:13,0
DA:15,0
LF:10
LH:0
BRF:0
BRH:0
end_of_record
TN:
SF:js\api\supabaseClient.js
FN:11,(anonymous_0)
FNF:1
FNH:0
FNDA:0,(anonymous_0)
DA:1,0
DA:2,0
DA:4,0
DA:10,0
DA:12,0
DA:13,0
DA:18,0
DA:19,0
DA:21,0
DA:22,0
LF:10
LH:0
BRDA:18,0,0,0
BRDA:18,0,1,0
BRF:2
BRH:0
end_of_record
TN:
SF:js\components\ui.js
FN:4,(anonymous_0)
FN:37,(anonymous_1)
FN:38,(anonymous_2)
FN:78,(anonymous_3)
FN:85,(anonymous_4)
FN:92,(anonymous_5)
FN:107,(anonymous_6)
FN:113,(anonymous_7)
FN:128,(anonymous_8)
FN:133,(anonymous_9)
FN:145,(anonymous_10)
FN:171,(anonymous_11)
FN:184,(anonymous_12)
FN:186,(anonymous_13)
FN:190,(anonymous_14)
FNF:15
FNH:12
FNDA:3,(anonymous_0)
FNDA:5,(anonymous_1)
FNDA:5,(anonymous_2)
FNDA:1,(anonymous_3)
FNDA:1,(anonymous_4)
FNDA:3,(anonymous_5)
FNDA:0,(anonymous_6)
FNDA:2,(anonymous_7)
FNDA:1,(anonymous_8)
FNDA:5,(anonymous_9)
FNDA:6,(anonymous_10)
FNDA:3,(anonymous_11)
FNDA:0,(anonymous_12)
FNDA:0,(anonymous_13)
FNDA:5,(anonymous_14)
DA:1,3
DA:5,3
DA:7,3
DA:9,3
DA:11,3
DA:12,1
DA:13,1
DA:16,2
DA:17,2
DA:18,2
DA:19,2
DA:21,2
DA:22,2
DA:27,2
DA:33,2
DA:38,5
DA:39,5
DA:41,5
DA:43,5
DA:44,5
DA:45,5
DA:46,5
DA:48,5
DA:49,5
DA:50,5
DA:51,5
DA:53,5
DA:54,5
DA:55,1
DA:57,4
DA:60,5
DA:61,5
DA:62,5
DA:63,5
DA:65,5
DA:66,0
DA:67,0
DA:68,0
DA:69,0
DA:70,0
DA:72,5
DA:73,5
DA:74,5
DA:75,5
DA:76,5
DA:78,5
DA:79,1
DA:81,1
DA:82,1
DA:83,1
DA:85,1
DA:86,1
DA:93,3
DA:94,3
DA:95,3
DA:97,3
DA:98,2
DA:99,1
DA:100,1
DA:103,3
DA:104,3
DA:108,0
DA:109,0
DA:110,0
DA:114,2
DA:115,2
DA:116,2
DA:118,2
DA:120,2
DA:121,1
DA:124,2
DA:125,2
DA:129,1
DA:130,1
DA:134,5
DA:135,5
DA:136,5
DA:137,5
DA:138,5
DA:140,5
DA:142,5
DA:143,5
DA:145,5
DA:146,6
DA:147,6
DA:148,6
DA:149,6
DA:150,6
DA:151,6
DA:152,6
DA:153,6
DA:155,6
DA:162,6
DA:165,5
DA:166,5
DA:167,5
DA:168,5
DA:172,3
DA:173,3
DA:175,3
DA:176,3
DA:178,3
DA:180,3
DA:182,3
DA:184,3
DA:185,0
DA:186,0
DA:191,5
DA:192,0
DA:195,5
DA:196,1
DA:197,1
DA:198,1
DA:199,1
DA:200,1
DA:201,1
DA:203,1
DA:204,0
DA:205,0
DA:206,0
DA:207,0
DA:208,0
DA:209,0
DA:211,1
DA:212,0
DA:214,1
DA:216,1
DA:217,1
DA:218,1
DA:224,3
DA:225,3
LF:131
LH:113
BRDA:7,0,0,0
BRDA:7,0,1,3
BRDA:11,1,0,1
BRDA:11,1,1,2
BRDA:22,2,0,1
BRDA:22,2,1,1
BRDA:41,3,0,0
BRDA:41,3,1,5
BRDA:51,4,0,5
BRDA:51,4,1,1
BRDA:54,5,0,1
BRDA:54,5,1,4
BRDA:65,6,0,0
BRDA:65,6,1,5
BRDA:97,7,0,2
BRDA:97,7,1,1
BRDA:97,8,0,3
BRDA:97,8,1,2
BRDA:99,9,0,1
BRDA:99,9,1,0
BRDA:120,10,0,1
BRDA:120,10,1,1
BRDA:120,11,0,2
BRDA:120,11,1,2
BRDA:140,12,0,0
BRDA:140,12,1,5
BRDA:165,13,0,5
BRDA:165,13,1,0
BRDA:166,14,0,0
BRDA:166,14,1,5
BRDA:167,15,0,0
BRDA:167,15,1,5
BRDA:168,16,0,5
BRDA:168,16,1,0
BRDA:171,17,0,0
BRDA:173,18,0,0
BRDA:173,18,1,3
BRDA:178,19,0,3
BRDA:178,19,1,0
BRDA:191,20,0,0
BRDA:191,20,1,5
BRDA:191,21,0,5
BRDA:191,21,1,3
BRDA:195,22,0,1
BRDA:195,22,1,4
BRDA:195,23,0,5
BRDA:195,23,1,3
BRDA:201,24,0,0
BRDA:201,24,1,1
BRDA:201,25,0,1
BRDA:201,25,1,1
BRDA:201,25,2,1
BRDA:203,26,0,0
BRDA:203,26,1,1
BRDA:211,27,0,0
BRDA:211,27,1,1
BRDA:224,28,0,3
BRDA:224,28,1,0
BRDA:224,29,0,3
BRDA:224,29,1,3
BRF:60
BRH:43
end_of_record
TN:
SF:js\services\cartService.js
FN:5,(anonymous_0)
FN:15,(anonymous_1)
FN:24,(anonymous_2)
FN:26,(anonymous_3)
FN:31,(anonymous_4)
FN:59,(anonymous_5)
FN:60,(anonymous_6)
FN:66,(anonymous_7)
FN:67,(anonymous_8)
FN:70,(anonymous_9)
FNF:10
FNH:8
FNDA:5,(anonymous_0)
FNDA:1,(anonymous_1)
FNDA:8,(anonymous_2)
FNDA:8,(anonymous_3)
FNDA:2,(anonymous_4)
FNDA:0,(anonymous_5)
FNDA:0,(anonymous_6)
FNDA:7,(anonymous_7)
FNDA:9,(anonymous_8)
FNDA:7,(anonymous_9)
DA:1,3
DA:16,1
DA:17,1
DA:19,1
DA:20,1
DA:25,8
DA:26,8
DA:27,8
DA:29,8
DA:31,8
DA:32,8
DA:34,8
DA:35,2
DA:36,2
DA:38,2
DA:41,6
DA:43,6
DA:44,6
DA:47,6
DA:48,0
DA:50,6
DA:53,6
DA:54,6
DA:55,6
DA:60,0
DA:61,0
DA:62,0
DA:67,9
DA:71,7
DA:75,3
DA:76,3
LF:31
LH:27
BRDA:17,0,0,1
BRDA:17,0,1,1
BRDA:19,1,0,1
BRDA:19,1,1,0
BRDA:19,2,0,1
BRDA:19,2,1,1
BRDA:24,3,0,1
BRDA:25,4,0,8
BRDA:25,4,1,1
BRDA:26,5,0,1
BRDA:26,5,1,7
BRDA:27,6,0,1
BRDA:27,6,1,7
BRDA:27,7,0,1
BRDA:27,7,1,0
BRDA:29,8,0,0
BRDA:29,8,1,8
BRDA:32,9,0,1
BRDA:32,9,1,7
BRDA:34,10,0,2
BRDA:34,10,1,6
BRDA:35,11,0,2
BRDA:35,11,1,0
BRDA:35,12,0,2
BRDA:35,12,1,2
BRDA:43,13,0,6
BRDA:43,13,1,0
BRDA:43,14,0,6
BRDA:43,14,1,6
BRDA:47,15,0,0
BRDA:47,15,1,6
BRDA:53,16,0,6
BRDA:53,16,1,0
BRDA:54,17,0,6
BRDA:54,17,1,0
BRDA:55,18,0,5
BRDA:55,18,1,1
BRDA:61,19,0,0
BRDA:61,19,1,0
BRDA:61,20,0,0
BRDA:61,20,1,0
BRDA:75,21,0,3
BRDA:75,21,1,0
BRDA:75,22,0,3
BRDA:75,22,1,3
BRF:45
BRH:32
end_of_record
